[003eca] 3eca CD7E3E CALL 3E7Eh     AF=0100 BC=00ee DE=68a6 HL=5b13 SP=dfcd P1=0f4000 vc=59 BI
[003e7e] 3e7e E0B8   LD (FFB8h),A   AF=0100 BC=00ee DE=68a6 HL=5b13 SP=dfcb P1=0f4000 vc=59 BI
[003e80] 3e80 EA0020 LD (2000h),A   AF=0100 BC=00ee DE=68a6 HL=5b13 SP=dfcb P1=0f4000 vc=59 bI
[003e83] 3e83 C9     RET            AF=0100 BC=00ee DE=68a6 HL=5b13 SP=dfcb P1=004000 vc=59 bI
[003ecd] 3ecd 11D23E LD DE,3ED2h    AF=0100 BC=00ee DE=68a6 HL=5b13 SP=dfcd P1=004000 vc=59 bI
[003ed0] 3ed0 D5     PUSH DE        AF=0100 BC=00ee DE=3ed2 HL=5b13 SP=dfcd P1=004000 vc=59 bI
[003ed1] 3ed1 E9     LD PC,HL       AF=0100 BC=00ee DE=3ed2 HL=5b13 SP=dfcb P1=004000 vc=59 bI
[005b13] 5b13 FA2AD1 LD A,(D12Ah)   AF=0100 BC=00ee DE=3ed2 HL=5b13 SP=dfcb P1=004000 vc=59 bI
[005b16] 5b16 FE02   CP 02h         AF=0000 BC=00ee DE=3ed2 HL=5b13 SP=dfcb P1=004000 vc=59 bI
[005b18] 5b18 280F   JR Z,5B29h     AF=0070 BC=00ee DE=3ed2 HL=5b13 SP=dfcb P1=004000 vc=59 bI
[005b1a] 5b1a FE03   CP 03h         AF=0070 BC=00ee DE=3ed2 HL=5b13 SP=dfcb P1=004000 vc=59 bI
[005b1c] 5b1c 280B   JR Z,5B29h     AF=0070 BC=00ee DE=3ed2 HL=5b13 SP=dfcb P1=004000 vc=59 bI
[005b1e] 5b1e FE05   CP 05h         AF=0070 BC=00ee DE=3ed2 HL=5b13 SP=dfcb P1=004000 vc=59 bI
[005b20] 5b20 C0     RET NZ         AF=0070 BC=00ee DE=3ed2 HL=5b13 SP=dfcb P1=004000 vc=59 bI
[003ed2] 3ed2 F1     POP AF         AF=0070 BC=00ee DE=3ed2 HL=5b13 SP=dfcd P1=004000 vc=59 bI
[003ed3] 3ed3 CD7E3E CALL 3E7Eh     AF=2880 BC=00ee DE=3ed2 HL=5b13 SP=dfcf P1=004000 vc=59 bI
[003ed6] 3ed6 C9     RET            AF=2880 BC=00ee DE=3ed2 HL=5b13 SP=dfcf P1=0a0000 vc=60 BI
[003881] 3881 F0B5   LD A,(FFB5h)   AF=2880 BC=00ee DE=3ed2 HL=5b13 SP=dfd1 P1=0a0000 vc=60 BI
[003883] 3883 E603   AND 03h        AF=0080 BC=00ee DE=3ed2 HL=5b13 SP=dfd1 P1=0a0000 vc=60 BI
[003885] 3885 28D8   JR Z,385Fh     AF=00a0 BC=00ee DE=3ed2 HL=5b13 SP=dfd1 P1=0a0000 vc=60 BI
[00385f] 385f E5     PUSH HL        AF=00a0 BC=00ee DE=3ed2 HL=5b13 SP=dfd1 P1=0a0000 vc=60 BI
[003860] 3860 FA9AD0 LD A,(D09Ah)   AF=00a0 BC=00ee DE=3ed2 HL=5b13 SP=dfcf P1=0a0000 vc=60 BI
[003863] 3863 A7     AND A          AF=00a0 BC=00ee DE=3ed2 HL=5b13 SP=dfcf P1=0a0000 vc=60 BI
[003864] 3864 280C   JR Z,3872h     AF=00a0 BC=00ee DE=3ed2 HL=5b13 SP=dfcf P1=0a0000 vc=60 BI
[003872] 3872 21F2C4 LD HL,C4F2h    AF=00a0 BC=00ee DE=3ed2 HL=5b13 SP=dfcf P1=0a0000 vc=60 BI
[003875] 3875 CDF13B CALL 3BF1h     AF=00a0 BC=00ee DE=3ed2 HL=c4f2 SP=dfcf P1=0a0000 vc=60 BI
[003bf1] 3bf1 7E     LD A,(HL)      AF=00a0 BC=00ee DE=3ed2 HL=c4f2 SP=dfcd P1=0a0000 vc=60 BI
[003bf2] 3bf2 47     LD B,A         AF=eea0 BC=00ee DE=3ed2 HL=c4f2 SP=dfcd P1=0a0000 vc=60 BI
[003bf3] 3bf3 3EEE   LD A,EEh       AF=eea0 BC=eeee DE=3ed2 HL=c4f2 SP=dfcd P1=0a0000 vc=60 BI
[003bf5] 3bf5 B8     CP B           AF=eea0 BC=eeee DE=3ed2 HL=c4f2 SP=dfcd P1=0a0000 vc=60 BI
[003bf6] 3bf6 2018   JR NZ,3C10h    AF=eec0 BC=eeee DE=3ed2 HL=c4f2 SP=dfcd P1=0a0000 vc=60 BI
[003bf8] 3bf8 F08B   LD A,(FF8Bh)   AF=eec0 BC=eeee DE=3ed2 HL=c4f2 SP=dfcd P1=0a0000 vc=60 BI
[003bfa] 3bfa 3D     DEC A          AF=b6c0 BC=eeee DE=3ed2 HL=c4f2 SP=dfcd P1=0a0000 vc=60 BI
[003bfb] 3bfb E08B   LD (FF8Bh),A   AF=b540 BC=eeee DE=3ed2 HL=c4f2 SP=dfcd P1=0a0000 vc=60 BI
[003bfd] 3bfd C0     RET NZ         AF=b540 BC=eeee DE=3ed2 HL=c4f2 SP=dfcd P1=0a0000 vc=60 BI
[003878] 3878 E1     POP HL         AF=b540 BC=eeee DE=3ed2 HL=c4f2 SP=dfcf P1=0a0000 vc=60 BI
[003879] 3879 CD1E38 CALL 381Eh     AF=b540 BC=eeee DE=3ed2 HL=5b13 SP=dfd1 P1=0a0000 vc=60 BI
[00381e] 381e CDB901 CALL 01B9h     AF=b540 BC=eeee DE=3ed2 HL=5b13 SP=dfcf P1=0a0000 vc=60 bI
[0001b9] 01b9 F0B8   LD A,(FFB8h)   AF=b540 BC=eeee DE=3ed2 HL=5b13 SP=dfcd P1=0a0000 vc=60 bI
[0001bb] 01bb F5     PUSH AF        AF=2840 BC=eeee DE=3ed2 HL=5b13 SP=dfcd P1=0a0000 vc=60 bI
[0001bc] 01bc 3E03   LD A,03h       AF=2840 BC=eeee DE=3ed2 HL=5b13 SP=dfcb P1=0a0000 vc=60 bI
[0001be] 01be CD7E3E CALL 3E7Eh     AF=0340 BC=eeee DE=3ed2 HL=5b13 SP=dfcb P1=0a0000 vc=60 bI
[0001c1] 01c1 CD2D40 CALL 402Dh     AF=0340 BC=eeee DE=3ed2 HL=5b13 SP=dfcb P1=00c000 vc=60 bI
[00c02d] 402d F0F5   LD A,(FFF5h)   AF=0340 BC=eeee DE=3ed2 HL=5b13 SP=dfc9 P1=00c000 vc=60 bI
[00c02f] 402f 47     LD B,A         AF=0040 BC=eeee DE=3ed2 HL=5b13 SP=dfc9 P1=00c000 vc=60 bI
[00c030] 4030 E64F   AND 4Fh        AF=0040 BC=00ee DE=3ed2 HL=5b13 SP=dfc9 P1=00c000 vc=60 bI
[00c032] 4032 FE0F   CP 0Fh         AF=00a0 BC=00ee DE=3ed2 HL=5b13 SP=dfc9 P1=00c000 vc=60 bI
[00c034] 4034 CA6B40 JP Z,406Bh     AF=0070 BC=00ee DE=3ed2 HL=5b13 SP=dfc9 P1=00c000 vc=61 BI
[00c037] 4037 F0B1   LD A,(FFB1h)   AF=0070 BC=00ee DE=3ed2 HL=5b13 SP=dfc9 P1=00c000 vc=61 BI
[00c039] 4039 5F     LD E,A         AF=0070 BC=00ee DE=3ed2 HL=5b13 SP=dfc9 P1=00c000 vc=61 BI
[00c03a] 403a A8     XOR B          AF=0070 BC=00ee DE=3e00 HL=5b13 SP=dfc9 P1=00c000 vc=61 BI
[00c03b] 403b 57     LD D,A         AF=0080 BC=00ee DE=3e00 HL=5b13 SP=dfc9 P1=00c000 vc=61 BI
[00c03c] 403c A3     AND E          AF=0080 BC=00ee DE=0000 HL=5b13 SP=dfc9 P1=00c000 vc=61 BI
[00c03d] 403d E0B2   LD (FFB2h),A   AF=00a0 BC=00ee DE=0000 HL=5b13 SP=dfc9 P1=00c000 vc=61 BI
[00c03f] 403f 7A     LD A,D         AF=00a0 BC=00ee DE=0000 HL=5b13 SP=dfc9 P1=00c000 vc=61 BI
[00c040] 4040 A0     AND B          AF=00a0 BC=00ee DE=0000 HL=5b13 SP=dfc9 P1=00c000 vc=61 BI
[00c041] 4041 E0B3   LD (FFB3h),A   AF=00a0 BC=00ee DE=0000 HL=5b13 SP=dfc9 P1=00c000 vc=61 BI
[00c043] 4043 78     LD A,B         AF=00a0 BC=00ee DE=0000 HL=5b13 SP=dfc9 P1=00c000 vc=61 BI
[00c044] 4044 E0B1   LD (FFB1h),A   AF=00a0 BC=00ee DE=0000 HL=5b13 SP=dfc9 P1=00c000 vc=61 BI
[00c046] 4046 FA2FD7 LD A,(D72Fh)   AF=00a0 BC=00ee DE=0000 HL=5b13 SP=dfc9 P1=00c000 vc=61 BI
[00c049] 4049 CB6F   BIT 5,A        AF=00a0 BC=00ee DE=0000 HL=5b13 SP=dfc9 P1=00c000 vc=61 BI
[00c04b] 404b 2016   JR NZ,4063h    AF=00a0 BC=00ee DE=0000 HL=5b13 SP=dfc9 P1=00c000 vc=61 BI
[00c04d] 404d F0B1   LD A,(FFB1h)   AF=00a0 BC=00ee DE=0000 HL=5b13 SP=dfc9 P1=00c000 vc=61 BI
[00c04f] 404f E0B4   LD (FFB4h),A   AF=00a0 BC=00ee DE=0000 HL=5b13 SP=dfc9 P1=00c000 vc=61 BI
[00c051] 4051 FA6BCD LD A,(CD6Bh)   AF=00a0 BC=00ee DE=0000 HL=5b13 SP=dfc9 P1=00c000 vc=61 BI
[00c054] 4054 A7     AND A          AF=00a0 BC=00ee DE=0000 HL=5b13 SP=dfc9 P1=00c000 vc=61 BI
[00c055] 4055 C8     RET Z          AF=00a0 BC=00ee DE=0000 HL=5b13 SP=dfc9 P1=00c000 vc=61 BI
[0001c4] 01c4 F1     POP AF         AF=00a0 BC=00ee DE=0000 HL=5b13 SP=dfcb P1=00c000 vc=61 BI
[0001c5] 01c5 C37E3E JP 3E7Eh       AF=2840 BC=00ee DE=0000 HL=5b13 SP=dfcd P1=00c000 vc=61 BI
[003821] 3821 F0B7   LD A,(FFB7h)   AF=2840 BC=00ee DE=0000 HL=5b13 SP=dfcf P1=0a0000 vc=61 bI
[003823] 3823 A7     AND A          AF=0040 BC=00ee DE=0000 HL=5b13 SP=dfcf P1=0a0000 vc=61 bI
[003824] 3824 F0B3   LD A,(FFB3h)   AF=00a0 BC=00ee DE=0000 HL=5b13 SP=dfcf P1=0a0000 vc=61 bI
[003826] 3826 2802   JR Z,382Ah     AF=00a0 BC=00ee DE=0000 HL=5b13 SP=dfcf P1=0a0000 vc=61 bI
[00382a] 382a E0B5   LD (FFB5h),A   AF=00a0 BC=00ee DE=0000 HL=5b13 SP=dfcf P1=0a0000 vc=61 bI
[00382c] 382c F0B3   LD A,(FFB3h)   AF=00a0 BC=00ee DE=0000 HL=5b13 SP=dfcf P1=0a0000 vc=61 bI
[00382e] 382e A7     AND A          AF=00a0 BC=00ee DE=0000 HL=5b13 SP=dfcf P1=0a0000 vc=61 bI
[00382f] 382f 2805   JR Z,3836h     AF=00a0 BC=00ee DE=0000 HL=5b13 SP=dfcf P1=0a0000 vc=61 bI
[003836] 3836 F0D5   LD A,(FFD5h)   AF=00a0 BC=00ee DE=0000 HL=5b13 SP=dfcf P1=0a0000 vc=61 bI
[003838] 3838 A7     AND A          AF=05a0 BC=00ee DE=0000 HL=5b13 SP=dfcf P1=0a0000 vc=61 bI
[003839] 3839 2804   JR Z,383Fh     AF=0520 BC=00ee DE=0000 HL=5b13 SP=dfcf P1=0a0000 vc=61 bI
[00383b] 383b AF     XOR A          AF=0520 BC=00ee DE=0000 HL=5b13 SP=dfcf P1=0a0000 vc=61 bI
[00383c] 383c E0B5   LD (FFB5h),A   AF=0080 BC=00ee DE=0000 HL=5b13 SP=dfcf P1=0a0000 vc=61 bI
[00383e] 383e C9     RET            AF=0080 BC=00ee DE=0000 HL=5b13 SP=dfcf P1=0a0000 vc=61 bI
[00387c] 387c 3E2D   LD A,2Dh       AF=0080 BC=00ee DE=0000 HL=5b13 SP=dfd1 P1=0a0000 vc=61 bI
[00387e] 387e CDB43E CALL 3EB4h     AF=2d80 BC=00ee DE=0000 HL=5b13 SP=dfd1 P1=0a0000 vc=61 bI
[003eb4] 3eb4 EA4ECC LD (CC4Eh),A   AF=2d80 BC=00ee DE=0000 HL=5b13 SP=dfcf P1=0a0000 vc=61 bI
[003eb7] 3eb7 F0B8   LD A,(FFB8h)   AF=2d80 BC=00ee DE=0000 HL=5b13 SP=dfcf P1=0a0000 vc=61 bI
[003eb9] 3eb9 EA12CF LD (CF12h),A   AF=2880 BC=00ee DE=0000 HL=5b13 SP=dfcf P1=0a0000 vc=61 bI
[003ebc] 3ebc F5     PUSH AF        AF=2880 BC=00ee DE=0000 HL=5b13 SP=dfcf P1=0a0000 vc=62 BI
[003ebd] 3ebd 3E3D   LD A,3Dh       AF=2880 BC=00ee DE=0000 HL=5b13 SP=dfcd P1=0a0000 vc=62 BI
[003ebf] 3ebf E0B8   LD (FFB8h),A   AF=3d80 BC=00ee DE=0000 HL=5b13 SP=dfcd P1=0a0000 vc=62 BI
[003ec1] 3ec1 EA0020 LD (2000h),A   AF=3d80 BC=00ee DE=0000 HL=5b13 SP=dfcd P1=0a0000 vc=62 BI
[003ec4] 3ec4 CDED67 CALL 67EDh     AF=3d80 BC=00ee DE=0000 HL=5b13 SP=dfcd P1=0f4000 vc=62 BI
[0f67ed] 67ed 7C     LD A,H         AF=3d80 BC=00ee DE=0000 HL=5b13 SP=dfcb P1=0f4000 vc=62 BI
[0f67ee] 67ee EA4FCC LD (CC4Fh),A   AF=5b80 BC=00ee DE=0000 HL=5b13 SP=dfcb P1=0f4000 vc=62 BI
[0f67f1] 67f1 7D     LD A,L         AF=5b80 BC=00ee DE=0000 HL=5b13 SP=dfcb P1=0f4000 vc=62 BI
[0f67f2] 67f2 EA50CC LD (CC50h),A   AF=1380 BC=00ee DE=0000 HL=5b13 SP=dfcb P1=0f4000 vc=62 BI
[0f67f5] 67f5 2151CC LD HL,CC51h    AF=1380 BC=00ee DE=0000 HL=5b13 SP=dfcb P1=0f4000 vc=62 BI
[0f67f8] 67f8 7A     LD A,D         AF=1380 BC=00ee DE=0000 HL=cc51 SP=dfcb P1=0f4000 vc=62 BI
[0f67f9] 67f9 22     LDI (HL),A     AF=0080 BC=00ee DE=0000 HL=cc51 SP=dfcb P1=0f4000 vc=62 BI
[0f67fa] 67fa 7B     LD A,E         AF=0080 BC=00ee DE=0000 HL=cc52 SP=dfcb P1=0f4000 vc=62 BI
[0f67fb] 67fb 22     LDI (HL),A     AF=0080 BC=00ee DE=0000 HL=cc52 SP=dfcb P1=0f4000 vc=62 BI
[0f67fc] 67fc 78     LD A,B         AF=0080 BC=00ee DE=0000 HL=cc53 SP=dfcb P1=0f4000 vc=62 BI
[0f67fd] 67fd 22     LDI (HL),A     AF=0080 BC=00ee DE=0000 HL=cc53 SP=dfcb P1=0f4000 vc=62 BI
[0f67fe] 67fe 71     LD (HL),C      AF=0080 BC=00ee DE=0000 HL=cc54 SP=dfcb P1=0f4000 vc=62 BI
[0f67ff] 67ff 211D68 LD HL,681Dh    AF=0080 BC=00ee DE=0000 HL=cc54 SP=dfcb P1=0f4000 vc=62 BI
[0f6802] 6802 110000 LD DE,0000h    AF=0080 BC=00ee DE=0000 HL=681d SP=dfcb P1=0f4000 vc=62 BI
[0f6805] 6805 FA4ECC LD A,(CC4Eh)   AF=0080 BC=00ee DE=0000 HL=681d SP=dfcb P1=0f4000 vc=62 BI
[0f6808] 6808 5F     LD E,A         AF=2d80 BC=00ee DE=0000 HL=681d SP=dfcb P1=0f4000 vc=62 BI
[0f6809] 6809 87     ADD A,A        AF=2d80 BC=00ee DE=002d HL=681d SP=dfcb P1=0f4000 vc=62 BI
[0f680a] 680a 83     ADD A,E        AF=5a20 BC=00ee DE=002d HL=681d SP=dfcb P1=0f4000 vc=62 BI
[0f680b] 680b 5F     LD E,A         AF=8720 BC=00ee DE=002d HL=681d SP=dfcb P1=0f4000 vc=62 BI
[0f680c] 680c 3001   JR NC,680Fh    AF=8720 BC=00ee DE=0087 HL=681d SP=dfcb P1=0f4000 vc=62 BI
[0f680f] 680f 19     ADD HL,DE      AF=8720 BC=00ee DE=0087 HL=681d SP=dfcb P1=0f4000 vc=62 bI
[0f6810] 6810 54     LD D,H         AF=8700 BC=00ee DE=0087 HL=68a4 SP=dfcb P1=0f4000 vc=62 bI
[0f6811] 6811 5D     LD E,L         AF=8700 BC=00ee DE=6887 HL=68a4 SP=dfcb P1=0f4000 vc=62 bI
[0f6812] 6812 1A     LD A,(DE)      AF=8700 BC=00ee DE=68a4 HL=68a4 SP=dfcb P1=0f4000 vc=62 bI
[0f6813] 6813 EAB6D0 LD (D0B6h),A   AF=0100 BC=00ee DE=68a4 HL=68a4 SP=dfcb P1=0f4000 vc=62 bI
[0f6816] 6816 13     INC DE         AF=0100 BC=00ee DE=68a4 HL=68a4 SP=dfcb P1=0f4000 vc=62 bI
[0f6817] 6817 1A     LD A,(DE)      AF=0100 BC=00ee DE=68a5 HL=68a4 SP=dfcb P1=0f4000 vc=62 bI
[0f6818] 6818 6F     LD L,A         AF=1300 BC=00ee DE=68a5 HL=68a4 SP=dfcb P1=0f4000 vc=62 bI
[0f6819] 6819 13     INC DE         AF=1300 BC=00ee DE=68a5 HL=6813 SP=dfcb P1=0f4000 vc=62 bI
[0f681a] 681a 1A     LD A,(DE)      AF=1300 BC=00ee DE=68a6 HL=6813 SP=dfcb P1=0f4000 vc=62 bI
[0f681b] 681b 67     LD H,A         AF=5b00 BC=00ee DE=68a6 HL=6813 SP=dfcb P1=0f4000 vc=62 bI
[0f681c] 681c C9     RET            AF=5b00 BC=00ee DE=68a6 HL=5b13 SP=dfcb P1=0f4000 vc=62 bI
[003ec7] 3ec7 FAB6D0 LD A,(D0B6h)   AF=5b00 BC=00ee DE=68a6 HL=5b13 SP=dfcd P1=0f4000 vc=62 bI
[000040] 0040 C3E51D JP 1DE5h       AF=2840 BC=00ee DE=0000 HL=5b13 SP=dfcb P1=00c000 vc=144 bI
[001de5] 1de5 F5     PUSH AF        AF=2840 BC=00ee DE=0000 HL=5b13 SP=dfcb P1=00c000 vc=144 bI
[001de6] 1de6 C5     PUSH BC        AF=2840 BC=00ee DE=0000 HL=5b13 SP=dfc9 P1=00c000 vc=144 bI
[001de7] 1de7 D5     PUSH DE        AF=2840 BC=00ee DE=0000 HL=5b13 SP=dfc7 P1=00c000 vc=144 bI
[001de8] 1de8 E5     PUSH HL        AF=2840 BC=00ee DE=0000 HL=5b13 SP=dfc5 P1=00c000 vc=144 bI
[001de9] 1de9 F04F   LD A,(FF4Fh)   AF=2840 BC=00ee DE=0000 HL=5b13 SP=dfc3 P1=00c000 vc=144 bI
[001deb] 1deb F5     PUSH AF        AF=fe40 BC=00ee DE=0000 HL=5b13 SP=dfc3 P1=00c000 vc=144 bI
[001dec] 1dec AF     XOR A          AF=fe40 BC=00ee DE=0000 HL=5b13 SP=dfc1 P1=00c000 vc=144 bI
[001ded] 1ded E04F   LD (FF4Fh),A   AF=0080 BC=00ee DE=0000 HL=5b13 SP=dfc1 P1=00c000 vc=144 bI
[001def] 1def F0B8   LD A,(FFB8h)   AF=0080 BC=00ee DE=0000 HL=5b13 SP=dfc1 P1=00c000 vc=144 bI
[001df1] 1df1 EA21D1 LD (D121h),A   AF=0380 BC=00ee DE=0000 HL=5b13 SP=dfc1 P1=00c000 vc=144 bI
[001df4] 1df4 F0AE   LD A,(FFAEh)   AF=0380 BC=00ee DE=0000 HL=5b13 SP=dfc1 P1=00c000 vc=144 bI
[001df6] 1df6 E043   LD (FF43h),A   AF=0080 BC=00ee DE=0000 HL=5b13 SP=dfc1 P1=00c000 vc=144 bI
[001df8] 1df8 F0AF   LD A,(FFAFh)   AF=0080 BC=00ee DE=0000 HL=5b13 SP=dfc1 P1=00c000 vc=144 bI
[001dfa] 1dfa E042   LD (FF42h),A   AF=0080 BC=00ee DE=0000 HL=5b13 SP=dfc1 P1=00c000 vc=144 bI
[001dfc] 1dfc FA9FD0 LD A,(D09Fh)   AF=0080 BC=00ee DE=0000 HL=5b13 SP=dfc1 P1=00c000 vc=144 bI
[001dff] 1dff A7     AND A          AF=0080 BC=00ee DE=0000 HL=5b13 SP=dfc1 P1=00c000 vc=144 bI
[001e00] 1e00 2004   JR NZ,1E06h    AF=00a0 BC=00ee DE=0000 HL=5b13 SP=dfc1 P1=00c000 vc=144 bI
[001e02] 1e02 F0B0   LD A,(FFB0h)   AF=00a0 BC=00ee DE=0000 HL=5b13 SP=dfc1 P1=00c000 vc=144 bI
[001e04] 1e04 E04A   LD (FF4Ah),A   AF=00a0 BC=00ee DE=0000 HL=5b13 SP=dfc1 P1=00c000 vc=144 bI
[001e06] 1e06 CD301B CALL 1B30h     AF=00a0 BC=00ee DE=0000 HL=5b13 SP=dfc1 P1=00c000 vc=144 bI
[001b30] 1b30 F0BA   LD A,(FFBAh)   AF=00a0 BC=00ee DE=0000 HL=5b13 SP=dfbf P1=00c000 vc=144 bI
[001b32] 1b32 A7     AND A          AF=01a0 BC=00ee DE=0000 HL=5b13 SP=dfbf P1=00c000 vc=144 bI
[001b33] 1b33 C8     RET Z          AF=0120 BC=00ee DE=0000 HL=5b13 SP=dfbf P1=00c000 vc=144 bI
[001b34] 1b34 08BFFF LD (FFBFh),SP  AF=0120 BC=00ee DE=0000 HL=5b13 SP=dfbf P1=00c000 vc=144 bI
[001b37] 1b37 F0BB   LD A,(FFBBh)   AF=0120 BC=00ee DE=0000 HL=5b13 SP=dfbf P1=00c000 vc=144 bI
[001b39] 1b39 A7     AND A          AF=0120 BC=00ee DE=0000 HL=5b13 SP=dfbf P1=00c000 vc=144 bI
[001b3a] 1b3a 2814   JR Z,1B50h     AF=0120 BC=00ee DE=0000 HL=5b13 SP=dfbf P1=00c000 vc=144 bI
[001b3c] 1b3c 3D     DEC A          AF=0120 BC=00ee DE=0000 HL=5b13 SP=dfbf P1=00c000 vc=144 bI
[001b3d] 1b3d 281F   JR Z,1B5Eh     AF=00c0 BC=00ee DE=0000 HL=5b13 SP=dfbf P1=00c000 vc=144 bI
[001b5e] 1b5e 2118C4 LD HL,C418h    AF=00c0 BC=00ee DE=0000 HL=5b13 SP=dfbf P1=00c000 vc=144 bI
[001b61] 1b61 F9     LD SP,HL       AF=00c0 BC=00ee DE=0000 HL=c418 SP=dfbf P1=00c000 vc=144 bI
[001b62] 1b62 F0BD   LD A,(FFBDh)   AF=00c0 BC=00ee DE=0000 HL=c418 SP=c418 P1=00c000 vc=144 bI
[001b64] 1b64 67     LD H,A         AF=9cc0 BC=00ee DE=0000 HL=c418 SP=c418 P1=00c000 vc=144 bI
[001b65] 1b65 F0BC   LD A,(FFBCh)   AF=9cc0 BC=00ee DE=0000 HL=9c18 SP=c418 P1=00c000 vc=144 bI
[001b67] 1b67 6F     LD L,A         AF=00c0 BC=00ee DE=0000 HL=9c18 SP=c418 P1=00c000 vc=145 bI
[001b68] 1b68 11C000 LD DE,00C0h    AF=00c0 BC=00ee DE=0000 HL=9c00 SP=c418 P1=00c000 vc=145 bI
[001b6b] 1b6b 19     ADD HL,DE      AF=00c0 BC=00ee DE=00c0 HL=9c00 SP=c418 P1=00c000 vc=145 bI
[001b6c] 1b6c 3E02   LD A,02h       AF=0080 BC=00ee DE=00c0 HL=9cc0 SP=c418 P1=00c000 vc=145 bI
[001b6e] 1b6e E0BB   LD (FFBBh),A   AF=0280 BC=00ee DE=00c0 HL=9cc0 SP=c418 P1=00c000 vc=145 bI
[001b70] 1b70 0606   LD B,06h       AF=0280 BC=00ee DE=00c0 HL=9cc0 SP=c418 P1=00c000 vc=145 bI
[001b72] 1b72 D1     POP DE         AF=0280 BC=06ee DE=00c0 HL=9cc0 SP=c418 P1=00c000 vc=145 bI
[001b73] 1b73 73     LD (HL),E      AF=0280 BC=06ee DE=7f7f HL=9cc0 SP=c41a P1=00c000 vc=145 bI
[001b74] 1b74 2C     INC L          AF=0280 BC=06ee DE=7f7f HL=9cc0 SP=c41a P1=00c000 vc=145 bI
[001b75] 1b75 72     LD (HL),D      AF=0200 BC=06ee DE=7f7f HL=9cc1 SP=c41a P1=00c000 vc=145 bI
[001b76] 1b76 2C     INC L          AF=0200 BC=06ee DE=7f7f HL=9cc1 SP=c41a P1=00c000 vc=145 bI
[001b77] 1b77 D1     POP DE         AF=0200 BC=06ee DE=7f7f HL=9cc2 SP=c41a P1=00c000 vc=145 bI
[001b78] 1b78 73     LD (HL),E      AF=0200 BC=06ee DE=7f7f HL=9cc2 SP=c41c P1=00c000 vc=145 bI
[001b79] 1b79 2C     INC L          AF=0200 BC=06ee DE=7f7f HL=9cc2 SP=c41c P1=00c000 vc=145 bI
[001b7a] 1b7a 72     LD (HL),D      AF=0200 BC=06ee DE=7f7f HL=9cc3 SP=c41c P1=00c000 vc=145 bI
[001b7b] 1b7b 2C     INC L          AF=0200 BC=06ee DE=7f7f HL=9cc3 SP=c41c P1=00c000 vc=145 bI
[001b7c] 1b7c D1     POP DE         AF=0200 BC=06ee DE=7f7f HL=9cc4 SP=c41c P1=00c000 vc=145 bI
[001b7d] 1b7d 73     LD (HL),E      AF=0200 BC=06ee DE=7f7f HL=9cc4 SP=c41e P1=00c000 vc=145 bI
[001b7e] 1b7e 2C     INC L          AF=0200 BC=06ee DE=7f7f HL=9cc4 SP=c41e P1=00c000 vc=145 bI
[001b7f] 1b7f 72     LD (HL),D      AF=0200 BC=06ee DE=7f7f HL=9cc5 SP=c41e P1=00c000 vc=145 bI
[001b80] 1b80 2C     INC L          AF=0200 BC=06ee DE=7f7f HL=9cc5 SP=c41e P1=00c000 vc=145 bI
[001b81] 1b81 D1     POP DE         AF=0200 BC=06ee DE=7f7f HL=9cc6 SP=c41e P1=00c000 vc=145 bI
[001b82] 1b82 73     LD (HL),E      AF=0200 BC=06ee DE=0902 HL=9cc6 SP=c420 P1=00c000 vc=145 bI
[001b83] 1b83 2C     INC L          AF=0200 BC=06ee DE=0902 HL=9cc6 SP=c420 P1=00c000 vc=145 bI
[001b84] 1b84 72     LD (HL),D      AF=0200 BC=06ee DE=0902 HL=9cc7 SP=c420 P1=00c000 vc=145 bI
[001b85] 1b85 2C     INC L          AF=0200 BC=06ee DE=0902 HL=9cc7 SP=c420 P1=00c000 vc=145 bI
[001b86] 1b86 D1     POP DE         AF=0200 BC=06ee DE=0902 HL=9cc8 SP=c420 P1=00c000 vc=145 bI
[001b87] 1b87 73     LD (HL),E      AF=0200 BC=06ee DE=1710 HL=9cc8 SP=c422 P1=00c000 vc=145 bI
[001b88] 1b88 2C     INC L          AF=0200 BC=06ee DE=1710 HL=9cc8 SP=c422 P1=00c000 vc=145 bI
[001b89] 1b89 72     LD (HL),D      AF=0200 BC=06ee DE=1710 HL=9cc9 SP=c422 P1=00c000 vc=145 bI
[001b8a] 1b8a 2C     INC L          AF=0200 BC=06ee DE=1710 HL=9cc9 SP=c422 P1=00c000 vc=145 bI
[001b8b] 1b8b D1     POP DE         AF=0200 BC=06ee DE=1710 HL=9cca SP=c422 P1=00c000 vc=145 bI
[001b8c] 1b8c 73     LD (HL),E      AF=0200 BC=06ee DE=251e HL=9cca SP=c424 P1=00c000 vc=145 bI
[001b8d] 1b8d 2C     INC L          AF=0200 BC=06ee DE=251e HL=9cca SP=c424 P1=00c000 vc=145 bI
[001b8e] 1b8e 72     LD (HL),D      AF=0200 BC=06ee DE=251e HL=9ccb SP=c424 P1=00c000 vc=145 bI
[001b8f] 1b8f 2C     INC L          AF=0200 BC=06ee DE=251e HL=9ccb SP=c424 P1=00c000 vc=145 bI
[001b90] 1b90 D1     POP DE         AF=0200 BC=06ee DE=251e HL=9ccc SP=c424 P1=00c000 vc=145 bI
[001b91] 1b91 73     LD (HL),E      AF=0200 BC=06ee DE=7f2c HL=9ccc SP=c426 P1=00c000 vc=145 bI
[001b92] 1b92 2C     INC L          AF=0200 BC=06ee DE=7f2c HL=9ccc SP=c426 P1=00c000 vc=145 bI
[001b93] 1b93 72     LD (HL),D      AF=0200 BC=06ee DE=7f2c HL=9ccd SP=c426 P1=00c000 vc=145 bI
[001b94] 1b94 2C     INC L          AF=0200 BC=06ee DE=7f2c HL=9ccd SP=c426 P1=00c000 vc=145 bI
[001b95] 1b95 D1     POP DE         AF=0200 BC=06ee DE=7f2c HL=9cce SP=c426 P1=00c000 vc=145 bI
[001b96] 1b96 73     LD (HL),E      AF=0200 BC=06ee DE=7f7f HL=9cce SP=c428 P1=00c000 vc=145 bI
[001b97] 1b97 2C     INC L          AF=0200 BC=06ee DE=7f7f HL=9cce SP=c428 P1=00c000 vc=145 bI
[001b98] 1b98 72     LD (HL),D      AF=0200 BC=06ee DE=7f7f HL=9ccf SP=c428 P1=00c000 vc=145 bI
[001b99] 1b99 2C     INC L          AF=0200 BC=06ee DE=7f7f HL=9ccf SP=c428 P1=00c000 vc=145 bI
[001b9a] 1b9a D1     POP DE         AF=0220 BC=06ee DE=7f7f HL=9cd0 SP=c428 P1=00c000 vc=145 bI
[001b9b] 1b9b 73     LD (HL),E      AF=0220 BC=06ee DE=7f7f HL=9cd0 SP=c42a P1=00c000 vc=145 bI
[001b9c] 1b9c 2C     INC L          AF=0220 BC=06ee DE=7f7f HL=9cd0 SP=c42a P1=00c000 vc=145 bI
[001b9d] 1b9d 72     LD (HL),D      AF=0200 BC=06ee DE=7f7f HL=9cd1 SP=c42a P1=00c000 vc=145 bI
[001b9e] 1b9e 2C     INC L          AF=0200 BC=06ee DE=7f7f HL=9cd1 SP=c42a P1=00c000 vc=145 bI
[001b9f] 1b9f D1     POP DE         AF=0200 BC=06ee DE=7f7f HL=9cd2 SP=c42a P1=00c000 vc=145 bI
[001ba0] 1ba0 73     LD (HL),E      AF=0200 BC=06ee DE=7f7f HL=9cd2 SP=c42c P1=00c000 vc=145 bI
[001ba1] 1ba1 2C     INC L          AF=0200 BC=06ee DE=7f7f HL=9cd2 SP=c42c P1=00c000 vc=145 bI
[001ba2] 1ba2 72     LD (HL),D      AF=0200 BC=06ee DE=7f7f HL=9cd3 SP=c42c P1=00c000 vc=145 bI
[001ba3] 1ba3 3E0D   LD A,0Dh       AF=0200 BC=06ee DE=7f7f HL=9cd3 SP=c42c P1=00c000 vc=145 bI
[001ba5] 1ba5 85     ADD A,L        AF=0d00 BC=06ee DE=7f7f HL=9cd3 SP=c42c P1=00c000 vc=145 bI
[001ba6] 1ba6 6F     LD L,A         AF=e020 BC=06ee DE=7f7f HL=9cd3 SP=c42c P1=00c000 vc=145 bI
[001ba7] 1ba7 3001   JR NC,1BAAh    AF=e020 BC=06ee DE=7f7f HL=9ce0 SP=c42c P1=00c000 vc=145 bI
[001baa] 1baa 05     DEC B          AF=e020 BC=06ee DE=7f7f HL=9ce0 SP=c42c P1=00c000 vc=145 bI
[001bab] 1bab 20C5   JR NZ,1B72h    AF=e040 BC=05ee DE=7f7f HL=9ce0 SP=c42c P1=00c000 vc=145 bI
[001ba9] 1ba9 24     INC H          AF=00b0 BC=05ee DE=7f7f HL=9c00 SP=c440 P1=00c000 vc=146 bI
[001bad] 1bad F0BF   LD A,(FFBFh)   AF=80c0 BC=00ee DE=7f7f HL=9d80 SP=c490 P1=00c000 vc=150 bI
[001baf] 1baf 6F     LD L,A         AF=bfc0 BC=00ee DE=7f7f HL=9d80 SP=c490 P1=00c000 vc=150 bI
[001bb0] 1bb0 F0C0   LD A,(FFC0h)   AF=bfc0 BC=00ee DE=7f7f HL=9dbf SP=c490 P1=00c000 vc=150 bI
[001bb2] 1bb2 67     LD H,A         AF=dfc0 BC=00ee DE=7f7f HL=9dbf SP=c490 P1=00c000 vc=150 bI
[001bb3] 1bb3 F9     LD SP,HL       AF=dfc0 BC=00ee DE=7f7f HL=dfbf SP=c490 P1=00c000 vc=150 bI
[001bb4] 1bb4 C9     RET            AF=dfc0 BC=00ee DE=7f7f HL=dfbf SP=dfbf P1=00c000 vc=150 bI
[001e09] 1e09 CDB51B CALL 1BB5h     AF=dfc0 BC=00ee DE=7f7f HL=dfbf SP=dfc1 P1=00c000 vc=150 bI
[001bb5] 1bb5 F0C1   LD A,(FFC1h)   AF=dfc0 BC=00ee DE=7f7f HL=dfbf SP=dfbf P1=00c000 vc=150 bI
[001bb7] 1bb7 A7     AND A          AF=00c0 BC=00ee DE=7f7f HL=dfbf SP=dfbf P1=00c000 vc=150 bI
[001bb8] 1bb8 C8     RET Z          AF=00a0 BC=00ee DE=7f7f HL=dfbf SP=dfbf P1=00c000 vc=150 bI
[001e0c] 1e0c CDDA1A CALL 1ADAh     AF=00a0 BC=00ee DE=7f7f HL=dfbf SP=dfc1 P1=00c000 vc=150 bI
[001ada] 1ada F0D0   LD A,(FFD0h)   AF=00a0 BC=00ee DE=7f7f HL=dfbf SP=dfbf P1=00c000 vc=150 bI
[001adc] 1adc A7     AND A          AF=00a0 BC=00ee DE=7f7f HL=dfbf SP=dfbf P1=00c000 vc=150 bI
[001add] 1add C8     RET Z          AF=00a0 BC=00ee DE=7f7f HL=dfbf SP=dfbf P1=00c000 vc=150 bI
[001e0f] 1e0f CD211C CALL 1C21h     AF=00a0 BC=00ee DE=7f7f HL=dfbf SP=dfc1 P1=00c000 vc=150 bI
[001c21] 1c21 F0C6   LD A,(FFC6h)   AF=00a0 BC=00ee DE=7f7f HL=dfbf SP=dfbf P1=00c000 vc=150 bI
[001c23] 1c23 A7     AND A          AF=00a0 BC=00ee DE=7f7f HL=dfbf SP=dfbf P1=00c000 vc=150 bI
[001c24] 1c24 C8     RET Z          AF=00a0 BC=00ee DE=7f7f HL=dfbf SP=dfbf P1=00c000 vc=150 bI
[001e12] 1e12 CDD11B CALL 1BD1h     AF=00a0 BC=00ee DE=7f7f HL=dfbf SP=dfc1 P1=00c000 vc=150 bI
[001bd1] 1bd1 F0CB   LD A,(FFCBh)   AF=00a0 BC=00ee DE=7f7f HL=dfbf SP=dfbf P1=00c000 vc=150 bI
[001bd3] 1bd3 A7     AND A          AF=00a0 BC=00ee DE=7f7f HL=dfbf SP=dfbf P1=00c000 vc=150 bI
[001bd4] 1bd4 C8     RET Z          AF=00a0 BC=00ee DE=7f7f HL=dfbf SP=dfbf P1=00c000 vc=150 bI
[001e15] 1e15 CD751C CALL 1C75h     AF=00a0 BC=00ee DE=7f7f HL=dfbf SP=dfc1 P1=00c000 vc=151 bI
[001c75] 1c75 F0D7   LD A,(FFD7h)   AF=00a0 BC=00ee DE=7f7f HL=dfbf SP=dfbf P1=00c000 vc=151 bI
[001c77] 1c77 A7     AND A          AF=00a0 BC=00ee DE=7f7f HL=dfbf SP=dfbf P1=00c000 vc=151 bI
[001c78] 1c78 C8     RET Z          AF=00a0 BC=00ee DE=7f7f HL=dfbf SP=dfbf P1=00c000 vc=151 bI
[001e18] 1e18 CD80FF CALL FF80h     AF=00a0 BC=00ee DE=7f7f HL=dfbf SP=dfc1 P1=00c000 vc=151 bI
[00ff80] ff80 3EC3   LD A,C3h       AF=00a0 BC=00ee DE=7f7f HL=dfbf SP=dfbf P1=00c000 vc=151 bI
[00ff82] ff82 E046   LD (FF46h),A   AF=c3a0 BC=00ee DE=7f7f HL=dfbf SP=dfbf P1=00c000 vc=151 bI
[00ff84] ff84 3E28   LD A,28h       AF=c3a0 BC=00ee DE=7f7f HL=dfbf SP=dfbf P1=00c000 vc=151 bI
[00ff86] ff86 3D     DEC A          AF=28a0 BC=00ee DE=7f7f HL=dfbf SP=dfbf P1=00c000 vc=151 bI
[00ff87] ff87 20FD   JR NZ,FF86h    AF=2740 BC=00ee DE=7f7f HL=dfbf SP=dfbf P1=00c000 vc=151 bI
[00ff89] ff89 C9     RET            AF=00c0 BC=00ee DE=7f7f HL=dfbf SP=dfbf P1=00c000 vc=152 bI
[001e1b] 1e1b 3E01   LD A,01h       AF=00c0 BC=00ee DE=7f7f HL=dfbf SP=dfc1 P1=00c000 vc=152 bI
[001e1d] 1e1d E0B8   LD (FFB8h),A   AF=01c0 BC=00ee DE=7f7f HL=dfbf SP=dfc1 P1=00c000 vc=152 bI
[001e1f] 1e1f EA0020 LD (2000h),A   AF=01c0 BC=00ee DE=7f7f HL=dfbf SP=dfc1 P1=00c000 vc=152 bI
[001e22] 1e22 CD9B49 CALL 499Bh     AF=01c0 BC=00ee DE=7f7f HL=dfbf SP=dfc1 P1=004000 vc=152 bI
[00499b] 499b FACACF LD A,(CFCAh)   AF=01c0 BC=00ee DE=7f7f HL=dfbf SP=dfbf P1=004000 vc=152 bI
[00499e] 499e 3D     DEC A          AF=ffc0 BC=00ee DE=7f7f HL=dfbf SP=dfbf P1=004000 vc=152 bI
[00499f] 499f 2809   JR Z,49AAh     AF=fe40 BC=00ee DE=7f7f HL=dfbf SP=dfbf P1=004000 vc=152 bI
[0049a1] 49a1 FEFF   CP FFh         AF=fe40 BC=00ee DE=7f7f HL=dfbf SP=dfbf P1=004000 vc=152 bI
[0049a3] 49a3 C0     RET NZ         AF=fe70 BC=00ee DE=7f7f HL=dfbf SP=dfbf P1=004000 vc=152 bI
[001e25] 1e25 CDF51E CALL 1EF5h     AF=fe70 BC=00ee DE=7f7f HL=dfbf SP=dfc1 P1=004000 vc=152 bI
[001ef5] 1ef5 CD541F CALL 1F54h     AF=fe70 BC=00ee DE=7f7f HL=dfbf SP=dfbf P1=004000 vc=153 bI
[001f54] 1f54 FA39D1 LD A,(D139h)   AF=fe70 BC=00ee DE=7f7f HL=dfbf SP=dfbd P1=004000 vc=0 bI
[001f57] 1f57 A7     AND A          AF=3670 BC=00ee DE=7f7f HL=dfbf SP=dfbd P1=004000 vc=0 bI
[001f58] 1f58 2004   JR NZ,1F5Eh    AF=3620 BC=00ee DE=7f7f HL=dfbf SP=dfbd P1=004000 vc=0 bI
[001f5e] 1f5e 3D     DEC A          AF=3620 BC=00ee DE=7f7f HL=dfbf SP=dfbd P1=004000 vc=0 bI
[001f5f] 1f5f EA39D1 LD (D139h),A   AF=3540 BC=00ee DE=7f7f HL=dfbf SP=dfbd P1=004000 vc=0 bI
[001f62] 1f62 A7     AND A          AF=3540 BC=00ee DE=7f7f HL=dfbf SP=dfbd P1=004000 vc=0 bI
[001f63] 1f63 C0     RET NZ         AF=3520 BC=00ee DE=7f7f HL=dfbf SP=dfbd P1=004000 vc=0 bI
[001ef8] 1ef8 2179D4 LD HL,D479h    AF=3520 BC=00ee DE=7f7f HL=dfbf SP=dfbf P1=004000 vc=0 bI
[001efb] 1efb CB46   BIT 0,(HL)     AF=3520 BC=00ee DE=7f7f HL=d479 SP=dfbf P1=004000 vc=0 bI
[001efd] 1efd 2044   JR NZ,1F43h    AF=35a0 BC=00ee DE=7f7f HL=d479 SP=dfbf P1=004000 vc=0 bI
[001eff] 1eff FA31D7 LD A,(D731h)   AF=35a0 BC=00ee DE=7f7f HL=d479 SP=dfbf P1=004000 vc=0 bI
[001f02] 1f02 CB47   BIT 0,A        AF=00a0 BC=00ee DE=7f7f HL=d479 SP=dfbf P1=004000 vc=0 bI
[001f04] 1f04 C8     RET Z          AF=00a0 BC=00ee DE=7f7f HL=d479 SP=dfbf P1=004000 vc=0 bI
[001e28] 1e28 CD6D3E CALL 3E6Dh     AF=00a0 BC=00ee DE=7f7f HL=d479 SP=dfc1 P1=004000 vc=0 bI
[003e6d] 3e6d E5     PUSH HL        AF=00a0 BC=00ee DE=7f7f HL=d479 SP=dfbf P1=004000 vc=0 bI
[003e6e] 3e6e D5     PUSH DE        AF=00a0 BC=00ee DE=7f7f HL=d479 SP=dfbd P1=004000 vc=0 bI
[003e6f] 3e6f C5     PUSH BC        AF=00a0 BC=00ee DE=7f7f HL=d479 SP=dfbb P1=004000 vc=0 bI
[003e70] 3e70 063D   LD B,3Dh       AF=00a0 BC=00ee DE=7f7f HL=d479 SP=dfb9 P1=004000 vc=0 bI
[003e72] 3e72 21DC67 LD HL,67DCh    AF=00a0 BC=3dee DE=7f7f HL=d479 SP=dfb9 P1=004000 vc=0 bI
[003e75] 3e75 CD843E CALL 3E84h     AF=00a0 BC=3dee DE=7f7f HL=67dc SP=dfb9 P1=004000 vc=0 bI
[003e84] 3e84 F0B8   LD A,(FFB8h)   AF=00a0 BC=3dee DE=7f7f HL=67dc SP=dfb7 P1=004000 vc=0 bI
[003e86] 3e86 F5     PUSH AF        AF=01a0 BC=3dee DE=7f7f HL=67dc SP=dfb7 P1=004000 vc=0 bI
[003e87] 3e87 78     LD A,B         AF=01a0 BC=3dee DE=7f7f HL=67dc SP=dfb5 P1=004000 vc=0 bI
[003e88] 3e88 E0B8   LD (FFB8h),A   AF=3da0 BC=3dee DE=7f7f HL=67dc SP=dfb5 P1=004000 vc=0 bI
[003e8a] 3e8a EA0020 LD (2000h),A   AF=3da0 BC=3dee DE=7f7f HL=67dc SP=dfb5 P1=004000 vc=0 bI
[003e8d] 3e8d CD983E CALL 3E98h     AF=3da0 BC=3dee DE=7f7f HL=67dc SP=dfb5 P1=0f4000 vc=0 bI
[003e98] 3e98 E9     LD PC,HL       AF=3da0 BC=3dee DE=7f7f HL=67dc SP=dfb3 P1=0f4000 vc=0 bI
[0f67dc] 67dc F004   LD A,(FF04h)   AF=3da0 BC=3dee DE=7f7f HL=67dc SP=dfb3 P1=0f4000 vc=0 bI
[0f67de] 67de 47     LD B,A         AF=3da0 BC=3dee DE=7f7f HL=67dc SP=dfb3 P1=0f4000 vc=0 bI
[0f67df] 67df F0D3   LD A,(FFD3h)   AF=3da0 BC=3dee DE=7f7f HL=67dc SP=dfb3 P1=0f4000 vc=0 bI
[0f67e1] 67e1 88     ADC A,B        AF=a1a0 BC=3dee DE=7f7f HL=67dc SP=dfb3 P1=0f4000 vc=0 bI
[0f67e2] 67e2 E0D3   LD (FFD3h),A   AF=de00 BC=3dee DE=7f7f HL=67dc SP=dfb3 P1=0f4000 vc=0 bI
[0f67e4] 67e4 F004   LD A,(FF04h)   AF=de00 BC=3dee DE=7f7f HL=67dc SP=dfb3 P1=0f4000 vc=0 bI
[0f67e6] 67e6 47     LD B,A         AF=3e00 BC=3dee DE=7f7f HL=67dc SP=dfb3 P1=0f4000 vc=0 bI
[0f67e7] 67e7 F0D4   LD A,(FFD4h)   AF=3e00 BC=3eee DE=7f7f HL=67dc SP=dfb3 P1=0f4000 vc=0 bI
[0f67e9] 67e9 98     SBC A,B        AF=e500 BC=3eee DE=7f7f HL=67dc SP=dfb3 P1=0f4000 vc=0 bI
[0f67ea] 67ea E0D4   LD (FFD4h),A   AF=a760 BC=3eee DE=7f7f HL=67dc SP=dfb3 P1=0f4000 vc=0 BI
[0f67ec] 67ec C9     RET            AF=a760 BC=3eee DE=7f7f HL=67dc SP=dfb3 P1=0f4000 vc=0 BI
[003e90] 3e90 C1     POP BC         AF=a760 BC=3eee DE=7f7f HL=67dc SP=dfb5 P1=0f4000 vc=0 BI
[003e91] 3e91 78     LD A,B         AF=a760 BC=01a0 DE=7f7f HL=67dc SP=dfb7 P1=0f4000 vc=0 BI
[003e92] 3e92 E0B8   LD (FFB8h),A   AF=0160 BC=01a0 DE=7f7f HL=67dc SP=dfb7 P1=0f4000 vc=0 BI
[003e94] 3e94 EA0020 LD (2000h),A   AF=0160 BC=01a0 DE=7f7f HL=67dc SP=dfb7 P1=0f4000 vc=0 BI
[003e97] 3e97 C9     RET            AF=0160 BC=01a0 DE=7f7f HL=67dc SP=dfb7 P1=004000 vc=0 BI
[003e78] 3e78 F0D3   LD A,(FFD3h)   AF=0160 BC=01a0 DE=7f7f HL=67dc SP=dfb9 P1=004000 vc=0 BI
[003e7a] 3e7a C1     POP BC         AF=de60 BC=01a0 DE=7f7f HL=67dc SP=dfb9 P1=004000 vc=0 BI
[003e7b] 3e7b D1     POP DE         AF=de60 BC=00ee DE=7f7f HL=67dc SP=dfbb P1=004000 vc=0 BI
[003e7c] 3e7c E1     POP HL         AF=de60 BC=00ee DE=7f7f HL=67dc SP=dfbd P1=004000 vc=0 BI
[003e7d] 3e7d C9     RET            AF=de60 BC=00ee DE=7f7f HL=d479 SP=dfbf P1=004000 vc=0 BI
[001e2b] 1e2b CDC801 CALL 01C8h     AF=de60 BC=00ee DE=7f7f HL=d479 SP=dfc1 P1=004000 vc=0 BI
[0001c8] 01c8 F0B8   LD A,(FFB8h)   AF=de60 BC=00ee DE=7f7f HL=d479 SP=dfbf P1=004000 vc=0 BI
[0001ca] 01ca F5     PUSH AF        AF=0160 BC=00ee DE=7f7f HL=d479 SP=dfbf P1=004000 vc=0 BI
[0001cb] 01cb 3E03   LD A,03h       AF=0160 BC=00ee DE=7f7f HL=d479 SP=dfbd P1=004000 vc=0 BI
[0001cd] 01cd CD7E3E CALL 3E7Eh     AF=0360 BC=00ee DE=7f7f HL=d479 SP=dfbd P1=004000 vc=0 BI
[0001d0] 01d0 CD0040 CALL 4000h     AF=0360 BC=00ee DE=7f7f HL=d479 SP=dfbd P1=00c000 vc=0 bI
[00c000] 4000 F0F8   LD A,(FFF8h)   AF=0360 BC=00ee DE=7f7f HL=d479 SP=dfbb P1=00c000 vc=0 bI
[00c002] 4002 A7     AND A          AF=0060 BC=00ee DE=7f7f HL=d479 SP=dfbb P1=00c000 vc=0 bI
[00c003] 4003 C0     RET NZ         AF=00a0 BC=00ee DE=7f7f HL=d479 SP=dfbb P1=00c000 vc=0 bI
[00c004] 4004 3E20   LD A,20h       AF=00a0 BC=00ee DE=7f7f HL=d479 SP=dfbb P1=00c000 vc=0 bI
[00c006] 4006 E000   LD (FF00h),A   AF=20a0 BC=00ee DE=7f7f HL=d479 SP=dfbb P1=00c000 vc=0 bI
[00c008] 4008 F000   LD A,(FF00h)   AF=20a0 BC=00ee DE=7f7f HL=d479 SP=dfbb P1=00c000 vc=0 bI
[00c00a] 400a F000   LD A,(FF00h)   AF=efa0 BC=00ee DE=7f7f HL=d479 SP=dfbb P1=00c000 vc=0 bI
[00c00c] 400c 2F     CPL            AF=efa0 BC=00ee DE=7f7f HL=d479 SP=dfbb P1=00c000 vc=0 bI
[00c00d] 400d E60F   AND 0Fh        AF=10e0 BC=00ee DE=7f7f HL=d479 SP=dfbb P1=00c000 vc=0 bI
[00c00f] 400f CB37   SWAP A         AF=00a0 BC=00ee DE=7f7f HL=d479 SP=dfbb P1=00c000 vc=0 bI
[00c011] 4011 47     LD B,A         AF=0080 BC=00ee DE=7f7f HL=d479 SP=dfbb P1=00c000 vc=0 bI
[00c012] 4012 3E10   LD A,10h       AF=0080 BC=00ee DE=7f7f HL=d479 SP=dfbb P1=00c000 vc=0 bI
[00c014] 4014 E000   LD (FF00h),A   AF=1080 BC=00ee DE=7f7f HL=d479 SP=dfbb P1=00c000 vc=0 bI
[00c016] 4016 F000   LD A,(FF00h)   AF=1080 BC=00ee DE=7f7f HL=d479 SP=dfbb P1=00c000 vc=0 bI
[00c018] 4018 F000   LD A,(FF00h)   AF=df80 BC=00ee DE=7f7f HL=d479 SP=dfbb P1=00c000 vc=0 bI
[00c01a] 401a F000   LD A,(FF00h)   AF=df80 BC=00ee DE=7f7f HL=d479 SP=dfbb P1=00c000 vc=0 bI
[00c01c] 401c F000   LD A,(FF00h)   AF=df80 BC=00ee DE=7f7f HL=d479 SP=dfbb P1=00c000 vc=0 bI
[00c01e] 401e F000   LD A,(FF00h)   AF=df80 BC=00ee DE=7f7f HL=d479 SP=dfbb P1=00c000 vc=1 BI
[00c020] 4020 F000   LD A,(FF00h)   AF=df80 BC=00ee DE=7f7f HL=d479 SP=dfbb P1=00c000 vc=1 BI
[00c022] 4022 2F     CPL            AF=df80 BC=00ee DE=7f7f HL=d479 SP=dfbb P1=00c000 vc=1 BI
[00c023] 4023 E60F   AND 0Fh        AF=20e0 BC=00ee DE=7f7f HL=d479 SP=dfbb P1=00c000 vc=1 BI
[00c025] 4025 B0     OR B           AF=00a0 BC=00ee DE=7f7f HL=d479 SP=dfbb P1=00c000 vc=1 BI
[00c026] 4026 E0F5   LD (FFF5h),A   AF=0080 BC=00ee DE=7f7f HL=d479 SP=dfbb P1=00c000 vc=1 BI
[00c028] 4028 3E30   LD A,30h       AF=0080 BC=00ee DE=7f7f HL=d479 SP=dfbb P1=00c000 vc=1 BI
[00c02a] 402a E000   LD (FF00h),A   AF=3080 BC=00ee DE=7f7f HL=d479 SP=dfbb P1=00c000 vc=1 BI
[00c02c] 402c C9     RET            AF=3080 BC=00ee DE=7f7f HL=d479 SP=dfbb P1=00c000 vc=1 BI
[0001d3] 01d3 F1     POP AF         AF=3080 BC=00ee DE=7f7f HL=d479 SP=dfbd P1=00c000 vc=1 BI
[0001d4] 01d4 C37E3E JP 3E7Eh       AF=0160 BC=00ee DE=7f7f HL=d479 SP=dfbf P1=00c000 vc=1 BI
[001e2e] 1e2e F0D6   LD A,(FFD6h)   AF=0160 BC=00ee DE=7f7f HL=d479 SP=dfc1 P1=004000 vc=1 BI
[001e30] 1e30 A7     AND A          AF=0060 BC=00ee DE=7f7f HL=d479 SP=dfc1 P1=004000 vc=1 BI
[001e31] 1e31 2803   JR Z,1E36h     AF=00a0 BC=00ee DE=7f7f HL=d479 SP=dfc1 P1=004000 vc=1 BI
[001e36] 1e36 F0D5   LD A,(FFD5h)   AF=00a0 BC=00ee DE=7f7f HL=d479 SP=dfc1 P1=004000 vc=1 BI
[001e38] 1e38 A7     AND A          AF=05a0 BC=00ee DE=7f7f HL=d479 SP=dfc1 P1=004000 vc=1 BI
[001e39] 1e39 2803   JR Z,1E3Eh     AF=0520 BC=00ee DE=7f7f HL=d479 SP=dfc1 P1=004000 vc=1 BI
[001e3b] 1e3b 3D     DEC A          AF=0520 BC=00ee DE=7f7f HL=d479 SP=dfc1 P1=004000 vc=1 BI
[001e3c] 1e3c E0D5   LD (FFD5h),A   AF=0440 BC=00ee DE=7f7f HL=d479 SP=dfc1 P1=004000 vc=1 BI
[001e3e] 1e3e CDC227 CALL 27C2h     AF=0440 BC=00ee DE=7f7f HL=d479 SP=dfc1 P1=004000 vc=1 BI
[0027c2] 27c2 FAC6CF LD A,(CFC6h)   AF=0440 BC=00ee DE=7f7f HL=d479 SP=dfbf P1=004000 vc=1 bI
[0027c5] 27c5 A7     AND A          AF=0040 BC=00ee DE=7f7f HL=d479 SP=dfbf P1=004000 vc=1 bI
[0027c6] 27c6 200B   JR NZ,27D3h    AF=00a0 BC=00ee DE=7f7f HL=d479 SP=dfbf P1=004000 vc=1 bI
[0027c8] 27c8 FA2BD7 LD A,(D72Bh)   AF=00a0 BC=00ee DE=7f7f HL=d479 SP=dfbf P1=004000 vc=1 bI
[0027cb] 27cb CB4F   BIT 1,A        AF=00a0 BC=00ee DE=7f7f HL=d479 SP=dfbf P1=004000 vc=1 bI
[0027cd] 27cd C0     RET NZ         AF=00a0 BC=00ee DE=7f7f HL=d479 SP=dfbf P1=004000 vc=1 bI
[0027ce] 27ce 3E77   LD A,77h       AF=00a0 BC=00ee DE=7f7f HL=d479 SP=dfbf P1=004000 vc=1 bI
[0027d0] 27d0 E024   LD (FF24h),A   AF=77a0 BC=00ee DE=7f7f HL=d479 SP=dfbf P1=004000 vc=1 bI
[0027d2] 27d2 C9     RET            AF=77a0 BC=00ee DE=7f7f HL=d479 SP=dfbf P1=004000 vc=1 bI
[001e41] 1e41 3E08   LD A,08h       AF=77a0 BC=00ee DE=7f7f HL=d479 SP=dfc1 P1=004000 vc=1 bI
[001e43] 1e43 CD7E3E CALL 3E7Eh     AF=08a0 BC=00ee DE=7f7f HL=d479 SP=dfc1 P1=004000 vc=1 bI
[001e46] 1e46 CD1E53 CALL 531Eh     AF=08a0 BC=00ee DE=7f7f HL=d479 SP=dfc1 P1=020000 vc=1 bI
[02131e] 531e FA82D0 LD A,(D082h)   AF=08a0 BC=00ee DE=7f7f HL=d479 SP=dfbf P1=020000 vc=2 BI
[021321] 5321 FEFF   CP FFh         AF=00a0 BC=00ee DE=7f7f HL=d479 SP=dfbf P1=020000 vc=2 BI
[021323] 5323 2826   JR Z,534Bh     AF=0070 BC=00ee DE=7f7f HL=d479 SP=dfbf P1=020000 vc=2 BI
[021325] 5325 CB7F   BIT 7,A        AF=0070 BC=00ee DE=7f7f HL=d479 SP=dfbf P1=020000 vc=2 BI
[021327] 5327 C8     RET Z          AF=00b0 BC=00ee DE=7f7f HL=d479 SP=dfbf P1=020000 vc=2 BI
[001e49] 1e49 3E02   LD A,02h       AF=00b0 BC=00ee DE=7f7f HL=d479 SP=dfc1 P1=020000 vc=2 BI
[001e4b] 1e4b CD7E3E CALL 3E7Eh     AF=02b0 BC=00ee DE=7f7f HL=d479 SP=dfc1 P1=020000 vc=2 BI
[001e4e] 1e4e CD9D50 CALL 509Dh     AF=02b0 BC=00ee DE=7f7f HL=d479 SP=dfc1 P1=008000 vc=2 BI
[00909d] 509d 0E00   LD C,00h       AF=02b0 BC=00ee DE=7f7f HL=d479 SP=dfbf P1=008000 vc=2 BI
[00909f] 509f 0600   LD B,00h       AF=02b0 BC=0000 DE=7f7f HL=d479 SP=dfbf P1=008000 vc=2 BI
[0090a1] 50a1 2126C0 LD HL,C026h    AF=02b0 BC=0000 DE=7f7f HL=d479 SP=dfbf P1=008000 vc=2 BI
[0090a4] 50a4 09     ADD HL,BC      AF=02b0 BC=0000 DE=7f7f HL=c026 SP=dfbf P1=008000 vc=2 BI
[0090a5] 50a5 7E     LD A,(HL)      AF=0280 BC=0000 DE=7f7f HL=c026 SP=dfbf P1=008000 vc=2 BI
[0090a6] 50a6 A7     AND A          AF=ef80 BC=0000 DE=7f7f HL=c026 SP=dfbf P1=008000 vc=2 BI
[0090a7] 50a7 2822   JR Z,50CBh     AF=ef20 BC=0000 DE=7f7f HL=c026 SP=dfbf P1=008000 vc=2 BI
[0090a9] 50a9 79     LD A,C         AF=ef20 BC=0000 DE=7f7f HL=c026 SP=dfbf P1=008000 vc=2 BI
[0090aa] 50aa FE04   CP 04h         AF=0020 BC=0000 DE=7f7f HL=c026 SP=dfbf P1=008000 vc=2 BI
[0090ac] 50ac 301A   JR NC,50C8h    AF=0070 BC=0000 DE=7f7f HL=c026 SP=dfbf P1=008000 vc=2 BI
[0090ae] 50ae FA02C0 LD A,(C002h)   AF=0070 BC=0000 DE=7f7f HL=c026 SP=dfbf P1=008000 vc=2 BI
[0090b1] 50b1 A7     AND A          AF=0070 BC=0000 DE=7f7f HL=c026 SP=dfbf P1=008000 vc=2 bI
[0090b2] 50b2 2814   JR Z,50C8h     AF=00a0 BC=0000 DE=7f7f HL=c026 SP=dfbf P1=008000 vc=2 bI
[0090c8] 50c8 CDD250 CALL 50D2h     AF=00a0 BC=0000 DE=7f7f HL=c026 SP=dfbf P1=008000 vc=2 bI
[0090d2] 50d2 0600   LD B,00h       AF=00a0 BC=0000 DE=7f7f HL=c026 SP=dfbd P1=008000 vc=2 bI
[0090d4] 50d4 21B6C0 LD HL,C0B6h    AF=00a0 BC=0000 DE=7f7f HL=c026 SP=dfbd P1=008000 vc=2 bI
[0090d7] 50d7 09     ADD HL,BC      AF=00a0 BC=0000 DE=7f7f HL=c0b6 SP=dfbd P1=008000 vc=2 bI
[0090d8] 50d8 7E     LD A,(HL)      AF=0080 BC=0000 DE=7f7f HL=c0b6 SP=dfbd P1=008000 vc=2 bI
[0090d9] 50d9 FE01   CP 01h         AF=0280 BC=0000 DE=7f7f HL=c0b6 SP=dfbd P1=008000 vc=2 bI
[0090db] 50db CA6A51 JP Z,516Ah     AF=0240 BC=0000 DE=7f7f HL=c0b6 SP=dfbd P1=008000 vc=2 bI
[0090de] 50de 3D     DEC A          AF=0240 BC=0000 DE=7f7f HL=c0b6 SP=dfbd P1=008000 vc=2 bI
[0090df] 50df 77     LD (HL),A      AF=0140 BC=0000 DE=7f7f HL=c0b6 SP=dfbd P1=008000 vc=2 bI
[0090e0] 50e0 79     LD A,C         AF=0140 BC=0000 DE=7f7f HL=c0b6 SP=dfbd P1=008000 vc=2 bI
[0090e1] 50e1 FE04   CP 04h         AF=0040 BC=0000 DE=7f7f HL=c0b6 SP=dfbd P1=008000 vc=2 bI
[0090e3] 50e3 3009   JR NC,50EEh    AF=0070 BC=0000 DE=7f7f HL=c0b6 SP=dfbd P1=008000 vc=2 bI
[0090e5] 50e5 212AC0 LD HL,C02Ah    AF=0070 BC=0000 DE=7f7f HL=c0b6 SP=dfbd P1=008000 vc=2 bI
[0090e8] 50e8 09     ADD HL,BC      AF=0070 BC=0000 DE=7f7f HL=c02a SP=dfbd P1=008000 vc=2 bI
[0090e9] 50e9 7E     LD A,(HL)      AF=0000 BC=0000 DE=7f7f HL=c02a SP=dfbd P1=008000 vc=2 bI
[0090ea] 50ea A7     AND A          AF=0000 BC=0000 DE=7f7f HL=c02a SP=dfbd P1=008000 vc=2 bI
[0090eb] 50eb 2801   JR Z,50EEh     AF=00a0 BC=0000 DE=7f7f HL=c02a SP=dfbd P1=008000 vc=2 bI
[0090ee] 50ee 212EC0 LD HL,C02Eh    AF=00a0 BC=0000 DE=7f7f HL=c02a SP=dfbd P1=008000 vc=2 bI
[0090f1] 50f1 09     ADD HL,BC      AF=00a0 BC=0000 DE=7f7f HL=c02e SP=dfbd P1=008000 vc=2 bI
[0090f2] 50f2 CB76   BIT 6,(HL)     AF=0080 BC=0000 DE=7f7f HL=c02e SP=dfbd P1=008000 vc=2 bI
[0090f4] 50f4 2803   JR Z,50F9h     AF=00a0 BC=0000 DE=7f7f HL=c02e SP=dfbd P1=008000 vc=3 BI
[0090f9] 50f9 0600   LD B,00h       AF=00a0 BC=0000 DE=7f7f HL=c02e SP=dfbd P1=008000 vc=3 BI
[0090fb] 50fb 2136C0 LD HL,C036h    AF=00a0 BC=0000 DE=7f7f HL=c02e SP=dfbd P1=008000 vc=3 BI
[0090fe] 50fe 09     ADD HL,BC      AF=00a0 BC=0000 DE=7f7f HL=c036 SP=dfbd P1=008000 vc=3 BI
[0090ff] 50ff CB46   BIT 0,(HL)     AF=0080 BC=0000 DE=7f7f HL=c036 SP=dfbd P1=008000 vc=3 BI
[009101] 5101 2008   JR NZ,510Bh    AF=00a0 BC=0000 DE=7f7f HL=c036 SP=dfbd P1=008000 vc=3 BI
[009103] 5103 212EC0 LD HL,C02Eh    AF=00a0 BC=0000 DE=7f7f HL=c036 SP=dfbd P1=008000 vc=3 BI
[009106] 5106 09     ADD HL,BC      AF=00a0 BC=0000 DE=7f7f HL=c02e SP=dfbd P1=008000 vc=3 BI
[009107] 5107 CB56   BIT 2,(HL)     AF=0080 BC=0000 DE=7f7f HL=c02e SP=dfbd P1=008000 vc=3 BI
[009109] 5109 2014   JR NZ,511Fh    AF=00a0 BC=0000 DE=7f7f HL=c02e SP=dfbd P1=008000 vc=3 BI
[00910b] 510b 212EC0 LD HL,C02Eh    AF=00a0 BC=0000 DE=7f7f HL=c02e SP=dfbd P1=008000 vc=3 BI
[00910e] 510e 09     ADD HL,BC      AF=00a0 BC=0000 DE=7f7f HL=c02e SP=dfbd P1=008000 vc=3 BI
[00910f] 510f CB66   BIT 4,(HL)     AF=0080 BC=0000 DE=7f7f HL=c02e SP=dfbd P1=008000 vc=3 BI
[009111] 5111 2803   JR Z,5116h     AF=00a0 BC=0000 DE=7f7f HL=c02e SP=dfbd P1=008000 vc=3 BI
[009116] 5116 214EC0 LD HL,C04Eh    AF=00a0 BC=0000 DE=7f7f HL=c02e SP=dfbd P1=008000 vc=3 BI
[009119] 5119 09     ADD HL,BC      AF=00a0 BC=0000 DE=7f7f HL=c04e SP=dfbd P1=008000 vc=3 BI
[00911a] 511a 7E     LD A,(HL)      AF=0080 BC=0000 DE=7f7f HL=c04e SP=dfbd P1=008000 vc=3 BI
[00911b] 511b A7     AND A          AF=0180 BC=0000 DE=7f7f HL=c04e SP=dfbd P1=008000 vc=3 BI
[00911c] 511c 2802   JR Z,5120h     AF=0120 BC=0000 DE=7f7f HL=c04e SP=dfbd P1=008000 vc=3 BI
[00911e] 511e 35     DEC (HL)       AF=0120 BC=0000 DE=7f7f HL=c04e SP=dfbd P1=008000 vc=3 BI
[00911f] 511f C9     RET            AF=01c0 BC=0000 DE=7f7f HL=c04e SP=dfbd P1=008000 vc=3 BI
[0090cb] 50cb 79     LD A,C         AF=01c0 BC=0000 DE=7f7f HL=c04e SP=dfbf P1=008000 vc=3 BI
[0090cc] 50cc 0C     INC C          AF=00c0 BC=0000 DE=7f7f HL=c04e SP=dfbf P1=008000 vc=3 BI
[0090cd] 50cd FE07   CP 07h         AF=0000 BC=0001 DE=7f7f HL=c04e SP=dfbf P1=008000 vc=3 BI
[0090cf] 50cf 20CE   JR NZ,509Fh    AF=0070 BC=0001 DE=7f7f HL=c04e SP=dfbf P1=008000 vc=3 BI
[009120] 5120 2156C0 LD HL,C056h    AF=00a0 BC=0001 DE=7f7f HL=c04f SP=dfbd P1=008000 vc=4 bI
[009123] 5123 09     ADD HL,BC      AF=00a0 BC=0001 DE=7f7f HL=c056 SP=dfbd P1=008000 vc=4 bI
[009124] 5124 7E     LD A,(HL)      AF=0080 BC=0001 DE=7f7f HL=c057 SP=dfbd P1=008000 vc=4 bI
[009125] 5125 A7     AND A          AF=1180 BC=0001 DE=7f7f HL=c057 SP=dfbd P1=008000 vc=4 bI
[009126] 5126 2001   JR NZ,5129h    AF=1120 BC=0001 DE=7f7f HL=c057 SP=dfbd P1=008000 vc=4 bI
[009129] 5129 57     LD D,A         AF=1120 BC=0001 DE=7f7f HL=c057 SP=dfbd P1=008000 vc=4 bI
[00912a] 512a 215EC0 LD HL,C05Eh    AF=1120 BC=0001 DE=117f HL=c057 SP=dfbd P1=008000 vc=4 bI
[00912d] 512d 09     ADD HL,BC      AF=1120 BC=0001 DE=117f HL=c05e SP=dfbd P1=008000 vc=4 bI
[00912e] 512e 7E     LD A,(HL)      AF=1100 BC=0001 DE=117f HL=c05f SP=dfbd P1=008000 vc=4 bI
[00912f] 512f E60F   AND 0Fh        AF=6000 BC=0001 DE=117f HL=c05f SP=dfbd P1=008000 vc=4 bI
[009131] 5131 A7     AND A          AF=00a0 BC=0001 DE=117f HL=c05f SP=dfbd P1=008000 vc=4 bI
[009132] 5132 2802   JR Z,5136h     AF=00a0 BC=0001 DE=117f HL=c05f SP=dfbd P1=008000 vc=4 bI
[009136] 5136 7E     LD A,(HL)      AF=00a0 BC=0001 DE=117f HL=c05f SP=dfbd P1=008000 vc=4 bI
[009137] 5137 CB36   SWAP (HL)      AF=60a0 BC=0001 DE=117f HL=c05f SP=dfbd P1=008000 vc=4 bI
[009139] 5139 B6     OR (HL)        AF=6000 BC=0001 DE=117f HL=c05f SP=dfbd P1=008000 vc=4 bI
[00913a] 513a 77     LD (HL),A      AF=6600 BC=0001 DE=117f HL=c05f SP=dfbd P1=008000 vc=4 bI
[00913b] 513b 2166C0 LD HL,C066h    AF=6600 BC=0001 DE=117f HL=c05f SP=dfbd P1=008000 vc=4 bI
[00913e] 513e 09     ADD HL,BC      AF=6600 BC=0001 DE=117f HL=c066 SP=dfbd P1=008000 vc=4 bI
[00913f] 513f 5E     LD E,(HL)      AF=6600 BC=0001 DE=117f HL=c067 SP=dfbd P1=008000 vc=4 bI
[009140] 5140 212EC0 LD HL,C02Eh    AF=6600 BC=0001 DE=116b HL=c067 SP=dfbd P1=008000 vc=4 bI
[009143] 5143 09     ADD HL,BC      AF=6600 BC=0001 DE=116b HL=c02e SP=dfbd P1=008000 vc=4 bI
[009144] 5144 CB5E   BIT 3,(HL)     AF=6600 BC=0001 DE=116b HL=c02f SP=dfbd P1=008000 vc=4 bI
[009146] 5146 280E   JR Z,5156h     AF=66a0 BC=0001 DE=116b HL=c02f SP=dfbd P1=008000 vc=5 BI
[009156] 5156 CBDE   SET 3,(HL)     AF=66a0 BC=0001 DE=116b HL=c02f SP=dfbd P1=008000 vc=5 BI
[009158] 5158 7A     LD A,D         AF=66a0 BC=0001 DE=116b HL=c02f SP=dfbd P1=008000 vc=5 BI
[009159] 5159 E6F0   AND F0h        AF=11a0 BC=0001 DE=116b HL=c02f SP=dfbd P1=008000 vc=5 BI
[00915b] 515b CB37   SWAP A         AF=1020 BC=0001 DE=116b HL=c02f SP=dfbd P1=008000 vc=5 BI
[00915d] 515d 83     ADD A,E        AF=0100 BC=0001 DE=116b HL=c02f SP=dfbd P1=008000 vc=5 BI
[00915e] 515e 3002   JR NC,5162h    AF=6c00 BC=0001 DE=116b HL=c02f SP=dfbd P1=008000 vc=5 BI
[009162] 5162 57     LD D,A         AF=6c00 BC=0001 DE=116b HL=c02f SP=dfbd P1=008000 vc=5 BI
[009163] 5163 0603   LD B,03h       AF=6c00 BC=0001 DE=6c6b HL=c02f SP=dfbd P1=008000 vc=5 BI
[009165] 5165 CD1058 CALL 5810h     AF=6c00 BC=0301 DE=6c6b HL=c02f SP=dfbd P1=008000 vc=5 BI
[009810] 5810 79     LD A,C         AF=6c00 BC=0301 DE=6c6b HL=c02f SP=dfbb P1=008000 vc=5 BI
[009811] 5811 216259 LD HL,5962h    AF=0100 BC=0301 DE=6c6b HL=c02f SP=dfbb P1=008000 vc=5 BI
[009814] 5814 85     ADD A,L        AF=0100 BC=0301 DE=6c6b HL=5962 SP=dfbb P1=008000 vc=5 BI
[009815] 5815 3001   JR NC,5818h    AF=6300 BC=0301 DE=6c6b HL=5962 SP=dfbb P1=008000 vc=5 BI
[009818] 5818 6F     LD L,A         AF=6300 BC=0301 DE=6c6b HL=5962 SP=dfbb P1=008000 vc=5 BI
[009819] 5819 7E     LD A,(HL)      AF=6300 BC=0301 DE=6c6b HL=5963 SP=dfbb P1=008000 vc=5 BI
[00981a] 581a 80     ADD A,B        AF=1500 BC=0301 DE=6c6b HL=5963 SP=dfbb P1=008000 vc=5 BI
[00981b] 581b 6F     LD L,A         AF=1800 BC=0301 DE=6c6b HL=5963 SP=dfbb P1=008000 vc=5 BI
[00981c] 581c 26FF   LD H,FFh       AF=1800 BC=0301 DE=6c6b HL=5918 SP=dfbb P1=008000 vc=5 BI
[00981e] 581e C9     RET            AF=1800 BC=0301 DE=6c6b HL=ff18 SP=dfbb P1=008000 vc=5 BI
[009168] 5168 72     LD (HL),D      AF=1800 BC=0301 DE=6c6b HL=ff18 SP=dfbd P1=008000 vc=5 BI
[009169] 5169 C9     RET            AF=1800 BC=0301 DE=6c6b HL=ff18 SP=dfbd P1=008000 vc=5 BI
[0090d1] 50d1 C9     RET            AF=07c0 BC=0008 DE=6c6b HL=c02d SP=dfbf P1=008000 vc=8 BI
[001e51] 1e51 CDB72F CALL 2FB7h     AF=07c0 BC=0008 DE=6c6b HL=c02d SP=dfc1 P1=008000 vc=8 BI
[002fb7] 2fb7 FA99D4 LD A,(D499h)   AF=07c0 BC=0008 DE=6c6b HL=c02d SP=dfbf P1=008000 vc=8 BI
[002fba] 2fba CB47   BIT 0,A        AF=00c0 BC=0008 DE=6c6b HL=c02d SP=dfbf P1=008000 vc=8 BI
[002fbc] 2fbc C8     RET Z          AF=00a0 BC=0008 DE=6c6b HL=c02d SP=dfbf P1=008000 vc=8 BI
[001e54] 1e54 FA21D1 LD A,(D121h)   AF=00a0 BC=0008 DE=6c6b HL=c02d SP=dfc1 P1=008000 vc=8 BI
[001e57] 1e57 E0B8   LD (FFB8h),A   AF=03a0 BC=0008 DE=6c6b HL=c02d SP=dfc1 P1=008000 vc=8 BI
[001e59] 1e59 EA0020 LD (2000h),A   AF=03a0 BC=0008 DE=6c6b HL=c02d SP=dfc1 P1=008000 vc=8 bI
[001e5c] 1e5c F1     POP AF         AF=03a0 BC=0008 DE=6c6b HL=c02d SP=dfc1 P1=00c000 vc=8 bI
[001e5d] 1e5d E04F   LD (FF4Fh),A   AF=fe40 BC=0008 DE=6c6b HL=c02d SP=dfc3 P1=00c000 vc=8 bI
[001e5f] 1e5f E1     POP HL         AF=fe40 BC=0008 DE=6c6b HL=c02d SP=dfc3 P1=00c000 vc=8 bI
[001e60] 1e60 D1     POP DE         AF=fe40 BC=0008 DE=6c6b HL=5b13 SP=dfc5 P1=00c000 vc=8 bI
[001e61] 1e61 C1     POP BC         AF=fe40 BC=0008 DE=0000 HL=5b13 SP=dfc7 P1=00c000 vc=8 bI
[001e62] 1e62 F1     POP AF         AF=fe40 BC=00ee DE=0000 HL=5b13 SP=dfc9 P1=00c000 vc=8 bI
[001e63] 1e63 D9     RETI           AF=2840 BC=00ee DE=0000 HL=5b13 SP=dfcb P1=00c000 vc=8 bI
[001b3f] 1b3f 2190C4 LD HL,C490h    AF=0140 BC=00ee DE=0000 HL=5b13 SP=dfbb P1=00c000 vc=144 bI
[001b42] 1b42 F9     LD SP,HL       AF=0140 BC=00ee DE=0000 HL=c490 SP=dfbb P1=00c000 vc=144 bI
[001b43] 1b43 F0BD   LD A,(FFBDh)   AF=0140 BC=00ee DE=0000 HL=c490 SP=c490 P1=00c000 vc=144 bI
[001b45] 1b45 67     LD H,A         AF=9c40 BC=00ee DE=0000 HL=c490 SP=c490 P1=00c000 vc=144 bI
[001b46] 1b46 F0BC   LD A,(FFBCh)   AF=9c40 BC=00ee DE=0000 HL=9c90 SP=c490 P1=00c000 vc=144 bI
[001b48] 1b48 6F     LD L,A         AF=0040 BC=00ee DE=0000 HL=9c90 SP=c490 P1=00c000 vc=144 bI
[001b49] 1b49 118001 LD DE,0180h    AF=0040 BC=00ee DE=0000 HL=9c00 SP=c490 P1=00c000 vc=144 bI
[001b4c] 1b4c 19     ADD HL,DE      AF=0040 BC=00ee DE=0180 HL=9c00 SP=c490 P1=00c000 vc=144 bI
[001b4d] 1b4d AF     XOR A          AF=0000 BC=00ee DE=0180 HL=9d80 SP=c490 P1=00c000 vc=145 bI
[001b4e] 1b4e 181E   JR 1B6Eh       AF=0080 BC=00ee DE=0180 HL=9d80 SP=c490 P1=00c000 vc=145 bI
[00916a] 516a 216EC0 LD HL,C06Eh    AF=01c0 BC=0000 DE=7e7a HL=c0b6 SP=dfb9 P1=008000 vc=2 bI
[00916d] 516d 09     ADD HL,BC      AF=01c0 BC=0000 DE=7e7a HL=c06e SP=dfb9 P1=008000 vc=2 bI
[00916e] 516e 7E     LD A,(HL)      AF=0180 BC=0000 DE=7e7a HL=c06e SP=dfb9 P1=008000 vc=2 bI
[00916f] 516f 214EC0 LD HL,C04Eh    AF=0980 BC=0000 DE=7e7a HL=c06e SP=dfb9 P1=008000 vc=2 bI
[009172] 5172 09     ADD HL,BC      AF=0980 BC=0000 DE=7e7a HL=c04e SP=dfb9 P1=008000 vc=2 bI
[009173] 5173 77     LD (HL),A      AF=0980 BC=0000 DE=7e7a HL=c04e SP=dfb9 P1=008000 vc=2 bI
[009174] 5174 212EC0 LD HL,C02Eh    AF=0980 BC=0000 DE=7e7a HL=c04e SP=dfb9 P1=008000 vc=2 bI
[009177] 5177 09     ADD HL,BC      AF=0980 BC=0000 DE=7e7a HL=c02e SP=dfb9 P1=008000 vc=2 bI
[009178] 5178 CBA6   RES 4,(HL)     AF=0980 BC=0000 DE=7e7a HL=c02e SP=dfb9 P1=008000 vc=2 bI
[00917a] 517a CBAE   RES 5,(HL)     AF=0980 BC=0000 DE=7e7a HL=c02e SP=dfb9 P1=008000 vc=2 bI
[00917c] 517c 79     LD A,C         AF=0980 BC=0000 DE=7e7a HL=c02e SP=dfb9 P1=008000 vc=2 bI
[00917d] 517d FE04   CP 04h         AF=0080 BC=0000 DE=7e7a HL=c02e SP=dfb9 P1=008000 vc=2 bI
[00917f] 517f 200B   JR NZ,518Ch    AF=0070 BC=0000 DE=7e7a HL=c02e SP=dfb9 P1=008000 vc=2 bI
[00918c] 518c CD9051 CALL 5190h     AF=0070 BC=0000 DE=7e7a HL=c02e SP=dfb9 P1=008000 vc=3 BI
[009190] 5190 CD0C58 CALL 580Ch     AF=0070 BC=0000 DE=7e7a HL=c02e SP=dfb7 P1=008000 vc=3 BI
[00980c] 580c CD8822 CALL 2288h     AF=0070 BC=0000 DE=7e7a HL=c02e SP=dfb5 P1=008000 vc=3 BI
[002288] 2288 F0B8   LD A,(FFB8h)   AF=0070 BC=0000 DE=7e7a HL=c02e SP=dfb3 P1=008000 vc=3 BI
[00228a] 228a F5     PUSH AF        AF=0270 BC=0000 DE=7e7a HL=c02e SP=dfb3 P1=008000 vc=3 BI
[00228b] 228b FAEFC0 LD A,(C0EFh)   AF=0270 BC=0000 DE=7e7a HL=c02e SP=dfb1 P1=008000 vc=3 BI
[00228e] 228e CD7E3E CALL 3E7Eh     AF=0270 BC=0000 DE=7e7a HL=c02e SP=dfb1 P1=008000 vc=3 BI
[002291] 2291 1600   LD D,00h       AF=0270 BC=0000 DE=7e7a HL=c02e SP=dfb1 P1=008000 vc=3 BI
[002293] 2293 79     LD A,C         AF=0270 BC=0000 DE=007a HL=c02e SP=dfb1 P1=008000 vc=3 BI
[002294] 2294 87     ADD A,A        AF=0070 BC=0000 DE=007a HL=c02e SP=dfb1 P1=008000 vc=3 BI
[002295] 2295 5F     LD E,A         AF=0080 BC=0000 DE=007a HL=c02e SP=dfb1 P1=008000 vc=3 BI
[002296] 2296 2106C0 LD HL,C006h    AF=0080 BC=0000 DE=0000 HL=c02e SP=dfb1 P1=008000 vc=3 BI
[002299] 2299 19     ADD HL,DE      AF=0080 BC=0000 DE=0000 HL=c006 SP=dfb1 P1=008000 vc=3 BI
[00229a] 229a 2A     LDI A,(HL)     AF=0080 BC=0000 DE=0000 HL=c006 SP=dfb1 P1=008000 vc=3 BI
[00229b] 229b 5F     LD E,A         AF=ea80 BC=0000 DE=0000 HL=c007 SP=dfb1 P1=008000 vc=3 BI
[00229c] 229c 3A     LDD A,(HL)     AF=ea80 BC=0000 DE=00ea HL=c007 SP=dfb1 P1=008000 vc=3 BI
[00229d] 229d 57     LD D,A         AF=5c80 BC=0000 DE=00ea HL=c006 SP=dfb1 P1=008000 vc=3 BI
[00229e] 229e 1A     LD A,(DE)      AF=5c80 BC=0000 DE=5cea HL=c006 SP=dfb1 P1=008000 vc=3 bI
[00229f] 229f 13     INC DE         AF=6180 BC=0000 DE=5cea HL=c006 SP=dfb1 P1=008000 vc=3 bI
[0022a0] 22a0 73     LD (HL),E      AF=6180 BC=0000 DE=5ceb HL=c006 SP=dfb1 P1=008000 vc=3 bI
[0022a1] 22a1 23     INC HL         AF=6180 BC=0000 DE=5ceb HL=c006 SP=dfb1 P1=008000 vc=3 bI
[0022a2] 22a2 72     LD (HL),D      AF=6180 BC=0000 DE=5ceb HL=c007 SP=dfb1 P1=008000 vc=3 bI
[0022a3] 22a3 5F     LD E,A         AF=6180 BC=0000 DE=5ceb HL=c007 SP=dfb1 P1=008000 vc=3 bI
[0022a4] 22a4 F1     POP AF         AF=6180 BC=0000 DE=5c61 HL=c007 SP=dfb1 P1=008000 vc=3 bI
[0022a5] 22a5 CD7E3E CALL 3E7Eh     AF=0270 BC=0000 DE=5c61 HL=c007 SP=dfb3 P1=008000 vc=3 bI
[0022a8] 22a8 7B     LD A,E         AF=0270 BC=0000 DE=5c61 HL=c007 SP=dfb3 P1=008000 vc=3 bI
[0022a9] 22a9 C9     RET            AF=6170 BC=0000 DE=5c61 HL=c007 SP=dfb3 P1=008000 vc=3 bI
[00980f] 580f C9     RET            AF=6170 BC=0000 DE=5c61 HL=c007 SP=dfb5 P1=008000 vc=3 bI
[009193] 5193 57     LD D,A         AF=6170 BC=0000 DE=5c61 HL=c007 SP=dfb7 P1=008000 vc=3 bI
[009194] 5194 FEFF   CP FFh         AF=6170 BC=0000 DE=6161 HL=c007 SP=dfb7 P1=008000 vc=3 bI
[009196] 5196 C21E52 JP NZ,521Eh    AF=6170 BC=0000 DE=6161 HL=c007 SP=dfb7 P1=008000 vc=3 bI
[00921e] 521e FEFD   CP FDh         AF=6170 BC=0000 DE=6161 HL=c007 SP=dfb7 P1=008000 vc=3 bI
[009220] 5220 C25352 JP NZ,5253h    AF=6170 BC=0000 DE=6161 HL=c007 SP=dfb7 P1=008000 vc=3 bI
[009253] 5253 FEFE   CP FEh         AF=6170 BC=0000 DE=6161 HL=c007 SP=dfb7 P1=008000 vc=4 BI
[009255] 5255 C28E52 JP NZ,528Eh    AF=6170 BC=0000 DE=6161 HL=c007 SP=dfb7 P1=008000 vc=4 BI
[00928e] 528e E6F0   AND F0h        AF=6170 BC=0000 DE=6161 HL=c007 SP=dfb7 P1=008000 vc=4 BI
[009290] 5290 FED0   CP D0h         AF=6020 BC=0000 DE=6161 HL=c007 SP=dfb7 P1=008000 vc=4 BI
[009292] 5292 C2CD52 JP NZ,52CDh    AF=6050 BC=0000 DE=6161 HL=c007 SP=dfb7 P1=008000 vc=4 BI
[0092cd] 52cd 7A     LD A,D         AF=6050 BC=0000 DE=6161 HL=c007 SP=dfb7 P1=008000 vc=4 BI
[0092ce] 52ce FEE8   CP E8h         AF=6150 BC=0000 DE=6161 HL=c007 SP=dfb7 P1=008000 vc=4 BI
[0092d0] 52d0 200D   JR NZ,52DFh    AF=6170 BC=0000 DE=6161 HL=c007 SP=dfb7 P1=008000 vc=4 BI
[0092df] 52df FEEA   CP EAh         AF=6170 BC=0000 DE=6161 HL=c007 SP=dfb7 P1=008000 vc=4 BI
[0092e1] 52e1 2034   JR NZ,5317h    AF=6170 BC=0000 DE=6161 HL=c007 SP=dfb7 P1=008000 vc=4 BI
[009317] 5317 FEEB   CP EBh         AF=6170 BC=0000 DE=6161 HL=c007 SP=dfb7 P1=008000 vc=4 BI
[009319] 5319 2034   JR NZ,534Fh    AF=6170 BC=0000 DE=6161 HL=c007 SP=dfb7 P1=008000 vc=4 BI
[00934f] 534f FEEC   CP ECh         AF=6170 BC=0000 DE=6161 HL=c007 SP=dfb7 P1=008000 vc=4 BI
[009351] 5351 2011   JR NZ,5364h    AF=6170 BC=0000 DE=6161 HL=c007 SP=dfb7 P1=008000 vc=4 BI
[009364] 5364 FEED   CP EDh         AF=6170 BC=0000 DE=6161 HL=c007 SP=dfb7 P1=008000 vc=4 BI
[009366] 5366 203C   JR NZ,53A4h    AF=6170 BC=0000 DE=6161 HL=c007 SP=dfb7 P1=008000 vc=4 BI
[0093a4] 53a4 FEEE   CP EEh         AF=6170 BC=0000 DE=6161 HL=c007 SP=dfb7 P1=008000 vc=4 BI
[0093a6] 53a6 2009   JR NZ,53B1h    AF=6170 BC=0000 DE=6161 HL=c007 SP=dfb7 P1=008000 vc=4 BI
[0093b1] 53b1 FEEF   CP EFh         AF=6170 BC=0000 DE=6161 HL=c007 SP=dfb7 P1=008000 vc=4 BI
[0093b3] 53b3 201C   JR NZ,53D1h    AF=6170 BC=0000 DE=6161 HL=c007 SP=dfb7 P1=008000 vc=4 BI
[0093d1] 53d1 FEFC   CP FCh         AF=6170 BC=0000 DE=6161 HL=c007 SP=dfb7 P1=008000 vc=4 BI
[0093d3] 53d3 201A   JR NZ,53EFh    AF=6170 BC=0000 DE=6161 HL=c007 SP=dfb7 P1=008000 vc=4 BI
[0093ef] 53ef FEF0   CP F0h         AF=6170 BC=0000 DE=6161 HL=c007 SP=dfb7 P1=008000 vc=4 BI
[0093f1] 53f1 2008   JR NZ,53FBh    AF=6150 BC=0000 DE=6161 HL=c007 SP=dfb7 P1=008000 vc=4 BI
[0093fb] 53fb FEF8   CP F8h         AF=6150 BC=0000 DE=6161 HL=c007 SP=dfb7 P1=008000 vc=4 BI
[0093fd] 53fd 200B   JR NZ,540Ah    AF=6170 BC=0000 DE=6161 HL=c007 SP=dfb7 P1=008000 vc=4 bI
[00940a] 540a E6F0   AND F0h        AF=6170 BC=0000 DE=6161 HL=c007 SP=dfb7 P1=008000 vc=4 bI
[00940c] 540c FEE0   CP E0h         AF=6020 BC=0000 DE=6161 HL=c007 SP=dfb7 P1=008000 vc=4 bI
[00940e] 540e 200D   JR NZ,541Dh    AF=6050 BC=0000 DE=6161 HL=c007 SP=dfb7 P1=008000 vc=4 bI
[00941d] 541d FE20   CP 20h         AF=6050 BC=0000 DE=6161 HL=c007 SP=dfb7 P1=008000 vc=4 bI
[00941f] 541f 2049   JR NZ,546Ah    AF=6040 BC=0000 DE=6161 HL=c007 SP=dfb7 P1=008000 vc=4 bI
[00946a] 546a 79     LD A,C         AF=6040 BC=0000 DE=6161 HL=c007 SP=dfb7 P1=008000 vc=4 bI
[00946b] 546b FE04   CP 04h         AF=0040 BC=0000 DE=6161 HL=c007 SP=dfb7 P1=008000 vc=4 bI
[00946d] 546d 3817   JR C,5486h     AF=0070 BC=0000 DE=6161 HL=c007 SP=dfb7 P1=008000 vc=4 bI
[009486] 5486 79     LD A,C         AF=0070 BC=0000 DE=6161 HL=c007 SP=dfb7 P1=008000 vc=4 bI
[009487] 5487 FE03   CP 03h         AF=0070 BC=0000 DE=6161 HL=c007 SP=dfb7 P1=008000 vc=4 bI
[009489] 5489 202A   JR NZ,54B5h    AF=0070 BC=0000 DE=6161 HL=c007 SP=dfb7 P1=008000 vc=4 bI
[0094b5] 54b5 7A     LD A,D         AF=0070 BC=0000 DE=6161 HL=c007 SP=dfb7 P1=008000 vc=4 bI
[0094b6] 54b6 F5     PUSH AF        AF=6170 BC=0000 DE=6161 HL=c007 SP=dfb7 P1=008000 vc=4 bI
[0094b7] 54b7 E60F   AND 0Fh        AF=6170 BC=0000 DE=6161 HL=c007 SP=dfb5 P1=008000 vc=4 bI
[0094b9] 54b9 3C     INC A          AF=0120 BC=0000 DE=6161 HL=c007 SP=dfb5 P1=008000 vc=4 bI
[0094ba] 54ba 0600   LD B,00h       AF=0200 BC=0000 DE=6161 HL=c007 SP=dfb5 P1=008000 vc=4 bI
[0094bc] 54bc 5F     LD E,A         AF=0200 BC=0000 DE=6161 HL=c007 SP=dfb5 P1=008000 vc=4 bI
[0094bd] 54bd 50     LD D,B         AF=0200 BC=0000 DE=6102 HL=c007 SP=dfb5 P1=008000 vc=4 bI
[0094be] 54be 21C6C0 LD HL,C0C6h    AF=0200 BC=0000 DE=0002 HL=c007 SP=dfb5 P1=008000 vc=4 bI
[0094c1] 54c1 09     ADD HL,BC      AF=0200 BC=0000 DE=0002 HL=c0c6 SP=dfb5 P1=008000 vc=4 bI
[0094c2] 54c2 7E     LD A,(HL)      AF=0200 BC=0000 DE=0002 HL=c0c6 SP=dfb5 P1=008000 vc=4 bI
[0094c3] 54c3 68     LD L,B         AF=0800 BC=0000 DE=0002 HL=c0c6 SP=dfb5 P1=008000 vc=4 bI
[0094c4] 54c4 CD1F58 CALL 581Fh     AF=0800 BC=0000 DE=0002 HL=c000 SP=dfb5 P1=008000 vc=4 bI
[00981f] 581f 2600   LD H,00h       AF=0800 BC=0000 DE=0002 HL=c000 SP=dfb3 P1=008000 vc=5 BI
[009821] 5821 CB3F   SRL A          AF=0800 BC=0000 DE=0002 HL=0000 SP=dfb3 P1=008000 vc=5 BI
[009823] 5823 3001   JR NC,5826h    AF=0400 BC=0000 DE=0002 HL=0000 SP=dfb3 P1=008000 vc=5 BI
[009826] 5826 CB23   SLA E          AF=0400 BC=0000 DE=0002 HL=0000 SP=dfb3 P1=008000 vc=5 BI
[009828] 5828 CB12   RL D           AF=0400 BC=0000 DE=0004 HL=0000 SP=dfb3 P1=008000 vc=5 BI
[00982a] 582a A7     AND A          AF=0480 BC=0000 DE=0004 HL=0000 SP=dfb3 P1=008000 vc=5 BI
[00982b] 582b 2802   JR Z,582Fh     AF=0420 BC=0000 DE=0004 HL=0000 SP=dfb3 P1=008000 vc=5 BI
[00982d] 582d 18F2   JR 5821h       AF=0420 BC=0000 DE=0004 HL=0000 SP=dfb3 P1=008000 vc=5 BI
[009825] 5825 19     ADD HL,DE      AF=0090 BC=0000 DE=0010 HL=0000 SP=dfb3 P1=008000 vc=5 BI
[00982f] 582f C9     RET            AF=00a0 BC=0000 DE=0020 HL=0010 SP=dfb3 P1=008000 vc=5 bI
[0094c7] 54c7 79     LD A,C         AF=00a0 BC=0000 DE=0020 HL=0010 SP=dfb5 P1=008000 vc=5 bI
[0094c8] 54c8 FE04   CP 04h         AF=00a0 BC=0000 DE=0020 HL=0010 SP=dfb5 P1=008000 vc=5 bI
[0094ca] 54ca 300A   JR NC,54D6h    AF=0070 BC=0000 DE=0020 HL=0010 SP=dfb5 P1=008000 vc=5 bI
[0094cc] 54cc FAE8C0 LD A,(C0E8h)   AF=0070 BC=0000 DE=0020 HL=0010 SP=dfb5 P1=008000 vc=5 bI
[0094cf] 54cf 57     LD D,A         AF=0070 BC=0000 DE=0020 HL=0010 SP=dfb5 P1=008000 vc=5 bI
[0094d0] 54d0 FAE9C0 LD A,(C0E9h)   AF=0070 BC=0000 DE=0020 HL=0010 SP=dfb5 P1=008000 vc=5 bI
[0094d3] 54d3 5F     LD E,A         AF=9870 BC=0000 DE=0020 HL=0010 SP=dfb5 P1=008000 vc=5 bI
[0094d4] 54d4 1813   JR 54E9h       AF=9870 BC=0000 DE=0098 HL=0010 SP=dfb5 P1=008000 vc=5 bI
[0094e9] 54e9 7D     LD A,L         AF=9870 BC=0000 DE=0098 HL=0010 SP=dfb5 P1=008000 vc=5 bI
[0094ea] 54ea 0600   LD B,00h       AF=1070 BC=0000 DE=0098 HL=0010 SP=dfb5 P1=008000 vc=5 bI
[0094ec] 54ec 21CEC0 LD HL,C0CEh    AF=1070 BC=0000 DE=0098 HL=0010 SP=dfb5 P1=008000 vc=5 bI
[0094ef] 54ef 09     ADD HL,BC      AF=1070 BC=0000 DE=0098 HL=c0ce SP=dfb5 P1=008000 vc=5 bI
[0094f0] 54f0 6E     LD L,(HL)      AF=1000 BC=0000 DE=0098 HL=c0ce SP=dfb5 P1=008000 vc=5 bI
[0094f1] 54f1 CD1F58 CALL 581Fh     AF=1000 BC=0000 DE=0098 HL=c000 SP=dfb5 P1=008000 vc=5 bI
[0094f4] 54f4 5D     LD E,L         AF=00a0 BC=0000 DE=1300 HL=0980 SP=dfb5 P1=008000 vc=6 bI
[0094f5] 54f5 54     LD D,H         AF=00a0 BC=0000 DE=1380 HL=0980 SP=dfb5 P1=008000 vc=6 bI
[0094f6] 54f6 21CEC0 LD HL,C0CEh    AF=00a0 BC=0000 DE=0980 HL=0980 SP=dfb5 P1=008000 vc=6 bI
[0094f9] 54f9 09     ADD HL,BC      AF=00a0 BC=0000 DE=0980 HL=c0ce SP=dfb5 P1=008000 vc=6 bI
[0094fa] 54fa 73     LD (HL),E      AF=0080 BC=0000 DE=0980 HL=c0ce SP=dfb5 P1=008000 vc=6 bI
[0094fb] 54fb 7A     LD A,D         AF=0080 BC=0000 DE=0980 HL=c0ce SP=dfb5 P1=008000 vc=6 bI
[0094fc] 54fc 21B6C0 LD HL,C0B6h    AF=0980 BC=0000 DE=0980 HL=c0ce SP=dfb5 P1=008000 vc=6 bI
[0094ff] 54ff 09     ADD HL,BC      AF=0980 BC=0000 DE=0980 HL=c0b6 SP=dfb5 P1=008000 vc=6 bI
[009500] 5500 77     LD (HL),A      AF=0980 BC=0000 DE=0980 HL=c0b6 SP=dfb5 P1=008000 vc=6 bI
[009501] 5501 2136C0 LD HL,C036h    AF=0980 BC=0000 DE=0980 HL=c0b6 SP=dfb5 P1=008000 vc=6 bI
[009504] 5504 09     ADD HL,BC      AF=0980 BC=0000 DE=0980 HL=c036 SP=dfb5 P1=008000 vc=6 bI
[009505] 5505 CB46   BIT 0,(HL)     AF=0980 BC=0000 DE=0980 HL=c036 SP=dfb5 P1=008000 vc=6 bI
[009507] 5507 200A   JR NZ,5513h    AF=09a0 BC=0000 DE=0980 HL=c036 SP=dfb5 P1=008000 vc=6 bI
[009509] 5509 212EC0 LD HL,C02Eh    AF=09a0 BC=0000 DE=0980 HL=c036 SP=dfb5 P1=008000 vc=6 bI
[00950c] 550c 09     ADD HL,BC      AF=09a0 BC=0000 DE=0980 HL=c02e SP=dfb5 P1=008000 vc=6 bI
[00950d] 550d CB56   BIT 2,(HL)     AF=0980 BC=0000 DE=0980 HL=c02e SP=dfb5 P1=008000 vc=6 bI
[00950f] 550f 2802   JR Z,5513h     AF=09a0 BC=0000 DE=0980 HL=c02e SP=dfb5 P1=008000 vc=6 bI
[009513] 5513 F1     POP AF         AF=09a0 BC=0000 DE=0980 HL=c02e SP=dfb5 P1=008000 vc=6 bI
[009514] 5514 E6F0   AND F0h        AF=6170 BC=0000 DE=0980 HL=c02e SP=dfb7 P1=008000 vc=6 bI
[009516] 5516 FEC0   CP C0h         AF=6020 BC=0000 DE=0980 HL=c02e SP=dfb7 P1=008000 vc=6 bI
[009518] 5518 2030   JR NZ,554Ah    AF=6050 BC=0000 DE=0980 HL=c02e SP=dfb7 P1=008000 vc=6 bI
[00954a] 554a CB37   SWAP A         AF=6050 BC=0000 DE=0980 HL=c02e SP=dfb7 P1=008000 vc=7 BI
[00954c] 554c 0600   LD B,00h       AF=0600 BC=0000 DE=0980 HL=c02e SP=dfb7 P1=008000 vc=7 BI
[00954e] 554e 21D6C0 LD HL,C0D6h    AF=0600 BC=0000 DE=0980 HL=c02e SP=dfb7 P1=008000 vc=7 BI
[009551] 5551 09     ADD HL,BC      AF=0600 BC=0000 DE=0980 HL=c0d6 SP=dfb7 P1=008000 vc=7 BI
[009552] 5552 46     LD B,(HL)      AF=0600 BC=0000 DE=0980 HL=c0d6 SP=dfb7 P1=008000 vc=7 BI
[009553] 5553 CD3058 CALL 5830h     AF=0600 BC=0500 DE=0980 HL=c0d6 SP=dfb7 P1=008000 vc=7 BI
[009830] 5830 2600   LD H,00h       AF=0600 BC=0500 DE=0980 HL=c0d6 SP=dfb5 P1=008000 vc=7 BI
[009832] 5832 6F     LD L,A         AF=0600 BC=0500 DE=0980 HL=00d6 SP=dfb5 P1=008000 vc=7 BI
[009833] 5833 29     ADD HL,HL      AF=0600 BC=0500 DE=0980 HL=0006 SP=dfb5 P1=008000 vc=7 BI
[009834] 5834 54     LD D,H         AF=0600 BC=0500 DE=0980 HL=000c SP=dfb5 P1=008000 vc=7 BI
[009835] 5835 5D     LD E,L         AF=0600 BC=0500 DE=0080 HL=000c SP=dfb5 P1=008000 vc=7 BI
[009836] 5836 21A559 LD HL,59A5h    AF=0600 BC=0500 DE=000c HL=000c SP=dfb5 P1=008000 vc=7 BI
[009839] 5839 19     ADD HL,DE      AF=0600 BC=0500 DE=000c HL=59a5 SP=dfb5 P1=008000 vc=7 BI
[00983a] 583a 5E     LD E,(HL)      AF=0600 BC=0500 DE=000c HL=59b1 SP=dfb5 P1=008000 vc=7 BI
[00983b] 583b 23     INC HL         AF=0600 BC=0500 DE=0077 HL=59b1 SP=dfb5 P1=008000 vc=7 BI
[00983c] 583c 56     LD D,(HL)      AF=0600 BC=0500 DE=0077 HL=59b2 SP=dfb5 P1=008000 vc=7 BI
[00983d] 583d 78     LD A,B         AF=0600 BC=0500 DE=fa77 HL=59b2 SP=dfb5 P1=008000 vc=7 BI
[00983e] 583e FE07   CP 07h         AF=0500 BC=0500 DE=fa77 HL=59b2 SP=dfb5 P1=008000 vc=7 BI
[009840] 5840 2807   JR Z,5849h     AF=0570 BC=0500 DE=fa77 HL=59b2 SP=dfb5 P1=008000 vc=7 BI
[009842] 5842 CB2A   SRA D          AF=0570 BC=0500 DE=fa77 HL=59b2 SP=dfb5 P1=008000 vc=7 BI
[009844] 5844 CB1B   RR E           AF=0500 BC=0500 DE=fd77 HL=59b2 SP=dfb5 P1=008000 vc=7 BI
[009846] 5846 3C     INC A          AF=0510 BC=0500 DE=fd3b HL=59b2 SP=dfb5 P1=008000 vc=7 BI
[009847] 5847 18F5   JR 583Eh       AF=0610 BC=0500 DE=fd3b HL=59b2 SP=dfb5 P1=008000 vc=7 BI
[009849] 5849 3E08   LD A,08h       AF=07c0 BC=0500 DE=fe9d HL=59b2 SP=dfb5 P1=008000 vc=7 bI
[00984b] 584b 82     ADD A,D        AF=08c0 BC=0500 DE=fe9d HL=59b2 SP=dfb5 P1=008000 vc=7 bI
[00984c] 584c 57     LD D,A         AF=0630 BC=0500 DE=fe9d HL=59b2 SP=dfb5 P1=008000 vc=7 bI
[00984d] 584d C9     RET            AF=0630 BC=0500 DE=069d HL=59b2 SP=dfb5 P1=008000 vc=7 bI
[009556] 5556 0600   LD B,00h       AF=0630 BC=0500 DE=069d HL=59b2 SP=dfb7 P1=008000 vc=7 bI
[009558] 5558 212EC0 LD HL,C02Eh    AF=0630 BC=0000 DE=069d HL=59b2 SP=dfb7 P1=008000 vc=7 bI
[00955b] 555b 09     ADD HL,BC      AF=0630 BC=0000 DE=069d HL=c02e SP=dfb7 P1=008000 vc=7 bI
[00955c] 555c CB66   BIT 4,(HL)     AF=0600 BC=0000 DE=069d HL=c02e SP=dfb7 P1=008000 vc=7 bI
[00955e] 555e 2803   JR Z,5563h     AF=06a0 BC=0000 DE=069d HL=c02e SP=dfb7 P1=008000 vc=7 bI
[009563] 5563 D5     PUSH DE        AF=06a0 BC=0000 DE=069d HL=c02e SP=dfb7 P1=008000 vc=7 bI
[009564] 5564 79     LD A,C         AF=06a0 BC=0000 DE=069d HL=c02e SP=dfb5 P1=008000 vc=7 bI
[009565] 5565 FE04   CP 04h         AF=00a0 BC=0000 DE=069d HL=c02e SP=dfb5 P1=008000 vc=7 bI
[009567] 5567 300F   JR NC,5578h    AF=0070 BC=0000 DE=069d HL=c02e SP=dfb5 P1=008000 vc=7 bI
[009569] 5569 212AC0 LD HL,C02Ah    AF=0070 BC=0000 DE=069d HL=c02e SP=dfb5 P1=008000 vc=7 bI
[00956c] 556c 1600   LD D,00h       AF=0070 BC=0000 DE=069d HL=c02a SP=dfb5 P1=008000 vc=7 bI
[00956e] 556e 5F     LD E,A         AF=0070 BC=0000 DE=009d HL=c02a SP=dfb5 P1=008000 vc=7 bI
[00956f] 556f 19     ADD HL,DE      AF=0070 BC=0000 DE=0000 HL=c02a SP=dfb5 P1=008000 vc=7 bI
[009570] 5570 7E     LD A,(HL)      AF=0000 BC=0000 DE=0000 HL=c02a SP=dfb5 P1=008000 vc=7 bI
[009571] 5571 A7     AND A          AF=0000 BC=0000 DE=0000 HL=c02a SP=dfb5 P1=008000 vc=7 bI
[009572] 5572 2002   JR NZ,5576h    AF=00a0 BC=0000 DE=0000 HL=c02a SP=dfb5 P1=008000 vc=7 bI
[009574] 5574 1802   JR 5578h       AF=00a0 BC=0000 DE=0000 HL=c02a SP=dfb5 P1=008000 vc=7 bI
[009578] 5578 0600   LD B,00h       AF=00a0 BC=0000 DE=0000 HL=c02a SP=dfb5 P1=008000 vc=7 bI
[00957a] 557a 21DEC0 LD HL,C0DEh    AF=00a0 BC=0000 DE=0000 HL=c02a SP=dfb5 P1=008000 vc=8 BI
[00957d] 557d 09     ADD HL,BC      AF=00a0 BC=0000 DE=0000 HL=c0de SP=dfb5 P1=008000 vc=8 BI
[00957e] 557e 56     LD D,(HL)      AF=0080 BC=0000 DE=0000 HL=c0de SP=dfb5 P1=008000 vc=8 BI
[00957f] 557f 0602   LD B,02h       AF=0080 BC=0000 DE=b200 HL=c0de SP=dfb5 P1=008000 vc=8 BI
[009581] 5581 CD1058 CALL 5810h     AF=0080 BC=0200 DE=b200 HL=c0de SP=dfb5 P1=008000 vc=8 BI
[009584] 5584 72     LD (HL),D      AF=1200 BC=0200 DE=b200 HL=ff12 SP=dfb5 P1=008000 vc=8 BI
[009585] 5585 CDD455 CALL 55D4h     AF=1200 BC=0200 DE=b200 HL=ff12 SP=dfb5 P1=008000 vc=8 BI
[0095d4] 55d4 0600   LD B,00h       AF=1200 BC=0200 DE=b200 HL=ff12 SP=dfb3 P1=008000 vc=8 BI
[0095d6] 55d6 21B6C0 LD HL,C0B6h    AF=1200 BC=0000 DE=b200 HL=ff12 SP=dfb3 P1=008000 vc=8 BI
[0095d9] 55d9 09     ADD HL,BC      AF=1200 BC=0000 DE=b200 HL=c0b6 SP=dfb3 P1=008000 vc=8 BI
[0095da] 55da 56     LD D,(HL)      AF=1200 BC=0000 DE=b200 HL=c0b6 SP=dfb3 P1=008000 vc=8 BI
[0095db] 55db 79     LD A,C         AF=1200 BC=0000 DE=0900 HL=c0b6 SP=dfb3 P1=008000 vc=8 BI
[0095dc] 55dc FE02   CP 02h         AF=0000 BC=0000 DE=0900 HL=c0b6 SP=dfb3 P1=008000 vc=8 BI
[0095de] 55de 280F   JR Z,55EFh     AF=0070 BC=0000 DE=0900 HL=c0b6 SP=dfb3 P1=008000 vc=8 BI
[0095e0] 55e0 FE06   CP 06h         AF=0070 BC=0000 DE=0900 HL=c0b6 SP=dfb3 P1=008000 vc=8 BI
[0095e2] 55e2 280B   JR Z,55EFh     AF=0070 BC=0000 DE=0900 HL=c0b6 SP=dfb3 P1=008000 vc=8 BI
[0095e4] 55e4 7A     LD A,D         AF=0070 BC=0000 DE=0900 HL=c0b6 SP=dfb3 P1=008000 vc=8 BI
[0095e5] 55e5 E63F   AND 3Fh        AF=0970 BC=0000 DE=0900 HL=c0b6 SP=dfb3 P1=008000 vc=8 BI
[0095e7] 55e7 57     LD D,A         AF=0920 BC=0000 DE=0900 HL=c0b6 SP=dfb3 P1=008000 vc=8 bI
[0095e8] 55e8 213EC0 LD HL,C03Eh    AF=0920 BC=0000 DE=0900 HL=c0b6 SP=dfb3 P1=008000 vc=8 bI
[0095eb] 55eb 09     ADD HL,BC      AF=0920 BC=0000 DE=0900 HL=c03e SP=dfb3 P1=008000 vc=8 bI
[0095ec] 55ec 7E     LD A,(HL)      AF=0900 BC=0000 DE=0900 HL=c03e SP=dfb3 P1=008000 vc=8 bI
[0095ed] 55ed B2     OR D           AF=4000 BC=0000 DE=0900 HL=c03e SP=dfb3 P1=008000 vc=8 bI
[0095ee] 55ee 57     LD D,A         AF=4900 BC=0000 DE=0900 HL=c03e SP=dfb3 P1=008000 vc=8 bI
[0095ef] 55ef 0601   LD B,01h       AF=4900 BC=0000 DE=4900 HL=c03e SP=dfb3 P1=008000 vc=8 bI
[0095f1] 55f1 CD1058 CALL 5810h     AF=4900 BC=0100 DE=4900 HL=c03e SP=dfb3 P1=008000 vc=8 bI
[0095f4] 55f4 72     LD (HL),D      AF=1100 BC=0100 DE=4900 HL=ff11 SP=dfb3 P1=008000 vc=8 bI
[0095f5] 55f5 C9     RET            AF=1100 BC=0100 DE=4900 HL=ff11 SP=dfb3 P1=008000 vc=8 bI
[009588] 5588 CDA355 CALL 55A3h     AF=1100 BC=0100 DE=4900 HL=ff11 SP=dfb5 P1=008000 vc=8 bI
[0095a3] 55a3 0600   LD B,00h       AF=1100 BC=0100 DE=4900 HL=ff11 SP=dfb3 P1=008000 vc=8 bI
[0095a5] 55a5 CD7259 CALL 5972h     AF=1100 BC=0000 DE=4900 HL=ff11 SP=dfb3 P1=008000 vc=9 BI
[009972] 5972 F5     PUSH AF        AF=1100 BC=0000 DE=4900 HL=ff11 SP=dfb1 P1=008000 vc=9 BI
[009973] 5973 C5     PUSH BC        AF=1100 BC=0000 DE=4900 HL=ff11 SP=dfaf P1=008000 vc=9 BI
[009974] 5974 FA54D3 LD A,(D354h)   AF=1100 BC=0000 DE=4900 HL=ff11 SP=dfad P1=008000 vc=9 BI
[009977] 5977 E630   AND 30h        AF=0300 BC=0000 DE=4900 HL=ff11 SP=dfad P1=008000 vc=9 BI
[009979] 5979 CB3F   SRL A          AF=00a0 BC=0000 DE=4900 HL=ff11 SP=dfad P1=008000 vc=9 BI
[00997b] 597b 4F     LD C,A         AF=0080 BC=0000 DE=4900 HL=ff11 SP=dfad P1=008000 vc=9 BI
[00997c] 597c 0600   LD B,00h       AF=0080 BC=0000 DE=4900 HL=ff11 SP=dfad P1=008000 vc=9 BI
[00997e] 597e 218559 LD HL,5985h    AF=0080 BC=0000 DE=4900 HL=ff11 SP=dfad P1=008000 vc=9 BI
[009981] 5981 09     ADD HL,BC      AF=0080 BC=0000 DE=4900 HL=5985 SP=dfad P1=008000 vc=9 BI
[009982] 5982 C1     POP BC         AF=0080 BC=0000 DE=4900 HL=5985 SP=dfad P1=008000 vc=9 BI
[009983] 5983 F1     POP AF         AF=0080 BC=0000 DE=4900 HL=5985 SP=dfaf P1=008000 vc=9 BI
[009984] 5984 C9     RET            AF=1100 BC=0000 DE=4900 HL=5985 SP=dfb1 P1=008000 vc=9 BI
[0095a8] 55a8 09     ADD HL,BC      AF=1100 BC=0000 DE=4900 HL=5985 SP=dfb3 P1=008000 vc=9 BI
[0095a9] 55a9 F025   LD A,(FF25h)   AF=1100 BC=0000 DE=4900 HL=5985 SP=dfb3 P1=008000 vc=9 BI
[0095ab] 55ab B6     OR (HL)        AF=ff00 BC=0000 DE=4900 HL=5985 SP=dfb3 P1=008000 vc=9 BI
[0095ac] 55ac 57     LD D,A         AF=ff00 BC=0000 DE=4900 HL=5985 SP=dfb3 P1=008000 vc=9 BI
[0095ad] 55ad 79     LD A,C         AF=ff00 BC=0000 DE=ff00 HL=5985 SP=dfb3 P1=008000 vc=9 BI
[0095ae] 55ae FE07   CP 07h         AF=0000 BC=0000 DE=ff00 HL=5985 SP=dfb3 P1=008000 vc=9 BI
[0095b0] 55b0 280C   JR Z,55BEh     AF=0070 BC=0000 DE=ff00 HL=5985 SP=dfb3 P1=008000 vc=9 BI
[0095b2] 55b2 FE04   CP 04h         AF=0070 BC=0000 DE=ff00 HL=5985 SP=dfb3 P1=008000 vc=9 BI
[0095b4] 55b4 301A   JR NC,55D0h    AF=0070 BC=0000 DE=ff00 HL=5985 SP=dfb3 P1=008000 vc=9 BI
[0095b6] 55b6 212AC0 LD HL,C02Ah    AF=0070 BC=0000 DE=ff00 HL=5985 SP=dfb3 P1=008000 vc=9 BI
[0095b9] 55b9 09     ADD HL,BC      AF=0070 BC=0000 DE=ff00 HL=c02a SP=dfb3 P1=008000 vc=9 BI
[0095ba] 55ba 7E     LD A,(HL)      AF=0000 BC=0000 DE=ff00 HL=c02a SP=dfb3 P1=008000 vc=9 bI
[0095bb] 55bb A7     AND A          AF=0000 BC=0000 DE=ff00 HL=c02a SP=dfb3 P1=008000 vc=9 bI
[0095bc] 55bc 2012   JR NZ,55D0h    AF=00a0 BC=0000 DE=ff00 HL=c02a SP=dfb3 P1=008000 vc=9 bI
[0095be] 55be FA04C0 LD A,(C004h)   AF=00a0 BC=0000 DE=ff00 HL=c02a SP=dfb3 P1=008000 vc=9 bI
[0095c1] 55c1 CD7259 CALL 5972h     AF=ffa0 BC=0000 DE=ff00 HL=c02a SP=dfb3 P1=008000 vc=9 bI
[0095c4] 55c4 09     ADD HL,BC      AF=ffa0 BC=0000 DE=ff00 HL=5985 SP=dfb3 P1=008000 vc=9 bI
[0095c5] 55c5 A6     AND (HL)       AF=ff80 BC=0000 DE=ff00 HL=5985 SP=dfb3 P1=008000 vc=10 BI
[0095c6] 55c6 57     LD D,A         AF=1120 BC=0000 DE=ff00 HL=5985 SP=dfb3 P1=008000 vc=10 BI
[0095c7] 55c7 F025   LD A,(FF25h)   AF=1120 BC=0000 DE=1100 HL=5985 SP=dfb3 P1=008000 vc=10 BI
[0095c9] 55c9 216A59 LD HL,596Ah    AF=ff20 BC=0000 DE=1100 HL=5985 SP=dfb3 P1=008000 vc=10 BI
[0095cc] 55cc 09     ADD HL,BC      AF=ff20 BC=0000 DE=1100 HL=596a SP=dfb3 P1=008000 vc=10 BI
[0095cd] 55cd A6     AND (HL)       AF=ff00 BC=0000 DE=1100 HL=596a SP=dfb3 P1=008000 vc=10 BI
[0095ce] 55ce B2     OR D           AF=ee20 BC=0000 DE=1100 HL=596a SP=dfb3 P1=008000 vc=10 BI
[0095cf] 55cf 57     LD D,A         AF=ff00 BC=0000 DE=1100 HL=596a SP=dfb3 P1=008000 vc=10 BI
[0095d0] 55d0 7A     LD A,D         AF=ff00 BC=0000 DE=ff00 HL=596a SP=dfb3 P1=008000 vc=10 BI
[0095d1] 55d1 E025   LD (FF25h),A   AF=ff00 BC=0000 DE=ff00 HL=596a SP=dfb3 P1=008000 vc=10 BI
[0095d3] 55d3 C9     RET            AF=ff00 BC=0000 DE=ff00 HL=596a SP=dfb3 P1=008000 vc=10 BI
[00958b] 558b D1     POP DE         AF=ff00 BC=0000 DE=ff00 HL=596a SP=dfb5 P1=008000 vc=10 BI
[00958c] 558c 0600   LD B,00h       AF=ff00 BC=0000 DE=069d HL=596a SP=dfb7 P1=008000 vc=10 BI
[00958e] 558e 212EC0 LD HL,C02Eh    AF=ff00 BC=0000 DE=069d HL=596a SP=dfb7 P1=008000 vc=10 BI
[009591] 5591 09     ADD HL,BC      AF=ff00 BC=0000 DE=069d HL=c02e SP=dfb7 P1=008000 vc=10 BI
[009592] 5592 CB46   BIT 0,(HL)     AF=ff00 BC=0000 DE=069d HL=c02e SP=dfb7 P1=008000 vc=10 BI
[009594] 5594 2804   JR Z,559Ah     AF=ffa0 BC=0000 DE=069d HL=c02e SP=dfb7 P1=008000 vc=10 BI
[00959a] 559a 2166C0 LD HL,C066h    AF=ffa0 BC=0000 DE=069d HL=c02e SP=dfb7 P1=008000 vc=10 BI
[00959d] 559d 09     ADD HL,BC      AF=ffa0 BC=0000 DE=069d HL=c066 SP=dfb7 P1=008000 vc=10 BI
[00959e] 559e 73     LD (HL),E      AF=ff80 BC=0000 DE=069d HL=c066 SP=dfb7 P1=008000 vc=10 BI
[00959f] 559f CDF655 CALL 55F6h     AF=ff80 BC=0000 DE=069d HL=c066 SP=dfb7 P1=008000 vc=10 BI
[0095f6] 55f6 79     LD A,C         AF=ff80 BC=0000 DE=069d HL=c066 SP=dfb5 P1=008000 vc=10 BI
[0095f7] 55f7 FE02   CP 02h         AF=0080 BC=0000 DE=069d HL=c066 SP=dfb5 P1=008000 vc=10 BI
[0095f9] 55f9 2804   JR Z,55FFh     AF=0070 BC=0000 DE=069d HL=c066 SP=dfb5 P1=008000 vc=10 BI
[0095fb] 55fb FE06   CP 06h         AF=0070 BC=0000 DE=069d HL=c066 SP=dfb5 P1=008000 vc=10 BI
[0095fd] 55fd 202D   JR NZ,562Ch    AF=0070 BC=0000 DE=069d HL=c066 SP=dfb5 P1=008000 vc=10 BI
[00962c] 562c 7A     LD A,D         AF=0070 BC=0000 DE=069d HL=c066 SP=dfb5 P1=008000 vc=10 BI
[00962d] 562d F680   OR 80h         AF=0670 BC=0000 DE=069d HL=c066 SP=dfb5 P1=008000 vc=10 bI
[00962f] 562f E6C7   AND C7h        AF=8600 BC=0000 DE=069d HL=c066 SP=dfb5 P1=008000 vc=10 bI
[009631] 5631 57     LD D,A         AF=8620 BC=0000 DE=069d HL=c066 SP=dfb5 P1=008000 vc=10 bI
[009632] 5632 0603   LD B,03h       AF=8620 BC=0000 DE=869d HL=c066 SP=dfb5 P1=008000 vc=10 bI
[009634] 5634 CD1058 CALL 5810h     AF=8620 BC=0300 DE=869d HL=c066 SP=dfb5 P1=008000 vc=10 bI
[009637] 5637 73     LD (HL),E      AF=1300 BC=0300 DE=869d HL=ff13 SP=dfb5 P1=008000 vc=10 bI
[009638] 5638 23     INC HL         AF=1300 BC=0300 DE=869d HL=ff13 SP=dfb5 P1=008000 vc=10 bI
[009639] 5639 72     LD (HL),D      AF=1300 BC=0300 DE=869d HL=ff14 SP=dfb5 P1=008000 vc=10 bI
[00963a] 563a 79     LD A,C         AF=1300 BC=0300 DE=869d HL=ff14 SP=dfb5 P1=008000 vc=10 bI
[00963b] 563b FE04   CP 04h         AF=0000 BC=0300 DE=869d HL=ff14 SP=dfb5 P1=008000 vc=10 bI
[00963d] 563d 3803   JR C,5642h     AF=0070 BC=0300 DE=869d HL=ff14 SP=dfb5 P1=008000 vc=10 bI
[009642] 5642 C9     RET            AF=0070 BC=0300 DE=869d HL=ff14 SP=dfb5 P1=008000 vc=10 bI
[0095a2] 55a2 C9     RET            AF=0070 BC=0300 DE=869d HL=ff14 SP=dfb7 P1=008000 vc=10 bI
[00918f] 518f C9     RET            AF=0070 BC=0300 DE=869d HL=ff14 SP=dfb9 P1=008000 vc=11 BI
[009134] 5134 35     DEC (HL)       AF=0620 BC=0001 DE=119d HL=c05f SP=dfb9 P1=008000 vc=12 BI
[009135] 5135 C9     RET            AF=0640 BC=0001 DE=119d HL=c05f SP=dfb9 P1=008000 vc=12 BI
[001b50] 1b50 21A0C3 LD HL,C3A0h    AF=00a0 BC=00ee DE=3ed2 HL=5b13 SP=dfc1 P1=0a0000 vc=144 bI
[001b53] 1b53 F9     LD SP,HL       AF=00a0 BC=00ee DE=3ed2 HL=c3a0 SP=dfc1 P1=0a0000 vc=144 bI
[001b54] 1b54 F0BD   LD A,(FFBDh)   AF=00a0 BC=00ee DE=3ed2 HL=c3a0 SP=c3a0 P1=0a0000 vc=144 bI
[001b56] 1b56 67     LD H,A         AF=9ca0 BC=00ee DE=3ed2 HL=c3a0 SP=c3a0 P1=0a0000 vc=144 bI
[001b57] 1b57 F0BC   LD A,(FFBCh)   AF=9ca0 BC=00ee DE=3ed2 HL=9ca0 SP=c3a0 P1=0a0000 vc=144 bI
[001b59] 1b59 6F     LD L,A         AF=00a0 BC=00ee DE=3ed2 HL=9ca0 SP=c3a0 P1=0a0000 vc=144 bI
[001b5a] 1b5a 3E01   LD A,01h       AF=00a0 BC=00ee DE=3ed2 HL=9c00 SP=c3a0 P1=0a0000 vc=144 bI
[001b5c] 1b5c 1810   JR 1B6Eh       AF=01a0 BC=00ee DE=3ed2 HL=9c00 SP=c3a0 P1=0a0000 vc=144 bI
[003bfe] 3bfe F08C   LD A,(FF8Ch)   AF=00c0 BC=eeee DE=3ed2 HL=c4f2 SP=dfcd P1=0a0000 vc=124 BI
[003c00] 3c00 3D     DEC A          AF=03c0 BC=eeee DE=3ed2 HL=c4f2 SP=dfcd P1=0a0000 vc=124 BI
[003c01] 3c01 E08C   LD (FF8Ch),A   AF=0240 BC=eeee DE=3ed2 HL=c4f2 SP=dfcd P1=0a0000 vc=124 BI
[003c03] 3c03 C0     RET NZ         AF=0240 BC=eeee DE=3ed2 HL=c4f2 SP=dfcd P1=0a0000 vc=124 BI
[00383f] 383f F0B4   LD A,(FFB4h)   AF=00a0 BC=00ee DE=0000 HL=5b13 SP=dfcf P1=0a0000 vc=9 bI
[003841] 3841 E603   AND 03h        AF=00a0 BC=00ee DE=0000 HL=5b13 SP=dfcf P1=0a0000 vc=9 bI
[003843] 3843 2808   JR Z,384Dh     AF=00a0 BC=00ee DE=0000 HL=5b13 SP=dfcf P1=0a0000 vc=9 bI
[00384d] 384d 3E05   LD A,05h       AF=00a0 BC=00ee DE=0000 HL=5b13 SP=dfcf P1=0a0000 vc=9 bI
[00384f] 384f E0D5   LD (FFD5h),A   AF=05a0 BC=00ee DE=0000 HL=5b13 SP=dfcf P1=0a0000 vc=9 bI
[003851] 3851 C9     RET            AF=05a0 BC=00ee DE=0000 HL=5b13 SP=dfcf P1=0a0000 vc=9 bI
[00951a] 551a 79     LD A,C         AF=c0c0 BC=0002 DE=0f00 HL=c030 SP=dfbb P1=008000 vc=9 BI
[00951b] 551b FE04   CP 04h         AF=02c0 BC=0002 DE=0f00 HL=c030 SP=dfbb P1=008000 vc=9 BI
[00951d] 551d 3008   JR NC,5527h    AF=0270 BC=0002 DE=0f00 HL=c030 SP=dfbb P1=008000 vc=9 BI
[00951f] 551f 212AC0 LD HL,C02Ah    AF=0270 BC=0002 DE=0f00 HL=c030 SP=dfbb P1=008000 vc=9 bI
[009522] 5522 09     ADD HL,BC      AF=0270 BC=0002 DE=0f00 HL=c02a SP=dfbb P1=008000 vc=9 bI
[009523] 5523 7E     LD A,(HL)      AF=0200 BC=0002 DE=0f00 HL=c02c SP=dfbb P1=008000 vc=9 bI
[009524] 5524 A7     AND A          AF=0000 BC=0002 DE=0f00 HL=c02c SP=dfbb P1=008000 vc=9 bI
[009525] 5525 2022   JR NZ,5549h    AF=00a0 BC=0002 DE=0f00 HL=c02c SP=dfbb P1=008000 vc=9 bI
[009527] 5527 79     LD A,C         AF=00a0 BC=0002 DE=0f00 HL=c02c SP=dfbb P1=008000 vc=9 bI
[009528] 5528 FE02   CP 02h         AF=02a0 BC=0002 DE=0f00 HL=c02c SP=dfbb P1=008000 vc=9 bI
[00952a] 552a 2804   JR Z,5530h     AF=02c0 BC=0002 DE=0f00 HL=c02c SP=dfbb P1=008000 vc=9 bI
[009530] 5530 0600   LD B,00h       AF=02c0 BC=0002 DE=0f00 HL=c02c SP=dfbb P1=008000 vc=9 bI
[009532] 5532 216A59 LD HL,596Ah    AF=02c0 BC=0002 DE=0f00 HL=c02c SP=dfbb P1=008000 vc=9 bI
[009535] 5535 09     ADD HL,BC      AF=02c0 BC=0002 DE=0f00 HL=596a SP=dfbb P1=008000 vc=9 bI
[009536] 5536 F025   LD A,(FF25h)   AF=0280 BC=0002 DE=0f00 HL=596c SP=dfbb P1=008000 vc=9 bI
[009538] 5538 A6     AND (HL)       AF=ff80 BC=0002 DE=0f00 HL=596c SP=dfbb P1=008000 vc=9 bI
[009539] 5539 E025   LD (FF25h),A   AF=bb20 BC=0002 DE=0f00 HL=596c SP=dfbb P1=008000 vc=9 bI
[00953b] 553b 180C   JR 5549h       AF=bb20 BC=0002 DE=0f00 HL=596c SP=dfbb P1=008000 vc=9 bI
[009549] 5549 C9     RET            AF=bb20 BC=0002 DE=0f00 HL=596c SP=dfbb P1=008000 vc=9 bI
[00948b] 548b 7A     LD A,D         AF=03c0 BC=0003 DE=b1b1 HL=c00d SP=dfbb P1=008000 vc=12 BI
[00948c] 548c E6F0   AND F0h        AF=b1c0 BC=0003 DE=b1b1 HL=c00d SP=dfbb P1=008000 vc=12 BI
[00948e] 548e FEB0   CP B0h         AF=b020 BC=0003 DE=b1b1 HL=c00d SP=dfbb P1=008000 vc=12 BI
[009490] 5490 280E   JR Z,54A0h     AF=b0c0 BC=0003 DE=b1b1 HL=c00d SP=dfbb P1=008000 vc=12 BI
[0094a0] 54a0 7A     LD A,D         AF=b0c0 BC=0003 DE=b1b1 HL=c00d SP=dfbb P1=008000 vc=12 BI
[0094a1] 54a1 E60F   AND 0Fh        AF=b1c0 BC=0003 DE=b1b1 HL=c00d SP=dfbb P1=008000 vc=12 BI
[0094a3] 54a3 F5     PUSH AF        AF=0120 BC=0003 DE=b1b1 HL=c00d SP=dfbb P1=008000 vc=12 BI
[0094a4] 54a4 C5     PUSH BC        AF=0120 BC=0003 DE=b1b1 HL=c00d SP=dfb9 P1=008000 vc=12 bI
[0094a5] 54a5 CD0C58 CALL 580Ch     AF=0120 BC=0003 DE=b1b1 HL=c00d SP=dfb7 P1=008000 vc=12 bI
[0094a8] 54a8 57     LD D,A         AF=0320 BC=0003 DE=5e03 HL=c00d SP=dfb7 P1=008000 vc=13 BI
[0094a9] 54a9 FA03C0 LD A,(C003h)   AF=0320 BC=0003 DE=0303 HL=c00d SP=dfb7 P1=008000 vc=13 BI
[0094ac] 54ac A7     AND A          AF=0020 BC=0003 DE=0303 HL=c00d SP=dfb7 P1=008000 vc=13 BI
[0094ad] 54ad 2004   JR NZ,54B3h    AF=00a0 BC=0003 DE=0303 HL=c00d SP=dfb7 P1=008000 vc=13 BI
[0094af] 54af 42     LD B,D         AF=00a0 BC=0003 DE=0303 HL=c00d SP=dfb7 P1=008000 vc=13 BI
[0094b0] 54b0 CDEC22 CALL 22ECh     AF=00a0 BC=0303 DE=0303 HL=c00d SP=dfb7 P1=008000 vc=13 BI
[0022ec] 22ec F0B8   LD A,(FFB8h)   AF=00a0 BC=0303 DE=0303 HL=c00d SP=dfb5 P1=008000 vc=13 bI
[0022ee] 22ee F5     PUSH AF        AF=02a0 BC=0303 DE=0303 HL=c00d SP=dfb5 P1=008000 vc=13 bI
[0022ef] 22ef FAEFC0 LD A,(C0EFh)   AF=02a0 BC=0303 DE=0303 HL=c00d SP=dfb3 P1=008000 vc=13 bI
[0022f2] 22f2 CD7E3E CALL 3E7Eh     AF=02a0 BC=0303 DE=0303 HL=c00d SP=dfb3 P1=008000 vc=13 bI
[0022f5] 22f5 FE02   CP 02h         AF=02a0 BC=0303 DE=0303 HL=c00d SP=dfb3 P1=008000 vc=13 bI
[0022f7] 22f7 2006   JR NZ,22FFh    AF=02c0 BC=0303 DE=0303 HL=c00d SP=dfb3 P1=008000 vc=13 bI
[0022f9] 22f9 78     LD A,B         AF=02c0 BC=0303 DE=0303 HL=c00d SP=dfb3 P1=008000 vc=13 bI
[0022fa] 22fa CD4E58 CALL 584Eh     AF=03c0 BC=0303 DE=0303 HL=c00d SP=dfb3 P1=008000 vc=13 bI
[00984e] 584e EA01C0 LD (C001h),A   AF=03c0 BC=0303 DE=0303 HL=c00d SP=dfb1 P1=008000 vc=13 bI
[009851] 5851 FA01C0 LD A,(C001h)   AF=03c0 BC=0303 DE=0303 HL=c00d SP=dfb1 P1=008000 vc=13 bI
[009854] 5854 FEFF   CP FFh         AF=03c0 BC=0303 DE=0303 HL=c00d SP=dfb1 P1=008000 vc=14 BI
[009856] 5856 CACF58 JP Z,58CFh     AF=0370 BC=0303 DE=0303 HL=c00d SP=dfb1 P1=008000 vc=14 BI
[009859] 5859 FEB9   CP B9h         AF=0370 BC=0303 DE=0303 HL=c00d SP=dfb1 P1=008000 vc=14 BI
[00985b] 585b CA6E58 JP Z,586Eh     AF=0370 BC=0303 DE=0303 HL=c00d SP=dfb1 P1=008000 vc=14 BI
[00985e] 585e DA6E58 JP C,586Eh     AF=0370 BC=0303 DE=0303 HL=c00d SP=dfb1 P1=008000 vc=14 BI
[00986e] 586e 6F     LD L,A         AF=0370 BC=0303 DE=0303 HL=c00d SP=dfb1 P1=008000 vc=14 BI
[00986f] 586f 5F     LD E,A         AF=0370 BC=0303 DE=0303 HL=c003 SP=dfb1 P1=008000 vc=14 BI
[009870] 5870 2600   LD H,00h       AF=0370 BC=0303 DE=0303 HL=c003 SP=dfb1 P1=008000 vc=14 BI
[009872] 5872 54     LD D,H         AF=0370 BC=0303 DE=0303 HL=0003 SP=dfb1 P1=008000 vc=14 BI
[009873] 5873 29     ADD HL,HL      AF=0370 BC=0303 DE=0003 HL=0003 SP=dfb1 P1=008000 vc=14 BI
[009874] 5874 19     ADD HL,DE      AF=0300 BC=0303 DE=0003 HL=0006 SP=dfb1 P1=008000 vc=14 BI
[009875] 5875 110040 LD DE,4000h    AF=0300 BC=0303 DE=0003 HL=0009 SP=dfb1 P1=008000 vc=14 BI
[009878] 5878 19     ADD HL,DE      AF=0300 BC=0303 DE=4000 HL=0009 SP=dfb1 P1=008000 vc=14 BI
[009879] 5879 7C     LD A,H         AF=0300 BC=0303 DE=4000 HL=4009 SP=dfb1 P1=008000 vc=14 BI
[00987a] 587a EAECC0 LD (C0ECh),A   AF=4000 BC=0303 DE=4000 HL=4009 SP=dfb1 P1=008000 vc=14 BI
[00987d] 587d 7D     LD A,L         AF=4000 BC=0303 DE=4000 HL=4009 SP=dfb1 P1=008000 vc=14 BI
[00987e] 587e EAEDC0 LD (C0EDh),A   AF=0900 BC=0303 DE=4000 HL=4009 SP=dfb1 P1=008000 vc=14 BI
[009881] 5881 7E     LD A,(HL)      AF=0900 BC=0303 DE=4000 HL=4009 SP=dfb1 P1=008000 vc=14 BI
[009882] 5882 E6C0   AND C0h        AF=0700 BC=0303 DE=4000 HL=4009 SP=dfb1 P1=008000 vc=14 BI
[009884] 5884 07     RLCA           AF=00a0 BC=0303 DE=4000 HL=4009 SP=dfb1 P1=008000 vc=14 BI
[009885] 5885 07     RLCA           AF=0000 BC=0303 DE=4000 HL=4009 SP=dfb1 P1=008000 vc=14 BI
[009886] 5886 4F     LD C,A         AF=0000 BC=0303 DE=4000 HL=4009 SP=dfb1 P1=008000 vc=14 BI
[009887] 5887 51     LD D,C         AF=0000 BC=0300 DE=4000 HL=4009 SP=dfb1 P1=008000 vc=14 BI
[009888] 5888 79     LD A,C         AF=0000 BC=0300 DE=0000 HL=4009 SP=dfb1 P1=008000 vc=14 BI
[009889] 5889 87     ADD A,A        AF=0000 BC=0300 DE=0000 HL=4009 SP=dfb1 P1=008000 vc=14 BI
[00988a] 588a 81     ADD A,C        AF=0080 BC=0300 DE=0000 HL=4009 SP=dfb1 P1=008000 vc=14 BI
[00988b] 588b 4F     LD C,A         AF=0080 BC=0300 DE=0000 HL=4009 SP=dfb1 P1=008000 vc=14 BI
[00988c] 588c 0600   LD B,00h       AF=0080 BC=0300 DE=0000 HL=4009 SP=dfb1 P1=008000 vc=14 BI
[00988e] 588e FAECC0 LD A,(C0ECh)   AF=0080 BC=0000 DE=0000 HL=4009 SP=dfb1 P1=008000 vc=14 BI
[009891] 5891 67     LD H,A         AF=4080 BC=0000 DE=0000 HL=4009 SP=dfb1 P1=008000 vc=14 BI
[009892] 5892 FAEDC0 LD A,(C0EDh)   AF=4080 BC=0000 DE=0000 HL=4009 SP=dfb1 P1=008000 vc=14 BI
[009895] 5895 6F     LD L,A         AF=0980 BC=0000 DE=0000 HL=4009 SP=dfb1 P1=008000 vc=14 BI
[009896] 5896 09     ADD HL,BC      AF=0980 BC=0000 DE=0000 HL=4009 SP=dfb1 P1=008000 vc=14 BI
[009897] 5897 4A     LD C,D         AF=0980 BC=0000 DE=0000 HL=4009 SP=dfb1 P1=008000 vc=14 bI
[009898] 5898 7E     LD A,(HL)      AF=0980 BC=0000 DE=0000 HL=4009 SP=dfb1 P1=008000 vc=14 bI
[009899] 5899 E60F   AND 0Fh        AF=0780 BC=0000 DE=0000 HL=4009 SP=dfb1 P1=008000 vc=14 bI
[00989b] 589b 5F     LD E,A         AF=0720 BC=0000 DE=0000 HL=4009 SP=dfb1 P1=008000 vc=14 bI
[00989c] 589c 1600   LD D,00h       AF=0720 BC=0000 DE=0007 HL=4009 SP=dfb1 P1=008000 vc=14 bI
[00989e] 589e 2126C0 LD HL,C026h    AF=0720 BC=0000 DE=0007 HL=4009 SP=dfb1 P1=008000 vc=14 bI
[0098a1] 58a1 19     ADD HL,DE      AF=0720 BC=0000 DE=0007 HL=c026 SP=dfb1 P1=008000 vc=14 bI
[0098a2] 58a2 7E     LD A,(HL)      AF=0700 BC=0000 DE=0007 HL=c02d SP=dfb1 P1=008000 vc=14 bI
[0098a3] 58a3 A7     AND A          AF=0000 BC=0000 DE=0007 HL=c02d SP=dfb1 P1=008000 vc=14 bI
[0098a4] 58a4 281D   JR Z,58C3h     AF=00a0 BC=0000 DE=0007 HL=c02d SP=dfb1 P1=008000 vc=14 bI
[0098c3] 58c3 CDC022 CALL 22C0h     AF=00a0 BC=0000 DE=0007 HL=c02d SP=dfb1 P1=008000 vc=14 bI
[0022c0] 22c0 E5     PUSH HL        AF=00a0 BC=0000 DE=0007 HL=c02d SP=dfaf P1=008000 vc=14 bI
[0022c1] 22c1 D5     PUSH DE        AF=00a0 BC=0000 DE=0007 HL=c02d SP=dfad P1=008000 vc=14 bI
[0022c2] 22c2 C5     PUSH BC        AF=00a0 BC=0000 DE=0007 HL=c02d SP=dfab P1=008000 vc=14 bI
[0022c3] 22c3 F0B8   LD A,(FFB8h)   AF=00a0 BC=0000 DE=0007 HL=c02d SP=dfa9 P1=008000 vc=14 bI
[0022c5] 22c5 F5     PUSH AF        AF=02a0 BC=0000 DE=0007 HL=c02d SP=dfa9 P1=008000 vc=14 bI
[0022c6] 22c6 3E08   LD A,08h       AF=02a0 BC=0000 DE=0007 HL=c02d SP=dfa7 P1=008000 vc=14 bI
[0022c8] 22c8 CD7E3E CALL 3E7Eh     AF=08a0 BC=0000 DE=0007 HL=c02d SP=dfa7 P1=008000 vc=14 bI
[0022cb] 22cb CDB75A CALL 5AB7h     AF=08a0 BC=0000 DE=0007 HL=c02d SP=dfa7 P1=020000 vc=15 BI
[021ab7] 5ab7 AF     XOR A          AF=08a0 BC=0000 DE=0007 HL=c02d SP=dfa5 P1=020000 vc=15 BI
[021ab8] 5ab8 D5     PUSH DE        AF=0080 BC=0000 DE=0007 HL=c02d SP=dfa5 P1=020000 vc=15 BI
[021ab9] 5ab9 62     LD H,D         AF=0080 BC=0000 DE=0007 HL=c02d SP=dfa3 P1=020000 vc=15 BI
[021aba] 5aba 6B     LD L,E         AF=0080 BC=0000 DE=0007 HL=002d SP=dfa3 P1=020000 vc=15 BI
[021abb] 5abb 29     ADD HL,HL      AF=0080 BC=0000 DE=0007 HL=0007 SP=dfa3 P1=020000 vc=15 BI
[021abc] 5abc 54     LD D,H         AF=0080 BC=0000 DE=0007 HL=000e SP=dfa3 P1=020000 vc=15 BI
[021abd] 5abd 5D     LD E,L         AF=0080 BC=0000 DE=0007 HL=000e SP=dfa3 P1=020000 vc=15 BI
[021abe] 5abe 2116C0 LD HL,C016h    AF=0080 BC=0000 DE=000e HL=000e SP=dfa3 P1=020000 vc=15 BI
[021ac1] 5ac1 19     ADD HL,DE      AF=0080 BC=0000 DE=000e HL=c016 SP=dfa3 P1=020000 vc=15 BI
[021ac2] 5ac2 22     LDI (HL),A     AF=0080 BC=0000 DE=000e HL=c024 SP=dfa3 P1=020000 vc=15 BI
[021ac3] 5ac3 77     LD (HL),A      AF=0080 BC=0000 DE=000e HL=c025 SP=dfa3 P1=020000 vc=15 BI
[021ac4] 5ac4 2106C0 LD HL,C006h    AF=0080 BC=0000 DE=000e HL=c025 SP=dfa3 P1=020000 vc=15 BI
[021ac7] 5ac7 19     ADD HL,DE      AF=0080 BC=0000 DE=000e HL=c006 SP=dfa3 P1=020000 vc=15 BI
[021ac8] 5ac8 22     LDI (HL),A     AF=0080 BC=0000 DE=000e HL=c014 SP=dfa3 P1=020000 vc=15 BI
[021ac9] 5ac9 77     LD (HL),A      AF=0080 BC=0000 DE=000e HL=c015 SP=dfa3 P1=020000 vc=15 BI
[021aca] 5aca D1     POP DE         AF=0080 BC=0000 DE=000e HL=c015 SP=dfa3 P1=020000 vc=15 BI
[021acb] 5acb 2126C0 LD HL,C026h    AF=0080 BC=0000 DE=0007 HL=c015 SP=dfa5 P1=020000 vc=15 BI
[021ace] 5ace 19     ADD HL,DE      AF=0080 BC=0000 DE=0007 HL=c026 SP=dfa5 P1=020000 vc=15 BI
[021acf] 5acf 77     LD (HL),A      AF=0080 BC=0000 DE=0007 HL=c02d SP=dfa5 P1=020000 vc=15 BI
[021ad0] 5ad0 212EC0 LD HL,C02Eh    AF=0080 BC=0000 DE=0007 HL=c02d SP=dfa5 P1=020000 vc=15 BI
[021ad3] 5ad3 19     ADD HL,DE      AF=0080 BC=0000 DE=0007 HL=c02e SP=dfa5 P1=020000 vc=15 BI
[021ad4] 5ad4 77     LD (HL),A      AF=0080 BC=0000 DE=0007 HL=c035 SP=dfa5 P1=020000 vc=15 bI
[021ad5] 5ad5 213EC0 LD HL,C03Eh    AF=0080 BC=0000 DE=0007 HL=c035 SP=dfa5 P1=020000 vc=15 bI
[021ad8] 5ad8 19     ADD HL,DE      AF=0080 BC=0000 DE=0007 HL=c03e SP=dfa5 P1=020000 vc=15 bI
[021ad9] 5ad9 77     LD (HL),A      AF=0080 BC=0000 DE=0007 HL=c045 SP=dfa5 P1=020000 vc=15 bI
[021ada] 5ada 2146C0 LD HL,C046h    AF=0080 BC=0000 DE=0007 HL=c045 SP=dfa5 P1=020000 vc=15 bI
[021add] 5add 19     ADD HL,DE      AF=0080 BC=0000 DE=0007 HL=c046 SP=dfa5 P1=020000 vc=15 bI
[021ade] 5ade 77     LD (HL),A      AF=0080 BC=0000 DE=0007 HL=c04d SP=dfa5 P1=020000 vc=15 bI
[021adf] 5adf 214EC0 LD HL,C04Eh    AF=0080 BC=0000 DE=0007 HL=c04d SP=dfa5 P1=020000 vc=15 bI
[021ae2] 5ae2 19     ADD HL,DE      AF=0080 BC=0000 DE=0007 HL=c04e SP=dfa5 P1=020000 vc=15 bI
[021ae3] 5ae3 77     LD (HL),A      AF=0080 BC=0000 DE=0007 HL=c055 SP=dfa5 P1=020000 vc=15 bI
[021ae4] 5ae4 2156C0 LD HL,C056h    AF=0080 BC=0000 DE=0007 HL=c055 SP=dfa5 P1=020000 vc=15 bI
[021ae7] 5ae7 19     ADD HL,DE      AF=0080 BC=0000 DE=0007 HL=c056 SP=dfa5 P1=020000 vc=15 bI
[021ae8] 5ae8 77     LD (HL),A      AF=0080 BC=0000 DE=0007 HL=c05d SP=dfa5 P1=020000 vc=15 bI
[021ae9] 5ae9 215EC0 LD HL,C05Eh    AF=0080 BC=0000 DE=0007 HL=c05d SP=dfa5 P1=020000 vc=15 bI
[021aec] 5aec 19     ADD HL,DE      AF=0080 BC=0000 DE=0007 HL=c05e SP=dfa5 P1=020000 vc=15 bI
[021aed] 5aed 77     LD (HL),A      AF=0080 BC=0000 DE=0007 HL=c065 SP=dfa5 P1=020000 vc=15 bI
[021aee] 5aee 2166C0 LD HL,C066h    AF=0080 BC=0000 DE=0007 HL=c065 SP=dfa5 P1=020000 vc=15 bI
[021af1] 5af1 19     ADD HL,DE      AF=0080 BC=0000 DE=0007 HL=c066 SP=dfa5 P1=020000 vc=15 bI
[021af2] 5af2 77     LD (HL),A      AF=0080 BC=0000 DE=0007 HL=c06d SP=dfa5 P1=020000 vc=15 bI
[021af3] 5af3 216EC0 LD HL,C06Eh    AF=0080 BC=0000 DE=0007 HL=c06d SP=dfa5 P1=020000 vc=15 bI
[021af6] 5af6 19     ADD HL,DE      AF=0080 BC=0000 DE=0007 HL=c06e SP=dfa5 P1=020000 vc=15 bI
[021af7] 5af7 77     LD (HL),A      AF=0080 BC=0000 DE=0007 HL=c075 SP=dfa5 P1=020000 vc=15 bI
[021af8] 5af8 2176C0 LD HL,C076h    AF=0080 BC=0000 DE=0007 HL=c075 SP=dfa5 P1=020000 vc=16 BI
[021afb] 5afb 19     ADD HL,DE      AF=0080 BC=0000 DE=0007 HL=c076 SP=dfa5 P1=020000 vc=16 BI
[021afc] 5afc 77     LD (HL),A      AF=0080 BC=0000 DE=0007 HL=c07d SP=dfa5 P1=020000 vc=16 BI
[021afd] 5afd 217EC0 LD HL,C07Eh    AF=0080 BC=0000 DE=0007 HL=c07d SP=dfa5 P1=020000 vc=16 BI
[021b00] 5b00 19     ADD HL,DE      AF=0080 BC=0000 DE=0007 HL=c07e SP=dfa5 P1=020000 vc=16 BI
[021b01] 5b01 77     LD (HL),A      AF=0080 BC=0000 DE=0007 HL=c085 SP=dfa5 P1=020000 vc=16 BI
[021b02] 5b02 2186C0 LD HL,C086h    AF=0080 BC=0000 DE=0007 HL=c085 SP=dfa5 P1=020000 vc=16 BI
[021b05] 5b05 19     ADD HL,DE      AF=0080 BC=0000 DE=0007 HL=c086 SP=dfa5 P1=020000 vc=16 BI
[021b06] 5b06 77     LD (HL),A      AF=0080 BC=0000 DE=0007 HL=c08d SP=dfa5 P1=020000 vc=16 BI
[021b07] 5b07 218EC0 LD HL,C08Eh    AF=0080 BC=0000 DE=0007 HL=c08d SP=dfa5 P1=020000 vc=16 BI
[021b0a] 5b0a 19     ADD HL,DE      AF=0080 BC=0000 DE=0007 HL=c08e SP=dfa5 P1=020000 vc=16 BI
[021b0b] 5b0b 77     LD (HL),A      AF=0080 BC=0000 DE=0007 HL=c095 SP=dfa5 P1=020000 vc=16 BI
[021b0c] 5b0c 2196C0 LD HL,C096h    AF=0080 BC=0000 DE=0007 HL=c095 SP=dfa5 P1=020000 vc=16 BI
[021b0f] 5b0f 19     ADD HL,DE      AF=0080 BC=0000 DE=0007 HL=c096 SP=dfa5 P1=020000 vc=16 BI
[021b10] 5b10 77     LD (HL),A      AF=0080 BC=0000 DE=0007 HL=c09d SP=dfa5 P1=020000 vc=16 BI
[021b11] 5b11 219EC0 LD HL,C09Eh    AF=0080 BC=0000 DE=0007 HL=c09d SP=dfa5 P1=020000 vc=16 BI
[021b14] 5b14 19     ADD HL,DE      AF=0080 BC=0000 DE=0007 HL=c09e SP=dfa5 P1=020000 vc=16 BI
[021b15] 5b15 77     LD (HL),A      AF=0080 BC=0000 DE=0007 HL=c0a5 SP=dfa5 P1=020000 vc=16 BI
[021b16] 5b16 21A6C0 LD HL,C0A6h    AF=0080 BC=0000 DE=0007 HL=c0a5 SP=dfa5 P1=020000 vc=16 BI
[021b19] 5b19 19     ADD HL,DE      AF=0080 BC=0000 DE=0007 HL=c0a6 SP=dfa5 P1=020000 vc=16 BI
[021b1a] 5b1a 77     LD (HL),A      AF=0080 BC=0000 DE=0007 HL=c0ad SP=dfa5 P1=020000 vc=16 BI
[021b1b] 5b1b 21AEC0 LD HL,C0AEh    AF=0080 BC=0000 DE=0007 HL=c0ad SP=dfa5 P1=020000 vc=16 BI
[021b1e] 5b1e 19     ADD HL,DE      AF=0080 BC=0000 DE=0007 HL=c0ae SP=dfa5 P1=020000 vc=16 BI
[021b1f] 5b1f 77     LD (HL),A      AF=0080 BC=0000 DE=0007 HL=c0b5 SP=dfa5 P1=020000 vc=16 BI
[021b20] 5b20 2136C0 LD HL,C036h    AF=0080 BC=0000 DE=0007 HL=c0b5 SP=dfa5 P1=020000 vc=16 BI
[021b23] 5b23 19     ADD HL,DE      AF=0080 BC=0000 DE=0007 HL=c036 SP=dfa5 P1=020000 vc=16 BI
[021b24] 5b24 77     LD (HL),A      AF=0080 BC=0000 DE=0007 HL=c03d SP=dfa5 P1=020000 vc=16 BI
[021b25] 5b25 3E01   LD A,01h       AF=0080 BC=0000 DE=0007 HL=c03d SP=dfa5 P1=020000 vc=16 bI
[021b27] 5b27 21BEC0 LD HL,C0BEh    AF=0180 BC=0000 DE=0007 HL=c03d SP=dfa5 P1=020000 vc=16 bI
[021b2a] 5b2a 19     ADD HL,DE      AF=0180 BC=0000 DE=0007 HL=c0be SP=dfa5 P1=020000 vc=16 bI
[021b2b] 5b2b 77     LD (HL),A      AF=0180 BC=0000 DE=0007 HL=c0c5 SP=dfa5 P1=020000 vc=16 bI
[021b2c] 5b2c 21B6C0 LD HL,C0B6h    AF=0180 BC=0000 DE=0007 HL=c0c5 SP=dfa5 P1=020000 vc=16 bI
[021b2f] 5b2f 19     ADD HL,DE      AF=0180 BC=0000 DE=0007 HL=c0b6 SP=dfa5 P1=020000 vc=16 bI
[021b30] 5b30 77     LD (HL),A      AF=0180 BC=0000 DE=0007 HL=c0bd SP=dfa5 P1=020000 vc=16 bI
[021b31] 5b31 21C6C0 LD HL,C0C6h    AF=0180 BC=0000 DE=0007 HL=c0bd SP=dfa5 P1=020000 vc=16 bI
[021b34] 5b34 19     ADD HL,DE      AF=0180 BC=0000 DE=0007 HL=c0c6 SP=dfa5 P1=020000 vc=16 bI
[021b35] 5b35 77     LD (HL),A      AF=0180 BC=0000 DE=0007 HL=c0cd SP=dfa5 P1=020000 vc=16 bI
[021b36] 5b36 7B     LD A,E         AF=0180 BC=0000 DE=0007 HL=c0cd SP=dfa5 P1=020000 vc=16 bI
[021b37] 5b37 FE04   CP 04h         AF=0780 BC=0000 DE=0007 HL=c0cd SP=dfa5 P1=020000 vc=16 bI
[021b39] 5b39 C0     RET NZ         AF=0740 BC=0000 DE=0007 HL=c0cd SP=dfa5 P1=020000 vc=16 bI
[0022ce] 22ce F1     POP AF         AF=0740 BC=0000 DE=0007 HL=c0cd SP=dfa7 P1=020000 vc=16 bI
[0022cf] 22cf CD7E3E CALL 3E7Eh     AF=02a0 BC=0000 DE=0007 HL=c0cd SP=dfa9 P1=020000 vc=16 bI
[0022d2] 22d2 C1     POP BC         AF=02a0 BC=0000 DE=0007 HL=c0cd SP=dfa9 P1=008000 vc=17 BI
[0022d3] 22d3 D1     POP DE         AF=02a0 BC=0000 DE=0007 HL=c0cd SP=dfab P1=008000 vc=17 BI
[0022d4] 22d4 E1     POP HL         AF=02a0 BC=0000 DE=0007 HL=c0cd SP=dfad P1=008000 vc=17 BI
[0022d5] 22d5 C9     RET            AF=02a0 BC=0000 DE=0007 HL=c02d SP=dfaf P1=008000 vc=17 BI
[0098c6] 58c6 79     LD A,C         AF=02a0 BC=0000 DE=0007 HL=c02d SP=dfb1 P1=008000 vc=17 BI
[0098c7] 58c7 A7     AND A          AF=00a0 BC=0000 DE=0007 HL=c02d SP=dfb1 P1=008000 vc=17 BI
[0098c8] 58c8 CAD358 JP Z,58D3h     AF=00a0 BC=0000 DE=0007 HL=c02d SP=dfb1 P1=008000 vc=17 BI
[0098d3] 58d3 FA01C0 LD A,(C001h)   AF=00a0 BC=0000 DE=0007 HL=c02d SP=dfb1 P1=008000 vc=17 BI
[0098d6] 58d6 6F     LD L,A         AF=03a0 BC=0000 DE=0007 HL=c02d SP=dfb1 P1=008000 vc=17 BI
[0098d7] 58d7 5F     LD E,A         AF=03a0 BC=0000 DE=0007 HL=c003 SP=dfb1 P1=008000 vc=17 BI
[0098d8] 58d8 2600   LD H,00h       AF=03a0 BC=0000 DE=0003 HL=c003 SP=dfb1 P1=008000 vc=17 BI
[0098da] 58da 54     LD D,H         AF=03a0 BC=0000 DE=0003 HL=0003 SP=dfb1 P1=008000 vc=17 BI
[0098db] 58db 29     ADD HL,HL      AF=03a0 BC=0000 DE=0003 HL=0003 SP=dfb1 P1=008000 vc=17 BI
[0098dc] 58dc 19     ADD HL,DE      AF=0380 BC=0000 DE=0003 HL=0006 SP=dfb1 P1=008000 vc=17 BI
[0098dd] 58dd 110040 LD DE,4000h    AF=0380 BC=0000 DE=0003 HL=0009 SP=dfb1 P1=008000 vc=17 BI
[0098e0] 58e0 19     ADD HL,DE      AF=0380 BC=0000 DE=4000 HL=0009 SP=dfb1 P1=008000 vc=17 BI
[0098e1] 58e1 5D     LD E,L         AF=0380 BC=0000 DE=4000 HL=4009 SP=dfb1 P1=008000 vc=17 BI
[0098e2] 58e2 54     LD D,H         AF=0380 BC=0000 DE=4009 HL=4009 SP=dfb1 P1=008000 vc=17 BI
[0098e3] 58e3 2106C0 LD HL,C006h    AF=0380 BC=0000 DE=4009 HL=4009 SP=dfb1 P1=008000 vc=17 BI
[0098e6] 58e6 1A     LD A,(DE)      AF=0380 BC=0000 DE=4009 HL=c006 SP=dfb1 P1=008000 vc=17 BI
[0098e7] 58e7 47     LD B,A         AF=0780 BC=0000 DE=4009 HL=c006 SP=dfb1 P1=008000 vc=17 BI
[0098e8] 58e8 07     RLCA           AF=0780 BC=0700 DE=4009 HL=c006 SP=dfb1 P1=008000 vc=17 BI
[0098e9] 58e9 07     RLCA           AF=0e00 BC=0700 DE=4009 HL=c006 SP=dfb1 P1=008000 vc=17 BI
[0098ea] 58ea E603   AND 03h        AF=1c00 BC=0700 DE=4009 HL=c006 SP=dfb1 P1=008000 vc=17 BI
[0098ec] 58ec 4F     LD C,A         AF=00a0 BC=0700 DE=4009 HL=c006 SP=dfb1 P1=008000 vc=17 BI
[0098ed] 58ed 78     LD A,B         AF=00a0 BC=0700 DE=4009 HL=c006 SP=dfb1 P1=008000 vc=17 BI
[0098ee] 58ee E60F   AND 0Fh        AF=07a0 BC=0700 DE=4009 HL=c006 SP=dfb1 P1=008000 vc=17 BI
[0098f0] 58f0 41     LD B,C         AF=0720 BC=0700 DE=4009 HL=c006 SP=dfb1 P1=008000 vc=17 BI
[0098f1] 58f1 04     INC B          AF=0720 BC=0000 DE=4009 HL=c006 SP=dfb1 P1=008000 vc=17 BI
[0098f2] 58f2 13     INC DE         AF=0700 BC=0100 DE=4009 HL=c006 SP=dfb1 P1=008000 vc=17 BI
[0098f3] 58f3 0E00   LD C,00h       AF=0700 BC=0100 DE=400a HL=c006 SP=dfb1 P1=008000 vc=17 BI
[0098f5] 58f5 B9     CP C           AF=0700 BC=0100 DE=400a HL=c006 SP=dfb1 P1=008000 vc=17 BI
[0098f6] 58f6 2805   JR Z,58FDh     AF=0740 BC=0100 DE=400a HL=c006 SP=dfb1 P1=008000 vc=17 BI
[0098f8] 58f8 0C     INC C          AF=0740 BC=0100 DE=400a HL=c006 SP=dfb1 P1=008000 vc=17 BI
[0098f9] 58f9 23     INC HL         AF=0700 BC=0101 DE=400a HL=c006 SP=dfb1 P1=008000 vc=17 bI
[0098fa] 58fa 23     INC HL         AF=0700 BC=0101 DE=400a HL=c007 SP=dfb1 P1=008000 vc=17 bI
[0098fb] 58fb 18F8   JR 58F5h       AF=0700 BC=0101 DE=400a HL=c008 SP=dfb1 P1=008000 vc=17 bI
[0098fd] 58fd F5     PUSH AF        AF=07c0 BC=0107 DE=400a HL=c014 SP=dfb1 P1=008000 vc=18 BI
[0098fe] 58fe E5     PUSH HL        AF=07c0 BC=0107 DE=400a HL=c014 SP=dfaf P1=008000 vc=18 BI
[0098ff] 58ff C5     PUSH BC        AF=07c0 BC=0107 DE=400a HL=c014 SP=dfad P1=008000 vc=18 BI
[009900] 5900 0600   LD B,00h       AF=07c0 BC=0107 DE=400a HL=c014 SP=dfab P1=008000 vc=18 BI
[009902] 5902 4F     LD C,A         AF=07c0 BC=0007 DE=400a HL=c014 SP=dfab P1=008000 vc=18 BI
[009903] 5903 FE03   CP 03h         AF=07c0 BC=0007 DE=400a HL=c014 SP=dfab P1=008000 vc=18 BI
[009905] 5905 3806   JR C,590Dh     AF=0740 BC=0007 DE=400a HL=c014 SP=dfab P1=008000 vc=18 BI
[009907] 5907 212EC0 LD HL,C02Eh    AF=0740 BC=0007 DE=400a HL=c014 SP=dfab P1=008000 vc=18 BI
[00990a] 590a 09     ADD HL,BC      AF=0740 BC=0007 DE=400a HL=c02e SP=dfab P1=008000 vc=18 BI
[00990b] 590b CBD6   SET 2,(HL)     AF=0700 BC=0007 DE=400a HL=c035 SP=dfab P1=008000 vc=18 BI
[00990d] 590d C1     POP BC         AF=0700 BC=0007 DE=400a HL=c035 SP=dfab P1=008000 vc=18 BI
[00990e] 590e E1     POP HL         AF=0700 BC=0107 DE=400a HL=c035 SP=dfad P1=008000 vc=18 BI
[00990f] 590f 1A     LD A,(DE)      AF=0700 BC=0107 DE=400a HL=c014 SP=dfaf P1=008000 vc=18 BI
[009910] 5910 22     LDI (HL),A     AF=0500 BC=0107 DE=400a HL=c014 SP=dfaf P1=008000 vc=18 BI
[009911] 5911 13     INC DE         AF=0500 BC=0107 DE=400a HL=c015 SP=dfaf P1=008000 vc=18 bI
[009912] 5912 1A     LD A,(DE)      AF=0500 BC=0107 DE=400b HL=c015 SP=dfaf P1=008000 vc=18 bI
[009913] 5913 22     LDI (HL),A     AF=4300 BC=0107 DE=400b HL=c015 SP=dfaf P1=008000 vc=18 bI
[009914] 5914 13     INC DE         AF=4300 BC=0107 DE=400b HL=c016 SP=dfaf P1=008000 vc=18 bI
[009915] 5915 F1     POP AF         AF=4300 BC=0107 DE=400c HL=c016 SP=dfaf P1=008000 vc=18 bI
[009916] 5916 E5     PUSH HL        AF=07c0 BC=0107 DE=400c HL=c016 SP=dfb1 P1=008000 vc=18 bI
[009917] 5917 C5     PUSH BC        AF=07c0 BC=0107 DE=400c HL=c016 SP=dfaf P1=008000 vc=18 bI
[009918] 5918 0600   LD B,00h       AF=07c0 BC=0107 DE=400c HL=c016 SP=dfad P1=008000 vc=18 bI
[00991a] 591a 4F     LD C,A         AF=07c0 BC=0007 DE=400c HL=c016 SP=dfad P1=008000 vc=18 bI
[00991b] 591b 2126C0 LD HL,C026h    AF=07c0 BC=0007 DE=400c HL=c016 SP=dfad P1=008000 vc=18 bI
[00991e] 591e 09     ADD HL,BC      AF=07c0 BC=0007 DE=400c HL=c026 SP=dfad P1=008000 vc=18 bI
[00991f] 591f FA01C0 LD A,(C001h)   AF=0780 BC=0007 DE=400c HL=c02d SP=dfad P1=008000 vc=18 bI
[009922] 5922 77     LD (HL),A      AF=0380 BC=0007 DE=400c HL=c02d SP=dfad P1=008000 vc=18 bI
[009923] 5923 C1     POP BC         AF=0380 BC=0007 DE=400c HL=c02d SP=dfad P1=008000 vc=18 bI
[009924] 5924 E1     POP HL         AF=0380 BC=0107 DE=400c HL=c02d SP=dfaf P1=008000 vc=18 bI
[009925] 5925 0C     INC C          AF=0380 BC=0107 DE=400c HL=c016 SP=dfb1 P1=008000 vc=18 bI
[009926] 5926 05     DEC B          AF=0300 BC=0108 DE=400c HL=c016 SP=dfb1 P1=008000 vc=18 bI
[009927] 5927 78     LD A,B         AF=03c0 BC=0008 DE=400c HL=c016 SP=dfb1 P1=008000 vc=18 bI
[009928] 5928 A7     AND A          AF=00c0 BC=0008 DE=400c HL=c016 SP=dfb1 P1=008000 vc=18 bI
[009929] 5929 1A     LD A,(DE)      AF=00a0 BC=0008 DE=400c HL=c016 SP=dfb1 P1=008000 vc=18 bI
[00992a] 592a 13     INC DE         AF=07a0 BC=0008 DE=400c HL=c016 SP=dfb1 P1=008000 vc=18 bI
[00992b] 592b 20C8   JR NZ,58F5h    AF=07a0 BC=0008 DE=400d HL=c016 SP=dfb1 P1=008000 vc=18 bI
[00992d] 592d FA01C0 LD A,(C001h)   AF=07a0 BC=0008 DE=400d HL=c016 SP=dfb1 P1=008000 vc=18 bI
[009930] 5930 FE14   CP 14h         AF=03a0 BC=0008 DE=400d HL=c016 SP=dfb1 P1=008000 vc=19 BI
[009932] 5932 3002   JR NC,5936h    AF=0370 BC=0008 DE=400d HL=c016 SP=dfb1 P1=008000 vc=19 BI
[009934] 5934 182A   JR 5960h       AF=0370 BC=0008 DE=400d HL=c016 SP=dfb1 P1=008000 vc=19 BI
[009960] 5960 C9     RET            AF=0370 BC=0008 DE=400d HL=c016 SP=dfb1 P1=008000 vc=19 BI
[0022fd] 22fd 1818   JR 2317h       AF=0370 BC=0008 DE=400d HL=c016 SP=dfb3 P1=008000 vc=19 BI
[002317] 2317 F1     POP AF         AF=0370 BC=0008 DE=400d HL=c016 SP=dfb3 P1=008000 vc=19 BI
[002318] 2318 CD7E3E CALL 3E7Eh     AF=02a0 BC=0008 DE=400d HL=c016 SP=dfb5 P1=008000 vc=19 BI
[00231b] 231b C9     RET            AF=02a0 BC=0008 DE=400d HL=c016 SP=dfb5 P1=008000 vc=19 BI
[0094b3] 54b3 C1     POP BC         AF=02a0 BC=0008 DE=400d HL=c016 SP=dfb7 P1=008000 vc=19 BI
[0094b4] 54b4 D1     POP DE         AF=02a0 BC=0003 DE=400d HL=c016 SP=dfb9 P1=008000 vc=19 BI
[009511] 5511 E1     POP HL         AF=0f20 BC=0003 DE=0f00 HL=c031 SP=dfb9 P1=008000 vc=21 BI
[009512] 5512 C9     RET            AF=0f20 BC=0003 DE=0f00 HL=01a0 SP=dfbb P1=008000 vc=21 bI
[009421] 5421 79     LD A,C         AF=20c0 BC=0007 DE=2020 HL=c015 SP=dfbb P1=008000 vc=24 BI
[009422] 5422 FE03   CP 03h         AF=07c0 BC=0007 DE=2020 HL=c015 SP=dfbb P1=008000 vc=24 BI
[009424] 5424 3844   JR C,546Ah     AF=0740 BC=0007 DE=2020 HL=c015 SP=dfbb P1=008000 vc=24 BI
[009426] 5426 0600   LD B,00h       AF=0740 BC=0007 DE=2020 HL=c015 SP=dfbb P1=008000 vc=24 bI
[009428] 5428 2136C0 LD HL,C036h    AF=0740 BC=0007 DE=2020 HL=c015 SP=dfbb P1=008000 vc=24 bI
[00942b] 542b 09     ADD HL,BC      AF=0740 BC=0007 DE=2020 HL=c036 SP=dfbb P1=008000 vc=24 bI
[00942c] 542c CB46   BIT 0,(HL)     AF=0700 BC=0007 DE=2020 HL=c03d SP=dfbb P1=008000 vc=24 bI
[00942e] 542e 203A   JR NZ,546Ah    AF=07a0 BC=0007 DE=2020 HL=c03d SP=dfbb P1=008000 vc=24 bI
[009430] 5430 CDB554 CALL 54B5h     AF=07a0 BC=0007 DE=2020 HL=c03d SP=dfbb P1=008000 vc=24 bI
[0094d6] 54d6 1601   LD D,01h       AF=0740 BC=0007 DE=0002 HL=0001 SP=dfb7 P1=008000 vc=25 BI
[0094d8] 54d8 1E00   LD E,00h       AF=0740 BC=0007 DE=0102 HL=0001 SP=dfb7 P1=008000 vc=25 BI
[0094da] 54da FE07   CP 07h         AF=0740 BC=0007 DE=0100 HL=0001 SP=dfb7 P1=008000 vc=25 BI
[0094dc] 54dc 280B   JR Z,54E9h     AF=07c0 BC=0007 DE=0100 HL=0001 SP=dfb7 P1=008000 vc=25 BI
[009433] 5433 57     LD D,A         AF=0120 BC=0007 DE=0100 HL=20a0 SP=dfbb P1=008000 vc=25 bI
[009434] 5434 0600   LD B,00h       AF=0120 BC=0007 DE=0100 HL=20a0 SP=dfbb P1=008000 vc=25 bI
[009436] 5436 213EC0 LD HL,C03Eh    AF=0120 BC=0007 DE=0100 HL=20a0 SP=dfbb P1=008000 vc=25 bI
[009439] 5439 09     ADD HL,BC      AF=0120 BC=0007 DE=0100 HL=c03e SP=dfbb P1=008000 vc=26 BI
[00943a] 543a 7E     LD A,(HL)      AF=0100 BC=0007 DE=0100 HL=c045 SP=dfbb P1=008000 vc=26 BI
[00943b] 543b B2     OR D           AF=0000 BC=0007 DE=0100 HL=c045 SP=dfbb P1=008000 vc=26 BI
[00943c] 543c 57     LD D,A         AF=0100 BC=0007 DE=0100 HL=c045 SP=dfbb P1=008000 vc=26 BI
[00943d] 543d 0601   LD B,01h       AF=0100 BC=0007 DE=0100 HL=c045 SP=dfbb P1=008000 vc=26 BI
[00943f] 543f CD1058 CALL 5810h     AF=0100 BC=0107 DE=0100 HL=c045 SP=dfbb P1=008000 vc=26 BI
[009442] 5442 72     LD (HL),D      AF=2020 BC=0107 DE=0100 HL=ff20 SP=dfbb P1=008000 vc=26 BI
[009443] 5443 CD0C58 CALL 580Ch     AF=2020 BC=0107 DE=0100 HL=ff20 SP=dfbb P1=008000 vc=26 BI
[009446] 5446 57     LD D,A         AF=a120 BC=0107 DE=43a1 HL=c015 SP=dfbb P1=008000 vc=27 BI
[009447] 5447 0602   LD B,02h       AF=a120 BC=0107 DE=a1a1 HL=c015 SP=dfbb P1=008000 vc=27 BI
[009449] 5449 CD1058 CALL 5810h     AF=a120 BC=0207 DE=a1a1 HL=c015 SP=dfbb P1=008000 vc=27 BI
[00944c] 544c 72     LD (HL),D      AF=2120 BC=0207 DE=a1a1 HL=ff21 SP=dfbb P1=008000 vc=27 BI
[00944d] 544d CD0C58 CALL 580Ch     AF=2120 BC=0207 DE=a1a1 HL=ff21 SP=dfbb P1=008000 vc=27 BI
[009450] 5450 5F     LD E,A         AF=3320 BC=0207 DE=4333 HL=c015 SP=dfbb P1=008000 vc=28 BI
[009451] 5451 79     LD A,C         AF=3320 BC=0207 DE=4333 HL=c015 SP=dfbb P1=008000 vc=28 BI
[009452] 5452 FE07   CP 07h         AF=0720 BC=0207 DE=4333 HL=c015 SP=dfbb P1=008000 vc=28 BI
[009454] 5454 3E00   LD A,00h       AF=07c0 BC=0207 DE=4333 HL=c015 SP=dfbb P1=008000 vc=28 BI
[009456] 5456 2805   JR Z,545Dh     AF=00c0 BC=0207 DE=4333 HL=c015 SP=dfbb P1=008000 vc=28 BI
[00945d] 545d 57     LD D,A         AF=00c0 BC=0207 DE=4333 HL=c015 SP=dfbb P1=008000 vc=28 BI
[00945e] 545e D5     PUSH DE        AF=00c0 BC=0207 DE=0033 HL=c015 SP=dfbb P1=008000 vc=28 BI
[00945f] 545f CDD455 CALL 55D4h     AF=00c0 BC=0207 DE=0033 HL=c015 SP=dfb9 P1=008000 vc=28 BI
[009462] 5462 CDA355 CALL 55A3h     AF=2020 BC=0107 DE=0133 HL=ff20 SP=dfb9 P1=008000 vc=29 BI
[009465] 5465 D1     POP DE         AF=bb00 BC=0007 DE=bb33 HL=5971 SP=dfb9 P1=008000 vc=30 BI
[009466] 5466 CDF655 CALL 55F6h     AF=bb00 BC=0007 DE=0033 HL=5971 SP=dfbb P1=008000 vc=30 BI
[00963f] 563f CD7C56 CALL 567Ch     AF=0740 BC=0307 DE=8033 HL=ff23 SP=dfb9 P1=008000 vc=30 bI
[00967c] 567c CDAF56 CALL 56AFh     AF=0740 BC=0307 DE=8033 HL=ff23 SP=dfb7 P1=008000 vc=30 bI
[0096af] 56af FA2AC0 LD A,(C02Ah)   AF=0740 BC=0307 DE=8033 HL=ff23 SP=dfb5 P1=008000 vc=30 bI
[0096b2] 56b2 FE14   CP 14h         AF=0040 BC=0307 DE=8033 HL=ff23 SP=dfb5 P1=008000 vc=30 bI
[0096b4] 56b4 3002   JR NC,56B8h    AF=0070 BC=0307 DE=8033 HL=ff23 SP=dfb5 P1=008000 vc=30 bI
[0096b6] 56b6 1806   JR 56BEh       AF=0070 BC=0307 DE=8033 HL=ff23 SP=dfb5 P1=008000 vc=30 bI
[0096be] 56be 37     SCF            AF=0070 BC=0307 DE=8033 HL=ff23 SP=dfb5 P1=008000 vc=30 bI
[0096bf] 56bf 3F     CCF            AF=0010 BC=0307 DE=8033 HL=ff23 SP=dfb5 P1=008000 vc=30 bI
[0096c0] 56c0 C9     RET            AF=0000 BC=0307 DE=8033 HL=ff23 SP=dfb5 P1=008000 vc=30 bI
[00967f] 567f 3804   JR C,5685h     AF=0000 BC=0307 DE=8033 HL=ff23 SP=dfb7 P1=008000 vc=30 bI
[009681] 5681 CDC356 CALL 56C3h     AF=0000 BC=0307 DE=8033 HL=ff23 SP=dfb7 P1=008000 vc=30 bI
[0096c3] 56c3 FAEFC0 LD A,(C0EFh)   AF=0000 BC=0307 DE=8033 HL=ff23 SP=dfb5 P1=008000 vc=31 BI
[0096c6] 56c6 FE08   CP 08h         AF=0200 BC=0307 DE=8033 HL=ff23 SP=dfb5 P1=008000 vc=31 BI
[0096c8] 56c8 2012   JR NZ,56DCh    AF=0270 BC=0307 DE=8033 HL=ff23 SP=dfb5 P1=008000 vc=31 BI
[0096dc] 56dc A7     AND A          AF=0270 BC=0307 DE=8033 HL=ff23 SP=dfb5 P1=008000 vc=31 BI
[0096dd] 56dd C9     RET            AF=0220 BC=0307 DE=8033 HL=ff23 SP=dfb5 P1=008000 vc=31 BI
[009684] 5684 D0     RET NC         AF=0220 BC=0307 DE=8033 HL=ff23 SP=dfb7 P1=008000 vc=31 BI
[009469] 5469 C9     RET            AF=0220 BC=0307 DE=8033 HL=ff23 SP=dfbb P1=008000 vc=31 BI
[0090ed] 50ed C9     RET            AF=0320 BC=0003 DE=117f HL=c02d SP=dfbf P1=008000 vc=6 bI
[009199] 5199 0600   LD B,00h       AF=ffc0 BC=0007 DE=ffff HL=c015 SP=dfbd P1=008000 vc=8 bI
[00919b] 519b 212EC0 LD HL,C02Eh    AF=ffc0 BC=0007 DE=ffff HL=c015 SP=dfbd P1=008000 vc=8 bI
[00919e] 519e 09     ADD HL,BC      AF=ffc0 BC=0007 DE=ffff HL=c02e SP=dfbd P1=008000 vc=8 bI
[00919f] 519f CB4E   BIT 1,(HL)     AF=ff80 BC=0007 DE=ffff HL=c035 SP=dfbd P1=008000 vc=8 bI
[0091a1] 51a1 202B   JR NZ,51CEh    AF=ffa0 BC=0007 DE=ffff HL=c035 SP=dfbd P1=008000 vc=8 bI
[0091a3] 51a3 79     LD A,C         AF=ffa0 BC=0007 DE=ffff HL=c035 SP=dfbd P1=008000 vc=8 bI
[0091a4] 51a4 FE03   CP 03h         AF=07a0 BC=0007 DE=ffff HL=c035 SP=dfbd P1=008000 vc=8 bI
[0091a6] 51a6 3002   JR NC,51AAh    AF=0740 BC=0007 DE=ffff HL=c035 SP=dfbd P1=008000 vc=8 bI
[0091aa] 51aa CB96   RES 2,(HL)     AF=0740 BC=0007 DE=ffff HL=c035 SP=dfbd P1=008000 vc=8 bI
[0091ac] 51ac 2136C0 LD HL,C036h    AF=0740 BC=0007 DE=ffff HL=c035 SP=dfbd P1=008000 vc=8 bI
[0091af] 51af 09     ADD HL,BC      AF=0740 BC=0007 DE=ffff HL=c036 SP=dfbd P1=008000 vc=8 bI
[0091b0] 51b0 CB86   RES 0,(HL)     AF=0700 BC=0007 DE=ffff HL=c03d SP=dfbd P1=008000 vc=8 bI
[0091b2] 51b2 FE06   CP 06h         AF=0700 BC=0007 DE=ffff HL=c03d SP=dfbd P1=008000 vc=9 BI
[0091b4] 51b4 2008   JR NZ,51BEh    AF=0740 BC=0007 DE=ffff HL=c03d SP=dfbd P1=008000 vc=9 BI
[0091be] 51be 200C   JR NZ,51CCh    AF=0740 BC=0007 DE=ffff HL=c03d SP=dfbd P1=008000 vc=9 BI
[0091cc] 51cc 1824   JR 51F2h       AF=0740 BC=0007 DE=ffff HL=c03d SP=dfbd P1=008000 vc=9 BI
[0091f2] 51f2 FA2AC0 LD A,(C02Ah)   AF=0740 BC=0007 DE=ffff HL=c03d SP=dfbd P1=008000 vc=9 BI
[0091f5] 51f5 FE14   CP 14h         AF=0040 BC=0007 DE=ffff HL=c03d SP=dfbd P1=008000 vc=9 BI
[0091f7] 51f7 3002   JR NC,51FBh    AF=0070 BC=0007 DE=ffff HL=c03d SP=dfbd P1=008000 vc=9 BI
[0091f9] 51f9 181D   JR 5218h       AF=0070 BC=0007 DE=ffff HL=c03d SP=dfbd P1=008000 vc=9 BI
[009218] 5218 2126C0 LD HL,C026h    AF=0070 BC=0007 DE=ffff HL=c03d SP=dfbd P1=008000 vc=9 BI
[00921b] 521b 09     ADD HL,BC      AF=0070 BC=0007 DE=ffff HL=c026 SP=dfbd P1=008000 vc=9 BI
[00921c] 521c 70     LD (HL),B      AF=0000 BC=0007 DE=ffff HL=c02d SP=dfbd P1=008000 vc=9 BI
[00921d] 521d C9     RET            AF=0000 BC=0007 DE=ffff HL=c02d SP=dfbd P1=008000 vc=9 BI
[009148] 5148 CB9E   RES 3,(HL)     AF=6620 BC=0001 DE=116b HL=c02f SP=dfbb P1=008000 vc=5 BI
[00914a] 514a 7A     LD A,D         AF=6620 BC=0001 DE=116b HL=c02f SP=dfbb P1=008000 vc=5 BI
[00914b] 514b E60F   AND 0Fh        AF=1120 BC=0001 DE=116b HL=c02f SP=dfbb P1=008000 vc=5 BI
[00914d] 514d 57     LD D,A         AF=0120 BC=0001 DE=116b HL=c02f SP=dfbb P1=008000 vc=5 BI
[00914e] 514e 7B     LD A,E         AF=0120 BC=0001 DE=016b HL=c02f SP=dfbb P1=008000 vc=5 BI
[00914f] 514f 92     SUB D          AF=6b20 BC=0001 DE=016b HL=c02f SP=dfbb P1=008000 vc=5 BI
[009150] 5150 3002   JR NC,5154h    AF=6a40 BC=0001 DE=016b HL=c02f SP=dfbb P1=008000 vc=5 BI
[009154] 5154 180C   JR 5162h       AF=6a40 BC=0001 DE=016b HL=c02f SP=dfbb P1=008000 vc=5 BI
[003c04] 3c04 3E7F   LD A,7Fh       AF=00c0 BC=eeee DE=3ed2 HL=c4f2 SP=dfcd P1=0a0000 vc=85 bI
[003c06] 3c06 77     LD (HL),A      AF=7fc0 BC=eeee DE=3ed2 HL=c4f2 SP=dfcd P1=0a0000 vc=85 bI
[003c07] 3c07 3EFF   LD A,FFh       AF=7fc0 BC=eeee DE=3ed2 HL=c4f2 SP=dfcd P1=0a0000 vc=85 bI
[003c09] 3c09 E08B   LD (FF8Bh),A   AF=ffc0 BC=eeee DE=3ed2 HL=c4f2 SP=dfcd P1=0a0000 vc=85 bI
[003c0b] 3c0b 3E06   LD A,06h       AF=ffc0 BC=eeee DE=3ed2 HL=c4f2 SP=dfcd P1=0a0000 vc=85 bI
[003c0d] 3c0d E08C   LD (FF8Ch),A   AF=06c0 BC=eeee DE=3ed2 HL=c4f2 SP=dfcd P1=0a0000 vc=85 bI
[003c0f] 3c0f C9     RET            AF=06c0 BC=eeee DE=3ed2 HL=c4f2 SP=dfcd P1=0a0000 vc=85 bI
[003c10] 3c10 F08B   LD A,(FF8Bh)   AF=ee60 BC=7fee DE=3ed2 HL=c4f2 SP=dfcd P1=0a0000 vc=89 BI
[003c12] 3c12 A7     AND A          AF=ff60 BC=7fee DE=3ed2 HL=c4f2 SP=dfcd P1=0a0000 vc=89 BI
[003c13] 3c13 C8     RET Z          AF=ff20 BC=7fee DE=3ed2 HL=c4f2 SP=dfcd P1=0a0000 vc=89 BI
[003c14] 3c14 3D     DEC A          AF=ff20 BC=7fee DE=3ed2 HL=c4f2 SP=dfcd P1=0a0000 vc=89 BI
[003c15] 3c15 E08B   LD (FF8Bh),A   AF=fe40 BC=7fee DE=3ed2 HL=c4f2 SP=dfcd P1=0a0000 vc=89 BI
[003c17] 3c17 C0     RET NZ         AF=fe40 BC=7fee DE=3ed2 HL=c4f2 SP=dfcd P1=0a0000 vc=89 BI
[0095ff] 55ff D5     PUSH DE        AF=02c0 BC=0002 DE=0589 HL=c068 SP=dfb9 P1=008000 vc=28 BI
[009600] 5600 11E6C0 LD DE,C0E6h    AF=02c0 BC=0002 DE=0589 HL=c068 SP=dfb7 P1=008000 vc=28 BI
[009603] 5603 FE02   CP 02h         AF=02c0 BC=0002 DE=c0e6 HL=c068 SP=dfb7 P1=008000 vc=28 BI
[009605] 5605 2803   JR Z,560Ah     AF=02c0 BC=0002 DE=c0e6 HL=c068 SP=dfb7 P1=008000 vc=28 BI
[00960a] 560a 1A     LD A,(DE)      AF=02c0 BC=0002 DE=c0e6 HL=c068 SP=dfb7 P1=008000 vc=28 BI
[00960b] 560b 87     ADD A,A        AF=01c0 BC=0002 DE=c0e6 HL=c068 SP=dfb7 P1=008000 vc=28 BI
[00960c] 560c 1600   LD D,00h       AF=0200 BC=0002 DE=c0e6 HL=c068 SP=dfb7 P1=008000 vc=28 BI
[00960e] 560e 5F     LD E,A         AF=0200 BC=0002 DE=00e6 HL=c068 SP=dfb7 P1=008000 vc=28 BI
[00960f] 560f 21165A LD HL,5A16h    AF=0200 BC=0002 DE=0002 HL=c068 SP=dfb7 P1=008000 vc=28 BI
[009612] 5612 19     ADD HL,DE      AF=0200 BC=0002 DE=0002 HL=5a16 SP=dfb7 P1=008000 vc=28 BI
[009613] 5613 5E     LD E,(HL)      AF=0200 BC=0002 DE=0002 HL=5a18 SP=dfb7 P1=008000 vc=28 BI
[009614] 5614 23     INC HL         AF=0200 BC=0002 DE=0036 HL=5a18 SP=dfb7 P1=008000 vc=28 BI
[009615] 5615 56     LD D,(HL)      AF=0200 BC=0002 DE=0036 HL=5a19 SP=dfb7 P1=008000 vc=28 BI
[009616] 5616 2130FF LD HL,FF30h    AF=0200 BC=0002 DE=5a36 HL=5a19 SP=dfb7 P1=008000 vc=28 BI
[009619] 5619 060F   LD B,0Fh       AF=0200 BC=0002 DE=5a36 HL=ff30 SP=dfb7 P1=008000 vc=28 BI
[00961b] 561b 3E00   LD A,00h       AF=0200 BC=0f02 DE=5a36 HL=ff30 SP=dfb7 P1=008000 vc=28 BI
[00961d] 561d E01A   LD (FF1Ah),A   AF=0000 BC=0f02 DE=5a36 HL=ff30 SP=dfb7 P1=008000 vc=28 BI
[00961f] 561f 1A     LD A,(DE)      AF=0000 BC=0f02 DE=5a36 HL=ff30 SP=dfb7 P1=008000 vc=28 BI
[009620] 5620 13     INC DE         AF=0200 BC=0f02 DE=5a36 HL=ff30 SP=dfb7 P1=008000 vc=28 BI
[009621] 5621 22     LDI (HL),A     AF=0200 BC=0f02 DE=5a37 HL=ff30 SP=dfb7 P1=008000 vc=28 BI
[009622] 5622 78     LD A,B         AF=0200 BC=0f02 DE=5a37 HL=ff31 SP=dfb7 P1=008000 vc=28 BI
[009623] 5623 05     DEC B          AF=0f00 BC=0f02 DE=5a37 HL=ff31 SP=dfb7 P1=008000 vc=28 BI
[009624] 5624 A7     AND A          AF=0f40 BC=0e02 DE=5a37 HL=ff31 SP=dfb7 P1=008000 vc=28 BI
[009625] 5625 20F8   JR NZ,561Fh    AF=0f20 BC=0e02 DE=5a37 HL=ff31 SP=dfb7 P1=008000 vc=28 BI
[009627] 5627 3E80   LD A,80h       AF=00a0 BC=ff02 DE=5a46 HL=ff40 SP=dfb7 P1=008000 vc=30 BI
[009629] 5629 E01A   LD (FF1Ah),A   AF=80a0 BC=ff02 DE=5a46 HL=ff40 SP=dfb7 P1=008000 vc=30 BI
[00962b] 562b D1     POP DE         AF=80a0 BC=ff02 DE=5a46 HL=ff40 SP=dfb7 P1=008000 vc=30 BI
[003c18] 3c18 3D     DEC A          AF=00c0 BC=7fee DE=3ed2 HL=c4f2 SP=dfcd P1=0a0000 vc=33 BI
[003c19] 3c19 E08B   LD (FF8Bh),A   AF=ff60 BC=7fee DE=3ed2 HL=c4f2 SP=dfcd P1=0a0000 vc=33 BI
[003c1b] 3c1b F08C   LD A,(FF8Ch)   AF=ff60 BC=7fee DE=3ed2 HL=c4f2 SP=dfcd P1=0a0000 vc=33 BI
[003c1d] 3c1d 3D     DEC A          AF=0660 BC=7fee DE=3ed2 HL=c4f2 SP=dfcd P1=0a0000 vc=33 BI
[003c1e] 3c1e E08C   LD (FF8Ch),A   AF=0540 BC=7fee DE=3ed2 HL=c4f2 SP=dfcd P1=0a0000 vc=33 BI
[003c20] 3c20 C0     RET NZ         AF=0540 BC=7fee DE=3ed2 HL=c4f2 SP=dfcd P1=0a0000 vc=33 BI
[009492] 5492 3021   JR NC,54B5h    AF=c040 BC=0003 DE=c1c1 HL=c00d SP=dfbd P1=008000 vc=12 bI
[009295] 5295 7A     LD A,D         AF=d0c0 BC=0003 DE=d8d8 HL=c00d SP=dfb9 P1=008000 vc=32 bI
[009296] 5296 E60F   AND 0Fh        AF=d8c0 BC=0003 DE=d8d8 HL=c00d SP=dfb9 P1=008000 vc=32 bI
[009298] 5298 0600   LD B,00h       AF=0820 BC=0003 DE=d8d8 HL=c00d SP=dfb9 P1=008000 vc=32 bI
[00929a] 529a 21C6C0 LD HL,C0C6h    AF=0820 BC=0003 DE=d8d8 HL=c00d SP=dfb9 P1=008000 vc=32 bI
[00929d] 529d 09     ADD HL,BC      AF=0820 BC=0003 DE=d8d8 HL=c0c6 SP=dfb9 P1=008000 vc=32 bI
[00929e] 529e 77     LD (HL),A      AF=0800 BC=0003 DE=d8d8 HL=c0c9 SP=dfb9 P1=008000 vc=32 bI
[00929f] 529f 79     LD A,C         AF=0800 BC=0003 DE=d8d8 HL=c0c9 SP=dfb9 P1=008000 vc=32 bI
[0092a0] 52a0 FE03   CP 03h         AF=0300 BC=0003 DE=d8d8 HL=c0c9 SP=dfb9 P1=008000 vc=32 bI
[0092a2] 52a2 2826   JR Z,52CAh     AF=03c0 BC=0003 DE=d8d8 HL=c0c9 SP=dfb9 P1=008000 vc=32 bI
[0092ca] 52ca C39051 JP 5190h       AF=03c0 BC=0003 DE=d8d8 HL=c0c9 SP=dfb9 P1=008000 vc=32 bI
[001f64] 1f64 FA2FD7 LD A,(D72Fh)   AF=00a0 BC=00ee DE=7f7f HL=dfc3 SP=dfc1 P1=004000 vc=0 bI
[001f67] 1f67 CB8F   RES 1,A        AF=00a0 BC=00ee DE=7f7f HL=dfc3 SP=dfc1 P1=004000 vc=0 bI
[001f69] 1f69 CB97   RES 2,A        AF=00a0 BC=00ee DE=7f7f HL=dfc3 SP=dfc1 P1=004000 vc=0 bI
[001f6b] 1f6b CB6F   BIT 5,A        AF=00a0 BC=00ee DE=7f7f HL=dfc3 SP=dfc1 P1=004000 vc=0 bI
[001f6d] 1f6d CBAF   RES 5,A        AF=00a0 BC=00ee DE=7f7f HL=dfc3 SP=dfc1 P1=004000 vc=0 bI
[001f6f] 1f6f EA2FD7 LD (D72Fh),A   AF=00a0 BC=00ee DE=7f7f HL=dfc3 SP=dfc1 P1=004000 vc=0 bI
[001f72] 1f72 C8     RET Z          AF=00a0 BC=00ee DE=7f7f HL=dfc3 SP=dfc1 P1=004000 vc=0 bI
[001f5a] 1f5a 3EFF   LD A,FFh       AF=00a0 BC=00ee DE=7f7f HL=dfbd SP=dfbb P1=004000 vc=0 bI
[001f5c] 1f5c 1801   JR 1F5Fh       AF=ffa0 BC=00ee DE=7f7f HL=dfbd SP=dfbb P1=004000 vc=0 bI
[003c21] 3c21 3E06   LD A,06h       AF=00c0 BC=7fee DE=3ed2 HL=c4f2 SP=dfcd P1=0a0000 vc=23 bI
[003c23] 3c23 E08C   LD (FF8Ch),A   AF=06c0 BC=7fee DE=3ed2 HL=c4f2 SP=dfcd P1=0a0000 vc=23 bI
[003c25] 3c25 3EEE   LD A,EEh       AF=06c0 BC=7fee DE=3ed2 HL=c4f2 SP=dfcd P1=0a0000 vc=23 bI
[003c27] 3c27 77     LD (HL),A      AF=eec0 BC=7fee DE=3ed2 HL=c4f2 SP=dfcd P1=0a0000 vc=23 bI
[003c28] 3c28 C9     RET            AF=eec0 BC=7fee DE=3ed2 HL=c4f2 SP=dfcd P1=0a0000 vc=23 bI
[009410] 5410 21D6C0 LD HL,C0D6h    AF=e0c0 BC=0000 DE=e4e4 HL=c007 SP=dfbb P1=008000 vc=4 bI
[009413] 5413 0600   LD B,00h       AF=e0c0 BC=0000 DE=e4e4 HL=c0d6 SP=dfbb P1=008000 vc=4 bI
[009415] 5415 09     ADD HL,BC      AF=e0c0 BC=0000 DE=e4e4 HL=c0d6 SP=dfbb P1=008000 vc=4 bI
[009416] 5416 7A     LD A,D         AF=e080 BC=0000 DE=e4e4 HL=c0d6 SP=dfbb P1=008000 vc=4 bI
[009417] 5417 E60F   AND 0Fh        AF=e480 BC=0000 DE=e4e4 HL=c0d6 SP=dfbb P1=008000 vc=4 bI
[009419] 5419 77     LD (HL),A      AF=0420 BC=0000 DE=e4e4 HL=c0d6 SP=dfbb P1=008000 vc=4 bI
[00941a] 541a C39051 JP 5190h       AF=0420 BC=0000 DE=e4e4 HL=c0d6 SP=dfbb P1=008000 vc=4 bI

TRACE STOPPED

